#{"solver": {"engine": {"type": "ExactEngine"}, "semiring": "GraphSemiring"}, "networks": [{"name": "sudoku_net", "module": "Sudoku_Net(\n  (conv1): Conv2d(1, 32, kernel_size=(4, 4), stride=(1, 1))\n  (conv1_bn): BatchNorm2d(32, eps=1e-05, momentum=0.1, affine=True, track_running_stats=True)\n  (dropout1): Dropout(p=0.25, inplace=False)\n  (conv2): Conv2d(32, 64, kernel_size=(3, 3), stride=(2, 2))\n  (conv2_bn): BatchNorm2d(64, eps=1e-05, momentum=0.1, affine=True, track_running_stats=True)\n  (dropout2): Dropout(p=0.25, inplace=False)\n  (conv3): Conv2d(64, 128, kernel_size=(3, 3), stride=(2, 2))\n  (conv3_bn): BatchNorm2d(128, eps=1e-05, momentum=0.1, affine=True, track_running_stats=True)\n  (dropout3): Dropout(p=0.25, inplace=False)\n  (conv4): Conv2d(128, 256, kernel_size=(3, 3), stride=(1, 1))\n  (conv4_bn): BatchNorm2d(256, eps=1e-05, momentum=0.1, affine=True, track_running_stats=True)\n  (dropout4): Dropout(p=0.25, inplace=False)\n  (conv5): Conv2d(256, 512, kernel_size=(3, 3), stride=(1, 1))\n  (conv5_bn): BatchNorm2d(512, eps=1e-05, momentum=0.1, affine=True, track_running_stats=True)\n  (dropout5): Dropout(p=0.25, inplace=False)\n  (maxpool): MaxPool2d(kernel_size=6, stride=6, padding=0, dilation=1, ceil_mode=False)\n  (adaptive_avg_pool): AdaptiveAvgPool2d(output_size=(9, 9))\n  (conv1x1_1): Conv2d(512, 4, kernel_size=(1, 1), stride=(1, 1))\n  (conv1x1_2): Conv2d(512, 512, kernel_size=(1, 1), stride=(1, 1))\n  (conv1x1_3): Conv2d(512, 10, kernel_size=(1, 1), stride=(1, 1))\n  (fc1): Linear(in_features=41472, out_features=810, bias=True)\n)", "optimizer": "Adam (\nParameter Group 0\n    amsgrad: False\n    betas: (0.9, 0.999)\n    capturable: False\n    differentiable: False\n    eps: 1e-08\n    foreach: None\n    fused: None\n    lr: 0.001\n    maximize: False\n    weight_decay: 0\n)", "k": null}], "program": ":- use_module(library(lists)).\n:- use_module(library(apply)).\nnn(sudoku_net,[X, R, C],Y,[0, 1, 2, 3])::digit(X,R,C,Y).\ncreateFake2x3(X,[[D1, D2, D3], [D4, D5, D6]]) :- digit(X,1,1,D1), digit(X,1,2,D2), digit(X,1,3,D3), digit(X,2,1,D4), digit(X,2,2,D5), digit(X,2,3,D6).\ngiveRightNumber(0,_).\ngiveRightNumber(FH,FH).\nrealColumns([],[]).\nrealColumns(FakeCol,Col) :- FakeCol=[FH | FT], Col=[H | T], giveRightNumber(FH,H), realColumns(FT,T).\nrealRows([],[]).\nrealRows(FakeRows,Rows) :- FakeRows=[FH | FT], Rows=[H | T], realColumns(FH,H), realRows(FT,T).\ninList(X,[X | _]).\ninList(X,[_ | Tail]) :- inList(X,Tail).\nlistInList([],_).\nlistInList([H | T],L) :- inList(H,L), listInList(T,L).\nallDiff([]).\nallDiff([X | Tail]) :- \\+inList(X,Tail), allDiff(Tail).\ntranspose([[] | _],[]).\ntranspose(Matrix,[Row | Rows]) :- transpose_1st_col(Matrix,Row,RestMatrix), transpose(RestMatrix,Rows).\ntranspose_1st_col([],[],[]).\ntranspose_1st_col([[H | T] | Rows],[H | Hs],[T | Ts]) :- transpose_1st_col(Rows,Hs,Ts).\nsolve2x3_both(X,Label) :- createFake2x3(X,Fake), realRows(Fake,Rows), maplist(listInList([1, 2, 3]),Rows), maplist(allDiff,Rows), transpose(Rows,Columns), maplist(allDiff,Columns), label_empty(Label,Fake), label_compl(Label,Rows).\nsolve2x3_empty(X,Label) :- createFake2x3(X,Fake), realRows(Fake,Rows), maplist(listInList([1, 2, 3]),Rows), maplist(allDiff,Rows), transpose(Rows,Columns), maplist(allDiff,Columns), label_empty(Label,Fake).\nsolve2x3_compl(X,Label) :- createFake2x3(X,Fake), realRows(Fake,Rows), maplist(listInList([1, 2, 3]),Rows), maplist(allDiff,Rows), transpose(Rows,Columns), maplist(allDiff,Columns), label_compl(Label,Rows).\nlabel_empty(1,L) :- L=[[1, 0, 0], [0, 1, 2]].\nlabel_empty(2,L) :- L=[[1, 0, 0], [0, 3, 1]].\nlabel_empty(3,L) :- L=[[1, 0, 0], [0, 1, 3]].\nlabel_empty(4,L) :- L=[[1, 0, 0], [0, 2, 1]].\nlabel_empty(5,L) :- L=[[2, 0, 0], [0, 3, 2]].\nlabel_empty(6,L) :- L=[[2, 0, 0], [0, 2, 1]].\nlabel_empty(7,L) :- L=[[3, 0, 0], [0, 2, 3]].\nlabel_empty(8,L) :- L=[[3, 0, 0], [0, 3, 1]].\nlabel_empty(9,L) :- L=[[2, 0, 0], [0, 2, 3]].\nlabel_empty(10,L) :- L=[[2, 0, 0], [0, 1, 2]].\nlabel_empty(11,L) :- L=[[3, 0, 0], [0, 3, 2]].\nlabel_empty(12,L) :- L=[[3, 0, 0], [0, 1, 3]].\nlabel_empty(13,L) :- L=[[0, 2, 3], [0, 0, 2]].\nlabel_empty(14,L) :- L=[[0, 2, 3], [0, 0, 1]].\nlabel_empty(15,L) :- L=[[0, 3, 2], [0, 0, 3]].\nlabel_empty(16,L) :- L=[[0, 3, 2], [0, 0, 1]].\nlabel_empty(17,L) :- L=[[0, 1, 3], [0, 0, 2]].\nlabel_empty(18,L) :- L=[[0, 1, 3], [0, 0, 1]].\nlabel_empty(19,L) :- L=[[0, 1, 2], [0, 0, 3]].\nlabel_empty(20,L) :- L=[[0, 1, 2], [0, 0, 1]].\nlabel_empty(21,L) :- L=[[0, 3, 1], [0, 0, 3]].\nlabel_empty(22,L) :- L=[[0, 3, 1], [0, 0, 2]].\nlabel_empty(23,L) :- L=[[0, 2, 1], [0, 0, 2]].\nlabel_empty(24,L) :- L=[[0, 2, 1], [0, 0, 3]].\nlabel_empty(25,L) :- L=[[0, 0, 3], [3, 1, 0]].\nlabel_empty(26,L) :- L=[[0, 0, 3], [2, 3, 0]].\nlabel_empty(27,L) :- L=[[0, 0, 2], [2, 1, 0]].\nlabel_empty(28,L) :- L=[[0, 0, 2], [3, 2, 0]].\nlabel_empty(29,L) :- L=[[0, 0, 3], [1, 3, 0]].\nlabel_empty(30,L) :- L=[[0, 0, 3], [3, 2, 0]].\nlabel_empty(31,L) :- L=[[0, 0, 2], [1, 2, 0]].\nlabel_empty(32,L) :- L=[[0, 0, 2], [2, 3, 0]].\nlabel_empty(33,L) :- L=[[0, 0, 1], [1, 2, 0]].\nlabel_empty(34,L) :- L=[[0, 0, 1], [3, 1, 0]].\nlabel_empty(35,L) :- L=[[0, 0, 1], [1, 3, 0]].\nlabel_empty(36,L) :- L=[[0, 0, 1], [2, 1, 0]].\nlabel_empty(37,L) :- L=[[1, 0, 0], [3, 1, 0]].\nlabel_empty(38,L) :- L=[[1, 0, 0], [2, 3, 0]].\nlabel_empty(39,L) :- L=[[1, 0, 0], [2, 1, 0]].\nlabel_empty(40,L) :- L=[[1, 0, 0], [3, 2, 0]].\nlabel_empty(41,L) :- L=[[2, 0, 0], [1, 3, 0]].\nlabel_empty(42,L) :- L=[[2, 0, 0], [3, 2, 0]].\nlabel_empty(43,L) :- L=[[3, 0, 0], [1, 2, 0]].\nlabel_empty(44,L) :- L=[[3, 0, 0], [2, 3, 0]].\nlabel_empty(45,L) :- L=[[2, 0, 0], [1, 2, 0]].\nlabel_empty(46,L) :- L=[[2, 0, 0], [3, 1, 0]].\nlabel_empty(47,L) :- L=[[3, 0, 0], [1, 3, 0]].\nlabel_empty(48,L) :- L=[[3, 0, 0], [2, 1, 0]].\nlabel_empty(49,L) :- L=[[1, 0, 3], [3, 0, 0]].\nlabel_empty(50,L) :- L=[[1, 0, 3], [2, 0, 0]].\nlabel_empty(51,L) :- L=[[1, 0, 2], [2, 0, 0]].\nlabel_empty(52,L) :- L=[[1, 0, 2], [3, 0, 0]].\nlabel_empty(53,L) :- L=[[2, 0, 3], [1, 0, 0]].\nlabel_empty(54,L) :- L=[[2, 0, 3], [3, 0, 0]].\nlabel_empty(55,L) :- L=[[3, 0, 2], [1, 0, 0]].\nlabel_empty(56,L) :- L=[[3, 0, 2], [2, 0, 0]].\nlabel_empty(57,L) :- L=[[2, 0, 1], [1, 0, 0]].\nlabel_empty(58,L) :- L=[[2, 0, 1], [3, 0, 0]].\nlabel_empty(59,L) :- L=[[3, 0, 1], [1, 0, 0]].\nlabel_empty(60,L) :- L=[[3, 0, 1], [2, 0, 0]].\nlabel_empty(61,L) :- L=[[0, 2, 0], [3, 0, 2]].\nlabel_empty(62,L) :- L=[[0, 2, 0], [2, 0, 1]].\nlabel_empty(63,L) :- L=[[0, 3, 0], [2, 0, 3]].\nlabel_empty(64,L) :- L=[[0, 3, 0], [3, 0, 1]].\nlabel_empty(65,L) :- L=[[0, 1, 0], [1, 0, 2]].\nlabel_empty(66,L) :- L=[[0, 1, 0], [3, 0, 1]].\nlabel_empty(67,L) :- L=[[0, 1, 0], [1, 0, 3]].\nlabel_empty(68,L) :- L=[[0, 1, 0], [2, 0, 1]].\nlabel_empty(69,L) :- L=[[0, 3, 0], [1, 0, 3]].\nlabel_empty(70,L) :- L=[[0, 3, 0], [3, 0, 2]].\nlabel_empty(71,L) :- L=[[0, 2, 0], [1, 0, 2]].\nlabel_empty(72,L) :- L=[[0, 2, 0], [2, 0, 3]].\nlabel_empty(73,L) :- L=[[1, 0, 3], [0, 1, 0]].\nlabel_empty(74,L) :- L=[[1, 0, 3], [0, 3, 0]].\nlabel_empty(75,L) :- L=[[1, 0, 2], [0, 1, 0]].\nlabel_empty(76,L) :- L=[[1, 0, 2], [0, 2, 0]].\nlabel_empty(77,L) :- L=[[2, 0, 3], [0, 3, 0]].\nlabel_empty(78,L) :- L=[[2, 0, 3], [0, 2, 0]].\nlabel_empty(79,L) :- L=[[3, 0, 2], [0, 2, 0]].\nlabel_empty(80,L) :- L=[[3, 0, 2], [0, 3, 0]].\nlabel_empty(81,L) :- L=[[2, 0, 1], [0, 2, 0]].\nlabel_empty(82,L) :- L=[[2, 0, 1], [0, 1, 0]].\nlabel_empty(83,L) :- L=[[3, 0, 1], [0, 3, 0]].\nlabel_empty(84,L) :- L=[[3, 0, 1], [0, 1, 0]].\nlabel_empty(85,L) :- L=[[1, 0, 3], [0, 0, 2]].\nlabel_empty(86,L) :- L=[[1, 0, 3], [0, 0, 1]].\nlabel_empty(87,L) :- L=[[1, 0, 2], [0, 0, 3]].\nlabel_empty(88,L) :- L=[[1, 0, 2], [0, 0, 1]].\nlabel_empty(89,L) :- L=[[2, 0, 3], [0, 0, 2]].\nlabel_empty(90,L) :- L=[[2, 0, 3], [0, 0, 1]].\nlabel_empty(91,L) :- L=[[3, 0, 2], [0, 0, 3]].\nlabel_empty(92,L) :- L=[[3, 0, 2], [0, 0, 1]].\nlabel_empty(93,L) :- L=[[2, 0, 1], [0, 0, 3]].\nlabel_empty(94,L) :- L=[[2, 0, 1], [0, 0, 2]].\nlabel_empty(95,L) :- L=[[3, 0, 1], [0, 0, 2]].\nlabel_empty(96,L) :- L=[[3, 0, 1], [0, 0, 3]].\nlabel_empty(97,L) :- L=[[0, 2, 0], [0, 1, 2]].\nlabel_empty(98,L) :- L=[[0, 2, 0], [0, 3, 1]].\nlabel_empty(99,L) :- L=[[0, 3, 0], [0, 1, 3]].\nlabel_empty(100,L) :- L=[[0, 3, 0], [0, 2, 1]].\nlabel_empty(101,L) :- L=[[0, 1, 0], [0, 3, 2]].\nlabel_empty(102,L) :- L=[[0, 1, 0], [0, 2, 1]].\nlabel_empty(103,L) :- L=[[0, 1, 0], [0, 2, 3]].\nlabel_empty(104,L) :- L=[[0, 1, 0], [0, 3, 1]].\nlabel_empty(105,L) :- L=[[0, 3, 0], [0, 2, 3]].\nlabel_empty(106,L) :- L=[[0, 3, 0], [0, 1, 2]].\nlabel_empty(107,L) :- L=[[0, 2, 0], [0, 3, 2]].\nlabel_empty(108,L) :- L=[[0, 2, 0], [0, 1, 3]].\nlabel_compl(1,L) :- L=[[1, 2, 3], [3, 1, 2]].\nlabel_compl(2,L) :- L=[[1, 2, 3], [2, 3, 1]].\nlabel_compl(3,L) :- L=[[1, 3, 2], [2, 1, 3]].\nlabel_compl(4,L) :- L=[[1, 3, 2], [3, 2, 1]].\nlabel_compl(5,L) :- L=[[2, 1, 3], [1, 3, 2]].\nlabel_compl(6,L) :- L=[[2, 1, 3], [3, 2, 1]].\nlabel_compl(7,L) :- L=[[3, 1, 2], [1, 2, 3]].\nlabel_compl(8,L) :- L=[[3, 1, 2], [2, 3, 1]].\nlabel_compl(9,L) :- L=[[2, 3, 1], [1, 2, 3]].\nlabel_compl(10,L) :- L=[[2, 3, 1], [3, 1, 2]].\nlabel_compl(11,L) :- L=[[3, 2, 1], [1, 3, 2]].\nlabel_compl(12,L) :- L=[[3, 2, 1], [2, 1, 3]].\nlabel_compl(13,L) :- L=[[1, 2, 3], [3, 1, 2]].\nlabel_compl(14,L) :- L=[[1, 2, 3], [2, 3, 1]].\nlabel_compl(15,L) :- L=[[1, 3, 2], [2, 1, 3]].\nlabel_compl(16,L) :- L=[[1, 3, 2], [3, 2, 1]].\nlabel_compl(17,L) :- L=[[2, 1, 3], [1, 3, 2]].\nlabel_compl(18,L) :- L=[[2, 1, 3], [3, 2, 1]].\nlabel_compl(19,L) :- L=[[3, 1, 2], [1, 2, 3]].\nlabel_compl(20,L) :- L=[[3, 1, 2], [2, 3, 1]].\nlabel_compl(21,L) :- L=[[2, 3, 1], [1, 2, 3]].\nlabel_compl(22,L) :- L=[[2, 3, 1], [3, 1, 2]].\nlabel_compl(23,L) :- L=[[3, 2, 1], [1, 3, 2]].\nlabel_compl(24,L) :- L=[[3, 2, 1], [2, 1, 3]].\nlabel_compl(25,L) :- L=[[1, 2, 3], [3, 1, 2]].\nlabel_compl(26,L) :- L=[[1, 2, 3], [2, 3, 1]].\nlabel_compl(27,L) :- L=[[1, 3, 2], [2, 1, 3]].\nlabel_compl(28,L) :- L=[[1, 3, 2], [3, 2, 1]].\nlabel_compl(29,L) :- L=[[2, 1, 3], [1, 3, 2]].\nlabel_compl(30,L) :- L=[[2, 1, 3], [3, 2, 1]].\nlabel_compl(31,L) :- L=[[3, 1, 2], [1, 2, 3]].\nlabel_compl(32,L) :- L=[[3, 1, 2], [2, 3, 1]].\nlabel_compl(33,L) :- L=[[2, 3, 1], [1, 2, 3]].\nlabel_compl(34,L) :- L=[[2, 3, 1], [3, 1, 2]].\nlabel_compl(35,L) :- L=[[3, 2, 1], [1, 3, 2]].\nlabel_compl(36,L) :- L=[[3, 2, 1], [2, 1, 3]].\nlabel_compl(37,L) :- L=[[1, 2, 3], [3, 1, 2]].\nlabel_compl(38,L) :- L=[[1, 2, 3], [2, 3, 1]].\nlabel_compl(39,L) :- L=[[1, 3, 2], [2, 1, 3]].\nlabel_compl(40,L) :- L=[[1, 3, 2], [3, 2, 1]].\nlabel_compl(41,L) :- L=[[2, 1, 3], [1, 3, 2]].\nlabel_compl(42,L) :- L=[[2, 1, 3], [3, 2, 1]].\nlabel_compl(43,L) :- L=[[3, 1, 2], [1, 2, 3]].\nlabel_compl(44,L) :- L=[[3, 1, 2], [2, 3, 1]].\nlabel_compl(45,L) :- L=[[2, 3, 1], [1, 2, 3]].\nlabel_compl(46,L) :- L=[[2, 3, 1], [3, 1, 2]].\nlabel_compl(47,L) :- L=[[3, 2, 1], [1, 3, 2]].\nlabel_compl(48,L) :- L=[[3, 2, 1], [2, 1, 3]].\nlabel_compl(49,L) :- L=[[1, 2, 3], [3, 1, 2]].\nlabel_compl(50,L) :- L=[[1, 2, 3], [2, 3, 1]].\nlabel_compl(51,L) :- L=[[1, 3, 2], [2, 1, 3]].\nlabel_compl(52,L) :- L=[[1, 3, 2], [3, 2, 1]].\nlabel_compl(53,L) :- L=[[2, 1, 3], [1, 3, 2]].\nlabel_compl(54,L) :- L=[[2, 1, 3], [3, 2, 1]].\nlabel_compl(55,L) :- L=[[3, 1, 2], [1, 2, 3]].\nlabel_compl(56,L) :- L=[[3, 1, 2], [2, 3, 1]].\nlabel_compl(57,L) :- L=[[2, 3, 1], [1, 2, 3]].\nlabel_compl(58,L) :- L=[[2, 3, 1], [3, 1, 2]].\nlabel_compl(59,L) :- L=[[3, 2, 1], [1, 3, 2]].\nlabel_compl(60,L) :- L=[[3, 2, 1], [2, 1, 3]].\nlabel_compl(61,L) :- L=[[1, 2, 3], [3, 1, 2]].\nlabel_compl(62,L) :- L=[[1, 2, 3], [2, 3, 1]].\nlabel_compl(63,L) :- L=[[1, 3, 2], [2, 1, 3]].\nlabel_compl(64,L) :- L=[[1, 3, 2], [3, 2, 1]].\nlabel_compl(65,L) :- L=[[2, 1, 3], [1, 3, 2]].\nlabel_compl(66,L) :- L=[[2, 1, 3], [3, 2, 1]].\nlabel_compl(67,L) :- L=[[3, 1, 2], [1, 2, 3]].\nlabel_compl(68,L) :- L=[[3, 1, 2], [2, 3, 1]].\nlabel_compl(69,L) :- L=[[2, 3, 1], [1, 2, 3]].\nlabel_compl(70,L) :- L=[[2, 3, 1], [3, 1, 2]].\nlabel_compl(71,L) :- L=[[3, 2, 1], [1, 3, 2]].\nlabel_compl(72,L) :- L=[[3, 2, 1], [2, 1, 3]].\nlabel_compl(73,L) :- L=[[1, 2, 3], [3, 1, 2]].\nlabel_compl(74,L) :- L=[[1, 2, 3], [2, 3, 1]].\nlabel_compl(75,L) :- L=[[1, 3, 2], [2, 1, 3]].\nlabel_compl(76,L) :- L=[[1, 3, 2], [3, 2, 1]].\nlabel_compl(77,L) :- L=[[2, 1, 3], [1, 3, 2]].\nlabel_compl(78,L) :- L=[[2, 1, 3], [3, 2, 1]].\nlabel_compl(79,L) :- L=[[3, 1, 2], [1, 2, 3]].\nlabel_compl(80,L) :- L=[[3, 1, 2], [2, 3, 1]].\nlabel_compl(81,L) :- L=[[2, 3, 1], [1, 2, 3]].\nlabel_compl(82,L) :- L=[[2, 3, 1], [3, 1, 2]].\nlabel_compl(83,L) :- L=[[3, 2, 1], [1, 3, 2]].\nlabel_compl(84,L) :- L=[[3, 2, 1], [2, 1, 3]].\nlabel_compl(85,L) :- L=[[1, 2, 3], [3, 1, 2]].\nlabel_compl(86,L) :- L=[[1, 2, 3], [2, 3, 1]].\nlabel_compl(87,L) :- L=[[1, 3, 2], [2, 1, 3]].\nlabel_compl(88,L) :- L=[[1, 3, 2], [3, 2, 1]].\nlabel_compl(89,L) :- L=[[2, 1, 3], [1, 3, 2]].\nlabel_compl(90,L) :- L=[[2, 1, 3], [3, 2, 1]].\nlabel_compl(91,L) :- L=[[3, 1, 2], [1, 2, 3]].\nlabel_compl(92,L) :- L=[[3, 1, 2], [2, 3, 1]].\nlabel_compl(93,L) :- L=[[2, 3, 1], [1, 2, 3]].\nlabel_compl(94,L) :- L=[[2, 3, 1], [3, 1, 2]].\nlabel_compl(95,L) :- L=[[3, 2, 1], [1, 3, 2]].\nlabel_compl(96,L) :- L=[[3, 2, 1], [2, 1, 3]].\nlabel_compl(97,L) :- L=[[1, 2, 3], [3, 1, 2]].\nlabel_compl(98,L) :- L=[[1, 2, 3], [2, 3, 1]].\nlabel_compl(99,L) :- L=[[1, 3, 2], [2, 1, 3]].\nlabel_compl(100,L) :- L=[[1, 3, 2], [3, 2, 1]].\nlabel_compl(101,L) :- L=[[2, 1, 3], [1, 3, 2]].\nlabel_compl(102,L) :- L=[[2, 1, 3], [3, 2, 1]].\nlabel_compl(103,L) :- L=[[3, 1, 2], [1, 2, 3]].\nlabel_compl(104,L) :- L=[[3, 1, 2], [2, 3, 1]].\nlabel_compl(105,L) :- L=[[2, 3, 1], [1, 2, 3]].\nlabel_compl(106,L) :- L=[[2, 3, 1], [3, 1, 2]].\nlabel_compl(107,L) :- L=[[3, 2, 1], [1, 3, 2]].\nlabel_compl(108,L) :- L=[[3, 2, 1], [2, 1, 3]].\n"}
#Accuracy 0.0
i,time,loss,ground_time,compile_time,eval_time
2,0.06287384033203125,0.0,20.944154024124146,0.029335737228393555,0.03173112869262695
3,0.13101482391357422,0.0,21.324291944503784,0.028285980224609375,0.033113956451416016
4,0.19232892990112305,0.0,21.252745866775513,0.02821207046508789,0.031571149826049805
5,0.2513868808746338,0.0,19.255122900009155,0.01795196533203125,0.0319826602935791
6,0.31261777877807617,0.0,12.961274147033691,0.017660140991210938,0.032240867614746094
7,0.3711998462677002,0.0,13.100164890289307,0.01758289337158203,0.03202700614929199
8,0.43645381927490234,0.0,12.950375080108643,0.017955780029296875,0.032247066497802734
9,0.5017228126525879,0.0,13.037091970443726,0.017472028732299805,0.032434940338134766
10,0.607813835144043,0.0,13.212039947509766,0.017452001571655273,0.07378101348876953
11,0.674001932144165,0.0,13.138622999191284,0.018060684204101562,0.03203320503234863
12,0.7423698902130127,0.0,13.079705953598022,0.018053054809570312,0.03298592567443848
13,0.8025510311126709,0.0,13.209806680679321,0.0178072452545166,0.03198695182800293
14,0.8663127422332764,0.0,13.248909950256348,0.017222881317138672,0.03223919868469238
15,0.9279768466949463,0.0,13.132704973220825,0.017972946166992188,0.03213024139404297
16,0.992506742477417,0.0,13.140403032302856,0.0176541805267334,0.031664133071899414
17,1.0583689212799072,0.0,20.944154024124146,0.029335737228393555,0.033004045486450195
18,1.120114803314209,0.0,21.324291944503784,0.028285980224609375,0.03208804130554199
19,1.1869606971740723,0.0,21.252745866775513,0.02821207046508789,0.032360076904296875
20,1.256281852722168,0.0,19.255122900009155,0.01795196533203125,0.03206920623779297
21,1.3168249130249023,0.0,12.961274147033691,0.017660140991210938,0.032115936279296875
22,1.3806300163269043,0.0,13.100164890289307,0.01758289337158203,0.03174901008605957
23,1.441917896270752,0.0,12.950375080108643,0.017955780029296875,0.03169393539428711
24,1.502478837966919,0.0,13.037091970443726,0.017472028732299805,0.03200578689575195
25,1.5681629180908203,0.0,13.212039947509766,0.017452001571655273,0.03214001655578613
26,1.63277268409729,0.0,13.138622999191284,0.018060684204101562,0.032387733459472656
27,1.6974148750305176,0.0,13.079705953598022,0.018053054809570312,0.03235197067260742
28,1.7616066932678223,0.0,13.209806680679321,0.0178072452545166,0.03200101852416992
29,1.8216917514801025,0.0,13.248909950256348,0.017222881317138672,0.03222298622131348
30,1.8865787982940674,0.0,13.132704973220825,0.017972946166992188,0.031625986099243164
31,1.954371690750122,0.0,13.140403032302856,0.0176541805267334,0.031897783279418945
32,2.0164778232574463,0.0,20.944154024124146,0.029335737228393555,0.031970977783203125
33,2.0756359100341797,0.0,21.324291944503784,0.028285980224609375,0.03180885314941406
34,2.141129970550537,0.0,21.252745866775513,0.02821207046508789,0.03185892105102539
35,2.2080228328704834,0.0,19.255122900009155,0.01795196533203125,0.03187990188598633
36,2.2727248668670654,0.0,12.961274147033691,0.017660140991210938,0.0320439338684082
37,2.3330678939819336,0.0,13.100164890289307,0.01758289337158203,0.031983137130737305
38,2.392411708831787,0.0,12.950375080108643,0.017955780029296875,0.03172707557678223
39,2.454929828643799,0.0,13.037091970443726,0.017472028732299805,0.03217363357543945
40,2.522838830947876,0.0,13.212039947509766,0.017452001571655273,0.03206992149353027
41,2.5856077671051025,0.0,13.138622999191284,0.018060684204101562,0.03196406364440918
42,2.648622751235962,0.0,13.079705953598022,0.018053054809570312,0.03218579292297363
43,2.712993860244751,0.0,13.209806680679321,0.0178072452545166,0.03164505958557129
44,2.7775208950042725,0.0,13.248909950256348,0.017222881317138672,0.03174996376037598
45,2.837890863418579,0.0,13.132704973220825,0.017972946166992188,0.0316309928894043
46,2.899385690689087,0.0,13.140403032302856,0.0176541805267334,0.03191399574279785
47,2.9625117778778076,0.0,20.944154024124146,0.029335737228393555,0.03175783157348633
48,3.0250728130340576,0.0,21.324291944503784,0.028285980224609375,0.032209157943725586
49,3.0922369956970215,0.0,21.252745866775513,0.02821207046508789,0.032141923904418945
50,3.153898000717163,0.0,19.255122900009155,0.01795196533203125,0.031725168228149414
51,3.2159206867218018,0.0,12.961274147033691,0.017660140991210938,0.03226280212402344
52,3.2727489471435547,0.0,13.100164890289307,0.01758289337158203,0.031816959381103516
53,3.332096815109253,0.0,12.950375080108643,0.017955780029296875,0.03133797645568848
54,3.3924777507781982,0.0,13.037091970443726,0.017472028732299805,0.0315861701965332
55,3.462063789367676,0.0,13.212039947509766,0.017452001571655273,0.03395891189575195
56,3.5241787433624268,0.0,13.138622999191284,0.018060684204101562,0.03189420700073242
57,3.5856239795684814,0.0,13.079705953598022,0.018053054809570312,0.032328128814697266
58,3.6455180644989014,0.0,13.209806680679321,0.0178072452545166,0.031784772872924805
59,3.711042881011963,0.0,13.248909950256348,0.017222881317138672,0.03274703025817871
60,3.7747697830200195,0.0,13.132704973220825,0.017972946166992188,0.03274393081665039
61,3.8336329460144043,0.0,13.140403032302856,0.0176541805267334,0.03155994415283203
62,3.8947927951812744,0.0,20.944154024124146,0.029335737228393555,0.03224802017211914
63,3.9555399417877197,0.0,21.324291944503784,0.028285980224609375,0.03183722496032715
64,4.018844842910767,0.0,21.252745866775513,0.02821207046508789,0.03198885917663574
65,4.081374883651733,0.0,19.255122900009155,0.01795196533203125,0.03210616111755371
66,4.14477276802063,0.0,12.961274147033691,0.017660140991210938,0.03187823295593262
67,4.211967945098877,0.0,13.100164890289307,0.01758289337158203,0.032122135162353516
68,4.273248910903931,0.0,12.950375080108643,0.017955780029296875,0.031809091567993164
69,4.334368944168091,0.0,13.037091970443726,0.017472028732299805,0.03218984603881836
70,4.397450923919678,0.0,13.212039947509766,0.017452001571655273,0.03199911117553711
71,4.4601099491119385,0.0,13.138622999191284,0.018060684204101562,0.03205108642578125
72,4.5279529094696045,0.0,13.079705953598022,0.018053054809570312,0.0326840877532959
73,4.587876081466675,0.0,13.209806680679321,0.0178072452545166,0.03188014030456543
74,4.651005744934082,0.0,13.248909950256348,0.017222881317138672,0.031046152114868164
75,4.711866855621338,0.0,13.132704973220825,0.017972946166992188,0.03154897689819336
76,4.772424936294556,0.0,13.140403032302856,0.0176541805267334,0.032411813735961914