#{"solver": {"engine": {"type": "ExactEngine"}, "semiring": "GraphSemiring"}, "networks": [{"name": "sudoku_net", "module": "Sudoku_Net(\n  (conv1): Conv2d(1, 32, kernel_size=(4, 4), stride=(1, 1))\n  (conv1_bn): BatchNorm2d(32, eps=1e-05, momentum=0.1, affine=True, track_running_stats=True)\n  (dropout1): Dropout(p=0.25, inplace=False)\n  (conv2): Conv2d(32, 64, kernel_size=(3, 3), stride=(2, 2))\n  (conv2_bn): BatchNorm2d(64, eps=1e-05, momentum=0.1, affine=True, track_running_stats=True)\n  (dropout2): Dropout(p=0.25, inplace=False)\n  (conv3): Conv2d(64, 128, kernel_size=(3, 3), stride=(2, 2))\n  (conv3_bn): BatchNorm2d(128, eps=1e-05, momentum=0.1, affine=True, track_running_stats=True)\n  (dropout3): Dropout(p=0.25, inplace=False)\n  (conv4): Conv2d(128, 256, kernel_size=(3, 3), stride=(1, 1))\n  (conv4_bn): BatchNorm2d(256, eps=1e-05, momentum=0.1, affine=True, track_running_stats=True)\n  (dropout4): Dropout(p=0.25, inplace=False)\n  (conv5): Conv2d(256, 512, kernel_size=(3, 3), stride=(1, 1))\n  (conv5_bn): BatchNorm2d(512, eps=1e-05, momentum=0.1, affine=True, track_running_stats=True)\n  (dropout5): Dropout(p=0.25, inplace=False)\n  (maxpool): MaxPool2d(kernel_size=6, stride=6, padding=0, dilation=1, ceil_mode=False)\n  (adaptive_avg_pool): AdaptiveAvgPool2d(output_size=(9, 9))\n  (conv1x1_1): Conv2d(512, 4, kernel_size=(1, 1), stride=(1, 1))\n  (conv1x1_2): Conv2d(512, 512, kernel_size=(1, 1), stride=(1, 1))\n  (conv1x1_3): Conv2d(512, 10, kernel_size=(1, 1), stride=(1, 1))\n  (fc1): Linear(in_features=41472, out_features=810, bias=True)\n)", "optimizer": "Adam (\nParameter Group 0\n    amsgrad: False\n    betas: (0.9, 0.999)\n    capturable: False\n    differentiable: False\n    eps: 1e-08\n    foreach: None\n    fused: None\n    lr: 0.001\n    maximize: False\n    weight_decay: 0\n)", "k": null}], "program": ":- use_module(library(lists)).\n:- use_module(library(apply)).\nnn(sudoku_net,[X, R, C],Y,[0, 1, 2, 3])::digit(X,R,C,Y).\ncreateFake2x3(X,[[D1, D2, D3], [D4, D5, D6]]) :- digit(X,1,1,D1), digit(X,1,2,D2), digit(X,1,3,D3), digit(X,2,1,D4), digit(X,2,2,D5), digit(X,2,3,D6).\ngiveRightNumber(0,_).\ngiveRightNumber(FH,FH).\nrealColumns([],[]).\nrealColumns(FakeCol,Col) :- FakeCol=[FH | FT], Col=[H | T], giveRightNumber(FH,H), realColumns(FT,T).\nrealRows([],[]).\nrealRows(FakeRows,Rows) :- FakeRows=[FH | FT], Rows=[H | T], realColumns(FH,H), realRows(FT,T).\ninList(X,[X | _]).\ninList(X,[_ | Tail]) :- inList(X,Tail).\nlistInList([],_).\nlistInList([H | T],L) :- inList(H,L), listInList(T,L).\nallDiff([]).\nallDiff([X | Tail]) :- \\+inList(X,Tail), allDiff(Tail).\ntranspose([[] | _],[]).\ntranspose(Matrix,[Row | Rows]) :- transpose_1st_col(Matrix,Row,RestMatrix), transpose(RestMatrix,Rows).\ntranspose_1st_col([],[],[]).\ntranspose_1st_col([[H | T] | Rows],[H | Hs],[T | Ts]) :- transpose_1st_col(Rows,Hs,Ts).\nsolve2x3_both(X,Label) :- createFake2x3(X,Fake), realRows(Fake,Rows), maplist(listInList([1, 2, 3]),Rows), maplist(allDiff,Rows), transpose(Rows,Columns), maplist(allDiff,Columns), label_empty(Label,Fake), label_compl(Label,Rows).\nsolve2x3_empty(X,Label) :- createFake2x3(X,Fake), realRows(Fake,Rows), maplist(listInList([1, 2, 3]),Rows), maplist(allDiff,Rows), transpose(Rows,Columns), maplist(allDiff,Columns), label_empty(Label,Fake).\nsolve2x3_compl(X,Label) :- createFake2x3(X,Fake), realRows(Fake,Rows), maplist(listInList([1, 2, 3]),Rows), maplist(allDiff,Rows), transpose(Rows,Columns), maplist(allDiff,Columns), label_compl(Label,Rows).\nlabel_empty(1,L) :- L=[[1, 0, 0], [0, 1, 2]].\nlabel_empty(2,L) :- L=[[1, 0, 0], [0, 3, 1]].\nlabel_empty(3,L) :- L=[[1, 0, 0], [0, 1, 3]].\nlabel_empty(4,L) :- L=[[1, 0, 0], [0, 2, 1]].\nlabel_empty(5,L) :- L=[[2, 0, 0], [0, 3, 2]].\nlabel_empty(6,L) :- L=[[2, 0, 0], [0, 2, 1]].\nlabel_empty(7,L) :- L=[[3, 0, 0], [0, 2, 3]].\nlabel_empty(8,L) :- L=[[3, 0, 0], [0, 3, 1]].\nlabel_empty(9,L) :- L=[[2, 0, 0], [0, 2, 3]].\nlabel_empty(10,L) :- L=[[2, 0, 0], [0, 1, 2]].\nlabel_empty(11,L) :- L=[[3, 0, 0], [0, 3, 2]].\nlabel_empty(12,L) :- L=[[3, 0, 0], [0, 1, 3]].\nlabel_empty(13,L) :- L=[[0, 2, 3], [0, 0, 2]].\nlabel_empty(14,L) :- L=[[0, 2, 3], [0, 0, 1]].\nlabel_empty(15,L) :- L=[[0, 3, 2], [0, 0, 3]].\nlabel_empty(16,L) :- L=[[0, 3, 2], [0, 0, 1]].\nlabel_empty(17,L) :- L=[[0, 1, 3], [0, 0, 2]].\nlabel_empty(18,L) :- L=[[0, 1, 3], [0, 0, 1]].\nlabel_empty(19,L) :- L=[[0, 1, 2], [0, 0, 3]].\nlabel_empty(20,L) :- L=[[0, 1, 2], [0, 0, 1]].\nlabel_empty(21,L) :- L=[[0, 3, 1], [0, 0, 3]].\nlabel_empty(22,L) :- L=[[0, 3, 1], [0, 0, 2]].\nlabel_empty(23,L) :- L=[[0, 2, 1], [0, 0, 2]].\nlabel_empty(24,L) :- L=[[0, 2, 1], [0, 0, 3]].\nlabel_empty(25,L) :- L=[[0, 0, 3], [3, 1, 0]].\nlabel_empty(26,L) :- L=[[0, 0, 3], [2, 3, 0]].\nlabel_empty(27,L) :- L=[[0, 0, 2], [2, 1, 0]].\nlabel_empty(28,L) :- L=[[0, 0, 2], [3, 2, 0]].\nlabel_empty(29,L) :- L=[[0, 0, 3], [1, 3, 0]].\nlabel_empty(30,L) :- L=[[0, 0, 3], [3, 2, 0]].\nlabel_empty(31,L) :- L=[[0, 0, 2], [1, 2, 0]].\nlabel_empty(32,L) :- L=[[0, 0, 2], [2, 3, 0]].\nlabel_empty(33,L) :- L=[[0, 0, 1], [1, 2, 0]].\nlabel_empty(34,L) :- L=[[0, 0, 1], [3, 1, 0]].\nlabel_empty(35,L) :- L=[[0, 0, 1], [1, 3, 0]].\nlabel_empty(36,L) :- L=[[0, 0, 1], [2, 1, 0]].\nlabel_empty(37,L) :- L=[[1, 0, 0], [3, 1, 0]].\nlabel_empty(38,L) :- L=[[1, 0, 0], [2, 3, 0]].\nlabel_empty(39,L) :- L=[[1, 0, 0], [2, 1, 0]].\nlabel_empty(40,L) :- L=[[1, 0, 0], [3, 2, 0]].\nlabel_empty(41,L) :- L=[[2, 0, 0], [1, 3, 0]].\nlabel_empty(42,L) :- L=[[2, 0, 0], [3, 2, 0]].\nlabel_empty(43,L) :- L=[[3, 0, 0], [1, 2, 0]].\nlabel_empty(44,L) :- L=[[3, 0, 0], [2, 3, 0]].\nlabel_empty(45,L) :- L=[[2, 0, 0], [1, 2, 0]].\nlabel_empty(46,L) :- L=[[2, 0, 0], [3, 1, 0]].\nlabel_empty(47,L) :- L=[[3, 0, 0], [1, 3, 0]].\nlabel_empty(48,L) :- L=[[3, 0, 0], [2, 1, 0]].\nlabel_empty(49,L) :- L=[[1, 0, 3], [3, 0, 0]].\nlabel_empty(50,L) :- L=[[1, 0, 3], [2, 0, 0]].\nlabel_empty(51,L) :- L=[[1, 0, 2], [2, 0, 0]].\nlabel_empty(52,L) :- L=[[1, 0, 2], [3, 0, 0]].\nlabel_empty(53,L) :- L=[[2, 0, 3], [1, 0, 0]].\nlabel_empty(54,L) :- L=[[2, 0, 3], [3, 0, 0]].\nlabel_empty(55,L) :- L=[[3, 0, 2], [1, 0, 0]].\nlabel_empty(56,L) :- L=[[3, 0, 2], [2, 0, 0]].\nlabel_empty(57,L) :- L=[[2, 0, 1], [1, 0, 0]].\nlabel_empty(58,L) :- L=[[2, 0, 1], [3, 0, 0]].\nlabel_empty(59,L) :- L=[[3, 0, 1], [1, 0, 0]].\nlabel_empty(60,L) :- L=[[3, 0, 1], [2, 0, 0]].\nlabel_empty(61,L) :- L=[[0, 2, 0], [3, 0, 2]].\nlabel_empty(62,L) :- L=[[0, 2, 0], [2, 0, 1]].\nlabel_empty(63,L) :- L=[[0, 3, 0], [2, 0, 3]].\nlabel_empty(64,L) :- L=[[0, 3, 0], [3, 0, 1]].\nlabel_empty(65,L) :- L=[[0, 1, 0], [1, 0, 2]].\nlabel_empty(66,L) :- L=[[0, 1, 0], [3, 0, 1]].\nlabel_empty(67,L) :- L=[[0, 1, 0], [1, 0, 3]].\nlabel_empty(68,L) :- L=[[0, 1, 0], [2, 0, 1]].\nlabel_empty(69,L) :- L=[[0, 3, 0], [1, 0, 3]].\nlabel_empty(70,L) :- L=[[0, 3, 0], [3, 0, 2]].\nlabel_empty(71,L) :- L=[[0, 2, 0], [1, 0, 2]].\nlabel_empty(72,L) :- L=[[0, 2, 0], [2, 0, 3]].\nlabel_empty(73,L) :- L=[[1, 0, 3], [0, 1, 0]].\nlabel_empty(74,L) :- L=[[1, 0, 3], [0, 3, 0]].\nlabel_empty(75,L) :- L=[[1, 0, 2], [0, 1, 0]].\nlabel_empty(76,L) :- L=[[1, 0, 2], [0, 2, 0]].\nlabel_empty(77,L) :- L=[[2, 0, 3], [0, 3, 0]].\nlabel_empty(78,L) :- L=[[2, 0, 3], [0, 2, 0]].\nlabel_empty(79,L) :- L=[[3, 0, 2], [0, 2, 0]].\nlabel_empty(80,L) :- L=[[3, 0, 2], [0, 3, 0]].\nlabel_empty(81,L) :- L=[[2, 0, 1], [0, 2, 0]].\nlabel_empty(82,L) :- L=[[2, 0, 1], [0, 1, 0]].\nlabel_empty(83,L) :- L=[[3, 0, 1], [0, 3, 0]].\nlabel_empty(84,L) :- L=[[3, 0, 1], [0, 1, 0]].\nlabel_empty(85,L) :- L=[[1, 0, 3], [0, 0, 2]].\nlabel_empty(86,L) :- L=[[1, 0, 3], [0, 0, 1]].\nlabel_empty(87,L) :- L=[[1, 0, 2], [0, 0, 3]].\nlabel_empty(88,L) :- L=[[1, 0, 2], [0, 0, 1]].\nlabel_empty(89,L) :- L=[[2, 0, 3], [0, 0, 2]].\nlabel_empty(90,L) :- L=[[2, 0, 3], [0, 0, 1]].\nlabel_empty(91,L) :- L=[[3, 0, 2], [0, 0, 3]].\nlabel_empty(92,L) :- L=[[3, 0, 2], [0, 0, 1]].\nlabel_empty(93,L) :- L=[[2, 0, 1], [0, 0, 3]].\nlabel_empty(94,L) :- L=[[2, 0, 1], [0, 0, 2]].\nlabel_empty(95,L) :- L=[[3, 0, 1], [0, 0, 2]].\nlabel_empty(96,L) :- L=[[3, 0, 1], [0, 0, 3]].\nlabel_empty(97,L) :- L=[[0, 2, 0], [0, 1, 2]].\nlabel_empty(98,L) :- L=[[0, 2, 0], [0, 3, 1]].\nlabel_empty(99,L) :- L=[[0, 3, 0], [0, 1, 3]].\nlabel_empty(100,L) :- L=[[0, 3, 0], [0, 2, 1]].\nlabel_empty(101,L) :- L=[[0, 1, 0], [0, 3, 2]].\nlabel_empty(102,L) :- L=[[0, 1, 0], [0, 2, 1]].\nlabel_empty(103,L) :- L=[[0, 1, 0], [0, 2, 3]].\nlabel_empty(104,L) :- L=[[0, 1, 0], [0, 3, 1]].\nlabel_empty(105,L) :- L=[[0, 3, 0], [0, 2, 3]].\nlabel_empty(106,L) :- L=[[0, 3, 0], [0, 1, 2]].\nlabel_empty(107,L) :- L=[[0, 2, 0], [0, 3, 2]].\nlabel_empty(108,L) :- L=[[0, 2, 0], [0, 1, 3]].\nlabel_compl(1,L) :- L=[[1, 2, 3], [3, 1, 2]].\nlabel_compl(2,L) :- L=[[1, 2, 3], [2, 3, 1]].\nlabel_compl(3,L) :- L=[[1, 3, 2], [2, 1, 3]].\nlabel_compl(4,L) :- L=[[1, 3, 2], [3, 2, 1]].\nlabel_compl(5,L) :- L=[[2, 1, 3], [1, 3, 2]].\nlabel_compl(6,L) :- L=[[2, 1, 3], [3, 2, 1]].\nlabel_compl(7,L) :- L=[[3, 1, 2], [1, 2, 3]].\nlabel_compl(8,L) :- L=[[3, 1, 2], [2, 3, 1]].\nlabel_compl(9,L) :- L=[[2, 3, 1], [1, 2, 3]].\nlabel_compl(10,L) :- L=[[2, 3, 1], [3, 1, 2]].\nlabel_compl(11,L) :- L=[[3, 2, 1], [1, 3, 2]].\nlabel_compl(12,L) :- L=[[3, 2, 1], [2, 1, 3]].\nlabel_compl(13,L) :- L=[[1, 2, 3], [3, 1, 2]].\nlabel_compl(14,L) :- L=[[1, 2, 3], [2, 3, 1]].\nlabel_compl(15,L) :- L=[[1, 3, 2], [2, 1, 3]].\nlabel_compl(16,L) :- L=[[1, 3, 2], [3, 2, 1]].\nlabel_compl(17,L) :- L=[[2, 1, 3], [1, 3, 2]].\nlabel_compl(18,L) :- L=[[2, 1, 3], [3, 2, 1]].\nlabel_compl(19,L) :- L=[[3, 1, 2], [1, 2, 3]].\nlabel_compl(20,L) :- L=[[3, 1, 2], [2, 3, 1]].\nlabel_compl(21,L) :- L=[[2, 3, 1], [1, 2, 3]].\nlabel_compl(22,L) :- L=[[2, 3, 1], [3, 1, 2]].\nlabel_compl(23,L) :- L=[[3, 2, 1], [1, 3, 2]].\nlabel_compl(24,L) :- L=[[3, 2, 1], [2, 1, 3]].\nlabel_compl(25,L) :- L=[[1, 2, 3], [3, 1, 2]].\nlabel_compl(26,L) :- L=[[1, 2, 3], [2, 3, 1]].\nlabel_compl(27,L) :- L=[[1, 3, 2], [2, 1, 3]].\nlabel_compl(28,L) :- L=[[1, 3, 2], [3, 2, 1]].\nlabel_compl(29,L) :- L=[[2, 1, 3], [1, 3, 2]].\nlabel_compl(30,L) :- L=[[2, 1, 3], [3, 2, 1]].\nlabel_compl(31,L) :- L=[[3, 1, 2], [1, 2, 3]].\nlabel_compl(32,L) :- L=[[3, 1, 2], [2, 3, 1]].\nlabel_compl(33,L) :- L=[[2, 3, 1], [1, 2, 3]].\nlabel_compl(34,L) :- L=[[2, 3, 1], [3, 1, 2]].\nlabel_compl(35,L) :- L=[[3, 2, 1], [1, 3, 2]].\nlabel_compl(36,L) :- L=[[3, 2, 1], [2, 1, 3]].\nlabel_compl(37,L) :- L=[[1, 2, 3], [3, 1, 2]].\nlabel_compl(38,L) :- L=[[1, 2, 3], [2, 3, 1]].\nlabel_compl(39,L) :- L=[[1, 3, 2], [2, 1, 3]].\nlabel_compl(40,L) :- L=[[1, 3, 2], [3, 2, 1]].\nlabel_compl(41,L) :- L=[[2, 1, 3], [1, 3, 2]].\nlabel_compl(42,L) :- L=[[2, 1, 3], [3, 2, 1]].\nlabel_compl(43,L) :- L=[[3, 1, 2], [1, 2, 3]].\nlabel_compl(44,L) :- L=[[3, 1, 2], [2, 3, 1]].\nlabel_compl(45,L) :- L=[[2, 3, 1], [1, 2, 3]].\nlabel_compl(46,L) :- L=[[2, 3, 1], [3, 1, 2]].\nlabel_compl(47,L) :- L=[[3, 2, 1], [1, 3, 2]].\nlabel_compl(48,L) :- L=[[3, 2, 1], [2, 1, 3]].\nlabel_compl(49,L) :- L=[[1, 2, 3], [3, 1, 2]].\nlabel_compl(50,L) :- L=[[1, 2, 3], [2, 3, 1]].\nlabel_compl(51,L) :- L=[[1, 3, 2], [2, 1, 3]].\nlabel_compl(52,L) :- L=[[1, 3, 2], [3, 2, 1]].\nlabel_compl(53,L) :- L=[[2, 1, 3], [1, 3, 2]].\nlabel_compl(54,L) :- L=[[2, 1, 3], [3, 2, 1]].\nlabel_compl(55,L) :- L=[[3, 1, 2], [1, 2, 3]].\nlabel_compl(56,L) :- L=[[3, 1, 2], [2, 3, 1]].\nlabel_compl(57,L) :- L=[[2, 3, 1], [1, 2, 3]].\nlabel_compl(58,L) :- L=[[2, 3, 1], [3, 1, 2]].\nlabel_compl(59,L) :- L=[[3, 2, 1], [1, 3, 2]].\nlabel_compl(60,L) :- L=[[3, 2, 1], [2, 1, 3]].\nlabel_compl(61,L) :- L=[[1, 2, 3], [3, 1, 2]].\nlabel_compl(62,L) :- L=[[1, 2, 3], [2, 3, 1]].\nlabel_compl(63,L) :- L=[[1, 3, 2], [2, 1, 3]].\nlabel_compl(64,L) :- L=[[1, 3, 2], [3, 2, 1]].\nlabel_compl(65,L) :- L=[[2, 1, 3], [1, 3, 2]].\nlabel_compl(66,L) :- L=[[2, 1, 3], [3, 2, 1]].\nlabel_compl(67,L) :- L=[[3, 1, 2], [1, 2, 3]].\nlabel_compl(68,L) :- L=[[3, 1, 2], [2, 3, 1]].\nlabel_compl(69,L) :- L=[[2, 3, 1], [1, 2, 3]].\nlabel_compl(70,L) :- L=[[2, 3, 1], [3, 1, 2]].\nlabel_compl(71,L) :- L=[[3, 2, 1], [1, 3, 2]].\nlabel_compl(72,L) :- L=[[3, 2, 1], [2, 1, 3]].\nlabel_compl(73,L) :- L=[[1, 2, 3], [3, 1, 2]].\nlabel_compl(74,L) :- L=[[1, 2, 3], [2, 3, 1]].\nlabel_compl(75,L) :- L=[[1, 3, 2], [2, 1, 3]].\nlabel_compl(76,L) :- L=[[1, 3, 2], [3, 2, 1]].\nlabel_compl(77,L) :- L=[[2, 1, 3], [1, 3, 2]].\nlabel_compl(78,L) :- L=[[2, 1, 3], [3, 2, 1]].\nlabel_compl(79,L) :- L=[[3, 1, 2], [1, 2, 3]].\nlabel_compl(80,L) :- L=[[3, 1, 2], [2, 3, 1]].\nlabel_compl(81,L) :- L=[[2, 3, 1], [1, 2, 3]].\nlabel_compl(82,L) :- L=[[2, 3, 1], [3, 1, 2]].\nlabel_compl(83,L) :- L=[[3, 2, 1], [1, 3, 2]].\nlabel_compl(84,L) :- L=[[3, 2, 1], [2, 1, 3]].\nlabel_compl(85,L) :- L=[[1, 2, 3], [3, 1, 2]].\nlabel_compl(86,L) :- L=[[1, 2, 3], [2, 3, 1]].\nlabel_compl(87,L) :- L=[[1, 3, 2], [2, 1, 3]].\nlabel_compl(88,L) :- L=[[1, 3, 2], [3, 2, 1]].\nlabel_compl(89,L) :- L=[[2, 1, 3], [1, 3, 2]].\nlabel_compl(90,L) :- L=[[2, 1, 3], [3, 2, 1]].\nlabel_compl(91,L) :- L=[[3, 1, 2], [1, 2, 3]].\nlabel_compl(92,L) :- L=[[3, 1, 2], [2, 3, 1]].\nlabel_compl(93,L) :- L=[[2, 3, 1], [1, 2, 3]].\nlabel_compl(94,L) :- L=[[2, 3, 1], [3, 1, 2]].\nlabel_compl(95,L) :- L=[[3, 2, 1], [1, 3, 2]].\nlabel_compl(96,L) :- L=[[3, 2, 1], [2, 1, 3]].\nlabel_compl(97,L) :- L=[[1, 2, 3], [3, 1, 2]].\nlabel_compl(98,L) :- L=[[1, 2, 3], [2, 3, 1]].\nlabel_compl(99,L) :- L=[[1, 3, 2], [2, 1, 3]].\nlabel_compl(100,L) :- L=[[1, 3, 2], [3, 2, 1]].\nlabel_compl(101,L) :- L=[[2, 1, 3], [1, 3, 2]].\nlabel_compl(102,L) :- L=[[2, 1, 3], [3, 2, 1]].\nlabel_compl(103,L) :- L=[[3, 1, 2], [1, 2, 3]].\nlabel_compl(104,L) :- L=[[3, 1, 2], [2, 3, 1]].\nlabel_compl(105,L) :- L=[[2, 3, 1], [1, 2, 3]].\nlabel_compl(106,L) :- L=[[2, 3, 1], [3, 1, 2]].\nlabel_compl(107,L) :- L=[[3, 2, 1], [1, 3, 2]].\nlabel_compl(108,L) :- L=[[3, 2, 1], [2, 1, 3]].\n"}
#Accuracy 0.0
i,time,loss,ground_time,compile_time,eval_time
2,0.06525492668151855,0.0,20.944154024124146,0.029335737228393555,0.03156590461730957
3,0.1307227611541748,0.0,21.324291944503784,0.028285980224609375,0.032994985580444336
4,0.19656586647033691,0.0,21.252745866775513,0.02821207046508789,0.03145909309387207
5,0.2590508460998535,0.0,19.255122900009155,0.01795196533203125,0.031639814376831055
6,0.31797289848327637,0.0,12.961274147033691,0.017660140991210938,0.03165411949157715
7,0.376706600189209,0.0,13.100164890289307,0.01758289337158203,0.03157687187194824
8,0.43622660636901855,0.0,12.950375080108643,0.017955780029296875,0.0314791202545166
9,0.49588489532470703,0.0,13.037091970443726,0.017472028732299805,0.03194117546081543
10,0.5611927509307861,0.0,13.212039947509766,0.017452001571655273,0.03157806396484375
11,0.6239287853240967,0.0,13.138622999191284,0.018060684204101562,0.03147482872009277
12,0.6857988834381104,0.0,13.079705953598022,0.018053054809570312,0.03203773498535156
13,0.7478840351104736,0.0,13.209806680679321,0.0178072452545166,0.03164100646972656
14,0.8109338283538818,0.0,13.248909950256348,0.017222881317138672,0.0312960147857666
15,0.8687348365783691,0.0,13.132704973220825,0.017972946166992188,0.0317082405090332
16,0.9344768524169922,0.0,13.140403032302856,0.0176541805267334,0.03367185592651367
17,0.9945359230041504,0.0,20.944154024124146,0.029335737228393555,0.03147292137145996
18,1.0594990253448486,0.0,21.324291944503784,0.028285980224609375,0.031768798828125
19,1.1230719089508057,0.0,21.252745866775513,0.02821207046508789,0.03219795227050781
20,1.1826460361480713,0.0,19.255122900009155,0.01795196533203125,0.03276515007019043
21,1.2466578483581543,0.0,12.961274147033691,0.017660140991210938,0.03171396255493164
22,1.3112659454345703,0.0,13.100164890289307,0.01758289337158203,0.03187084197998047
23,1.3779268264770508,0.0,12.950375080108643,0.017955780029296875,0.032720088958740234
24,1.4376089572906494,0.0,13.037091970443726,0.017472028732299805,0.03164505958557129
25,1.5014729499816895,0.0,13.212039947509766,0.017452001571655273,0.03189420700073242
26,1.5630128383636475,0.0,13.138622999191284,0.018060684204101562,0.031625986099243164
27,1.6299676895141602,0.0,13.079705953598022,0.018053054809570312,0.03254294395446777
28,1.7649500370025635,0.0,13.209806680679321,0.0178072452545166,0.031967878341674805
29,1.8423388004302979,0.0,13.248909950256348,0.017222881317138672,0.03146696090698242
30,1.9178967475891113,0.0,13.132704973220825,0.017972946166992188,0.03237605094909668
31,1.984264850616455,0.0,13.140403032302856,0.0176541805267334,0.03181910514831543
32,2.0479369163513184,0.0,20.944154024124146,0.029335737228393555,0.031965017318725586
33,2.17851185798645,0.0,21.324291944503784,0.028285980224609375,0.03115105628967285
34,2.2547566890716553,0.0,21.252745866775513,0.02821207046508789,0.0322270393371582
35,2.349381685256958,0.0,19.255122900009155,0.01795196533203125,0.03136587142944336
36,2.4229319095611572,0.0,12.961274147033691,0.017660140991210938,0.031228065490722656
37,2.4936487674713135,0.0,13.100164890289307,0.01758289337158203,0.03155708312988281
38,2.562700033187866,0.0,12.950375080108643,0.017955780029296875,0.03267097473144531
39,2.6339268684387207,0.0,13.037091970443726,0.017472028732299805,0.033117055892944336
40,2.700187921524048,0.0,13.212039947509766,0.017452001571655273,0.03133583068847656
41,2.7625677585601807,0.0,13.138622999191284,0.018060684204101562,0.03163504600524902
42,2.823288679122925,0.0,13.079705953598022,0.018053054809570312,0.03114914894104004
43,2.887720823287964,0.0,13.209806680679321,0.0178072452545166,0.03169107437133789
44,2.954728841781616,0.0,13.248909950256348,0.017222881317138672,0.0315403938293457
45,3.016662836074829,0.0,13.132704973220825,0.017972946166992188,0.03150200843811035
46,3.0780489444732666,0.0,13.140403032302856,0.0176541805267334,0.031968116760253906
47,3.1432418823242188,0.0,20.944154024124146,0.029335737228393555,0.03131389617919922
48,3.203707695007324,0.0,21.324291944503784,0.028285980224609375,0.031897783279418945
49,3.2864277362823486,0.0,21.252745866775513,0.02821207046508789,0.03201007843017578
50,3.364548683166504,0.0,19.255122900009155,0.01795196533203125,0.03177309036254883
51,3.4256937503814697,0.0,12.961274147033691,0.017660140991210938,0.03177595138549805
52,3.495223045349121,0.0,13.100164890289307,0.01758289337158203,0.032508134841918945
53,3.5718767642974854,0.0,12.950375080108643,0.017955780029296875,0.033371925354003906
54,3.6368658542633057,0.0,13.037091970443726,0.017472028732299805,0.03366994857788086
55,3.7063066959381104,0.0,13.212039947509766,0.017452001571655273,0.03372502326965332
56,3.7738277912139893,0.0,13.138622999191284,0.018060684204101562,0.03369283676147461
57,3.8419628143310547,0.0,13.079705953598022,0.018053054809570312,0.033071279525756836
58,3.9371750354766846,0.0,13.209806680679321,0.0178072452545166,0.03210902214050293
59,4.027969837188721,0.0,13.248909950256348,0.017222881317138672,0.0314030647277832
60,4.107713937759399,0.0,13.132704973220825,0.017972946166992188,0.03136897087097168
61,4.196934700012207,0.0,13.140403032302856,0.0176541805267334,0.03119492530822754
62,4.3269078731536865,0.0,20.944154024124146,0.029335737228393555,0.07061982154846191
63,4.410444974899292,0.0,21.324291944503784,0.028285980224609375,0.032145023345947266
64,4.50373387336731,0.0,21.252745866775513,0.02821207046508789,0.03147697448730469
65,4.587400913238525,0.0,19.255122900009155,0.01795196533203125,0.031392574310302734
66,4.675995826721191,0.0,12.961274147033691,0.017660140991210938,0.03143811225891113
67,4.76138973236084,0.0,13.100164890289307,0.01758289337158203,0.0314180850982666
68,4.8528759479522705,0.0,12.950375080108643,0.017955780029296875,0.03153491020202637
69,4.948392868041992,0.0,13.037091970443726,0.017472028732299805,0.03134512901306152
70,5.036008834838867,0.0,13.212039947509766,0.017452001571655273,0.03112316131591797
71,5.126109838485718,0.0,13.138622999191284,0.018060684204101562,0.03197002410888672
72,5.215747833251953,0.0,13.079705953598022,0.018053054809570312,0.031311988830566406
73,5.3044517040252686,0.0,13.209806680679321,0.0178072452545166,0.03140902519226074
74,5.387944936752319,0.0,13.248909950256348,0.017222881317138672,0.03182578086853027
75,5.478086709976196,0.0,13.132704973220825,0.017972946166992188,0.031225919723510742
76,5.567040920257568,0.0,13.140403032302856,0.0176541805267334,0.03142404556274414