#{"solver": {"engine": {"type": "ExactEngine"}, "semiring": "GraphSemiring"}, "networks": [{"name": "sudoku_net", "module": "Sudoku_Net(\n  (conv1): Conv2d(1, 32, kernel_size=(4, 4), stride=(1, 1))\n  (conv1_bn): BatchNorm2d(32, eps=1e-05, momentum=0.1, affine=True, track_running_stats=True)\n  (dropout1): Dropout(p=0.25, inplace=False)\n  (conv2): Conv2d(32, 64, kernel_size=(3, 3), stride=(2, 2))\n  (conv2_bn): BatchNorm2d(64, eps=1e-05, momentum=0.1, affine=True, track_running_stats=True)\n  (dropout2): Dropout(p=0.25, inplace=False)\n  (conv3): Conv2d(64, 128, kernel_size=(3, 3), stride=(2, 2))\n  (conv3_bn): BatchNorm2d(128, eps=1e-05, momentum=0.1, affine=True, track_running_stats=True)\n  (dropout3): Dropout(p=0.25, inplace=False)\n  (conv4): Conv2d(128, 256, kernel_size=(3, 3), stride=(1, 1))\n  (conv4_bn): BatchNorm2d(256, eps=1e-05, momentum=0.1, affine=True, track_running_stats=True)\n  (dropout4): Dropout(p=0.25, inplace=False)\n  (conv5): Conv2d(256, 512, kernel_size=(3, 3), stride=(1, 1))\n  (conv5_bn): BatchNorm2d(512, eps=1e-05, momentum=0.1, affine=True, track_running_stats=True)\n  (dropout5): Dropout(p=0.25, inplace=False)\n  (maxpool): MaxPool2d(kernel_size=6, stride=6, padding=0, dilation=1, ceil_mode=False)\n  (adaptive_avg_pool): AdaptiveAvgPool2d(output_size=(9, 9))\n  (conv1x1_1): Conv2d(512, 4, kernel_size=(1, 1), stride=(1, 1))\n  (conv1x1_2): Conv2d(512, 512, kernel_size=(1, 1), stride=(1, 1))\n  (conv1x1_3): Conv2d(512, 10, kernel_size=(1, 1), stride=(1, 1))\n  (fc1): Linear(in_features=41472, out_features=810, bias=True)\n)", "optimizer": "Adam (\nParameter Group 0\n    amsgrad: False\n    betas: (0.9, 0.999)\n    capturable: False\n    differentiable: False\n    eps: 1e-08\n    foreach: None\n    fused: None\n    lr: 0.001\n    maximize: False\n    weight_decay: 0\n)", "k": null}], "program": ":- use_module(library(lists)).\n:- use_module(library(apply)).\nnn(sudoku_net,[X, R, C],Y,[0, 1, 2, 3])::digit(X,R,C,Y).\ncreateFake2x3(X,[[D1, D2, D3], [D4, D5, D6]]) :- digit(X,1,1,D1), digit(X,1,2,D2), digit(X,1,3,D3), digit(X,2,1,D4), digit(X,2,2,D5), digit(X,2,3,D6).\ngiveRightNumber(0,_).\ngiveRightNumber(FH,FH).\nrealColumns([],[]).\nrealColumns(FakeCol,Col) :- FakeCol=[FH | FT], Col=[H | T], giveRightNumber(FH,H), realColumns(FT,T).\nrealRows([],[]).\nrealRows(FakeRows,Rows) :- FakeRows=[FH | FT], Rows=[H | T], realColumns(FH,H), realRows(FT,T).\ninList(X,[X | _]).\ninList(X,[_ | Tail]) :- inList(X,Tail).\nlistInList([],_).\nlistInList([H | T],L) :- inList(H,L), listInList(T,L).\nallDiff([]).\nallDiff([X | Tail]) :- \\+inList(X,Tail), allDiff(Tail).\ntranspose([[] | _],[]).\ntranspose(Matrix,[Row | Rows]) :- transpose_1st_col(Matrix,Row,RestMatrix), transpose(RestMatrix,Rows).\ntranspose_1st_col([],[],[]).\ntranspose_1st_col([[H | T] | Rows],[H | Hs],[T | Ts]) :- transpose_1st_col(Rows,Hs,Ts).\nsolve2x3_both(X,Label) :- createFake2x3(X,Fake), realRows(Fake,Rows), maplist(listInList([1, 2, 3]),Rows), maplist(allDiff,Rows), transpose(Rows,Columns), maplist(allDiff,Columns), label_empty(Label,Fake), label_compl(Label,Rows).\nsolve2x3_empty(X,Label) :- createFake2x3(X,Fake), realRows(Fake,Rows), maplist(listInList([1, 2, 3]),Rows), maplist(allDiff,Rows), transpose(Rows,Columns), maplist(allDiff,Columns), label_empty(Label,Fake).\nsolve2x3_compl(X,Label) :- createFake2x3(X,Fake), realRows(Fake,Rows), maplist(listInList([1, 2, 3]),Rows), maplist(allDiff,Rows), transpose(Rows,Columns), maplist(allDiff,Columns), label_compl(Label,Rows).\nlabel_empty(1,L) :- L=[[1, 0, 0], [0, 1, 2]].\nlabel_empty(2,L) :- L=[[1, 0, 0], [0, 3, 1]].\nlabel_empty(3,L) :- L=[[1, 0, 0], [0, 1, 3]].\nlabel_empty(4,L) :- L=[[1, 0, 0], [0, 2, 1]].\nlabel_empty(5,L) :- L=[[2, 0, 0], [0, 3, 2]].\nlabel_empty(6,L) :- L=[[2, 0, 0], [0, 2, 1]].\nlabel_empty(7,L) :- L=[[3, 0, 0], [0, 2, 3]].\nlabel_empty(8,L) :- L=[[3, 0, 0], [0, 3, 1]].\nlabel_empty(9,L) :- L=[[2, 0, 0], [0, 2, 3]].\nlabel_empty(10,L) :- L=[[2, 0, 0], [0, 1, 2]].\nlabel_empty(11,L) :- L=[[3, 0, 0], [0, 3, 2]].\nlabel_empty(12,L) :- L=[[3, 0, 0], [0, 1, 3]].\nlabel_empty(13,L) :- L=[[0, 2, 3], [0, 0, 2]].\nlabel_empty(14,L) :- L=[[0, 2, 3], [0, 0, 1]].\nlabel_empty(15,L) :- L=[[0, 3, 2], [0, 0, 3]].\nlabel_empty(16,L) :- L=[[0, 3, 2], [0, 0, 1]].\nlabel_empty(17,L) :- L=[[0, 1, 3], [0, 0, 2]].\nlabel_empty(18,L) :- L=[[0, 1, 3], [0, 0, 1]].\nlabel_empty(19,L) :- L=[[0, 1, 2], [0, 0, 3]].\nlabel_empty(20,L) :- L=[[0, 1, 2], [0, 0, 1]].\nlabel_empty(21,L) :- L=[[0, 3, 1], [0, 0, 3]].\nlabel_empty(22,L) :- L=[[0, 3, 1], [0, 0, 2]].\nlabel_empty(23,L) :- L=[[0, 2, 1], [0, 0, 2]].\nlabel_empty(24,L) :- L=[[0, 2, 1], [0, 0, 3]].\nlabel_empty(25,L) :- L=[[0, 0, 3], [3, 1, 0]].\nlabel_empty(26,L) :- L=[[0, 0, 3], [2, 3, 0]].\nlabel_empty(27,L) :- L=[[0, 0, 2], [2, 1, 0]].\nlabel_empty(28,L) :- L=[[0, 0, 2], [3, 2, 0]].\nlabel_empty(29,L) :- L=[[0, 0, 3], [1, 3, 0]].\nlabel_empty(30,L) :- L=[[0, 0, 3], [3, 2, 0]].\nlabel_empty(31,L) :- L=[[0, 0, 2], [1, 2, 0]].\nlabel_empty(32,L) :- L=[[0, 0, 2], [2, 3, 0]].\nlabel_empty(33,L) :- L=[[0, 0, 1], [1, 2, 0]].\nlabel_empty(34,L) :- L=[[0, 0, 1], [3, 1, 0]].\nlabel_empty(35,L) :- L=[[0, 0, 1], [1, 3, 0]].\nlabel_empty(36,L) :- L=[[0, 0, 1], [2, 1, 0]].\nlabel_empty(37,L) :- L=[[1, 0, 0], [3, 1, 0]].\nlabel_empty(38,L) :- L=[[1, 0, 0], [2, 3, 0]].\nlabel_empty(39,L) :- L=[[1, 0, 0], [2, 1, 0]].\nlabel_empty(40,L) :- L=[[1, 0, 0], [3, 2, 0]].\nlabel_empty(41,L) :- L=[[2, 0, 0], [1, 3, 0]].\nlabel_empty(42,L) :- L=[[2, 0, 0], [3, 2, 0]].\nlabel_empty(43,L) :- L=[[3, 0, 0], [1, 2, 0]].\nlabel_empty(44,L) :- L=[[3, 0, 0], [2, 3, 0]].\nlabel_empty(45,L) :- L=[[2, 0, 0], [1, 2, 0]].\nlabel_empty(46,L) :- L=[[2, 0, 0], [3, 1, 0]].\nlabel_empty(47,L) :- L=[[3, 0, 0], [1, 3, 0]].\nlabel_empty(48,L) :- L=[[3, 0, 0], [2, 1, 0]].\nlabel_empty(49,L) :- L=[[1, 0, 3], [3, 0, 0]].\nlabel_empty(50,L) :- L=[[1, 0, 3], [2, 0, 0]].\nlabel_empty(51,L) :- L=[[1, 0, 2], [2, 0, 0]].\nlabel_empty(52,L) :- L=[[1, 0, 2], [3, 0, 0]].\nlabel_empty(53,L) :- L=[[2, 0, 3], [1, 0, 0]].\nlabel_empty(54,L) :- L=[[2, 0, 3], [3, 0, 0]].\nlabel_empty(55,L) :- L=[[3, 0, 2], [1, 0, 0]].\nlabel_empty(56,L) :- L=[[3, 0, 2], [2, 0, 0]].\nlabel_empty(57,L) :- L=[[2, 0, 1], [1, 0, 0]].\nlabel_empty(58,L) :- L=[[2, 0, 1], [3, 0, 0]].\nlabel_empty(59,L) :- L=[[3, 0, 1], [1, 0, 0]].\nlabel_empty(60,L) :- L=[[3, 0, 1], [2, 0, 0]].\nlabel_empty(61,L) :- L=[[0, 2, 0], [3, 0, 2]].\nlabel_empty(62,L) :- L=[[0, 2, 0], [2, 0, 1]].\nlabel_empty(63,L) :- L=[[0, 3, 0], [2, 0, 3]].\nlabel_empty(64,L) :- L=[[0, 3, 0], [3, 0, 1]].\nlabel_empty(65,L) :- L=[[0, 1, 0], [1, 0, 2]].\nlabel_empty(66,L) :- L=[[0, 1, 0], [3, 0, 1]].\nlabel_empty(67,L) :- L=[[0, 1, 0], [1, 0, 3]].\nlabel_empty(68,L) :- L=[[0, 1, 0], [2, 0, 1]].\nlabel_empty(69,L) :- L=[[0, 3, 0], [1, 0, 3]].\nlabel_empty(70,L) :- L=[[0, 3, 0], [3, 0, 2]].\nlabel_empty(71,L) :- L=[[0, 2, 0], [1, 0, 2]].\nlabel_empty(72,L) :- L=[[0, 2, 0], [2, 0, 3]].\nlabel_empty(73,L) :- L=[[1, 0, 3], [0, 1, 0]].\nlabel_empty(74,L) :- L=[[1, 0, 3], [0, 3, 0]].\nlabel_empty(75,L) :- L=[[1, 0, 2], [0, 1, 0]].\nlabel_empty(76,L) :- L=[[1, 0, 2], [0, 2, 0]].\nlabel_empty(77,L) :- L=[[2, 0, 3], [0, 3, 0]].\nlabel_empty(78,L) :- L=[[2, 0, 3], [0, 2, 0]].\nlabel_empty(79,L) :- L=[[3, 0, 2], [0, 2, 0]].\nlabel_empty(80,L) :- L=[[3, 0, 2], [0, 3, 0]].\nlabel_empty(81,L) :- L=[[2, 0, 1], [0, 2, 0]].\nlabel_empty(82,L) :- L=[[2, 0, 1], [0, 1, 0]].\nlabel_empty(83,L) :- L=[[3, 0, 1], [0, 3, 0]].\nlabel_empty(84,L) :- L=[[3, 0, 1], [0, 1, 0]].\nlabel_empty(85,L) :- L=[[1, 0, 3], [0, 0, 2]].\nlabel_empty(86,L) :- L=[[1, 0, 3], [0, 0, 1]].\nlabel_empty(87,L) :- L=[[1, 0, 2], [0, 0, 3]].\nlabel_empty(88,L) :- L=[[1, 0, 2], [0, 0, 1]].\nlabel_empty(89,L) :- L=[[2, 0, 3], [0, 0, 2]].\nlabel_empty(90,L) :- L=[[2, 0, 3], [0, 0, 1]].\nlabel_empty(91,L) :- L=[[3, 0, 2], [0, 0, 3]].\nlabel_empty(92,L) :- L=[[3, 0, 2], [0, 0, 1]].\nlabel_empty(93,L) :- L=[[2, 0, 1], [0, 0, 3]].\nlabel_empty(94,L) :- L=[[2, 0, 1], [0, 0, 2]].\nlabel_empty(95,L) :- L=[[3, 0, 1], [0, 0, 2]].\nlabel_empty(96,L) :- L=[[3, 0, 1], [0, 0, 3]].\nlabel_empty(97,L) :- L=[[0, 2, 0], [0, 1, 2]].\nlabel_empty(98,L) :- L=[[0, 2, 0], [0, 3, 1]].\nlabel_empty(99,L) :- L=[[0, 3, 0], [0, 1, 3]].\nlabel_empty(100,L) :- L=[[0, 3, 0], [0, 2, 1]].\nlabel_empty(101,L) :- L=[[0, 1, 0], [0, 3, 2]].\nlabel_empty(102,L) :- L=[[0, 1, 0], [0, 2, 1]].\nlabel_empty(103,L) :- L=[[0, 1, 0], [0, 2, 3]].\nlabel_empty(104,L) :- L=[[0, 1, 0], [0, 3, 1]].\nlabel_empty(105,L) :- L=[[0, 3, 0], [0, 2, 3]].\nlabel_empty(106,L) :- L=[[0, 3, 0], [0, 1, 2]].\nlabel_empty(107,L) :- L=[[0, 2, 0], [0, 3, 2]].\nlabel_empty(108,L) :- L=[[0, 2, 0], [0, 1, 3]].\nlabel_compl(1,L) :- L=[[1, 2, 3], [3, 1, 2]].\nlabel_compl(2,L) :- L=[[1, 2, 3], [2, 3, 1]].\nlabel_compl(3,L) :- L=[[1, 3, 2], [2, 1, 3]].\nlabel_compl(4,L) :- L=[[1, 3, 2], [3, 2, 1]].\nlabel_compl(5,L) :- L=[[2, 1, 3], [1, 3, 2]].\nlabel_compl(6,L) :- L=[[2, 1, 3], [3, 2, 1]].\nlabel_compl(7,L) :- L=[[3, 1, 2], [1, 2, 3]].\nlabel_compl(8,L) :- L=[[3, 1, 2], [2, 3, 1]].\nlabel_compl(9,L) :- L=[[2, 3, 1], [1, 2, 3]].\nlabel_compl(10,L) :- L=[[2, 3, 1], [3, 1, 2]].\nlabel_compl(11,L) :- L=[[3, 2, 1], [1, 3, 2]].\nlabel_compl(12,L) :- L=[[3, 2, 1], [2, 1, 3]].\nlabel_compl(13,L) :- L=[[1, 2, 3], [3, 1, 2]].\nlabel_compl(14,L) :- L=[[1, 2, 3], [2, 3, 1]].\nlabel_compl(15,L) :- L=[[1, 3, 2], [2, 1, 3]].\nlabel_compl(16,L) :- L=[[1, 3, 2], [3, 2, 1]].\nlabel_compl(17,L) :- L=[[2, 1, 3], [1, 3, 2]].\nlabel_compl(18,L) :- L=[[2, 1, 3], [3, 2, 1]].\nlabel_compl(19,L) :- L=[[3, 1, 2], [1, 2, 3]].\nlabel_compl(20,L) :- L=[[3, 1, 2], [2, 3, 1]].\nlabel_compl(21,L) :- L=[[2, 3, 1], [1, 2, 3]].\nlabel_compl(22,L) :- L=[[2, 3, 1], [3, 1, 2]].\nlabel_compl(23,L) :- L=[[3, 2, 1], [1, 3, 2]].\nlabel_compl(24,L) :- L=[[3, 2, 1], [2, 1, 3]].\nlabel_compl(25,L) :- L=[[1, 2, 3], [3, 1, 2]].\nlabel_compl(26,L) :- L=[[1, 2, 3], [2, 3, 1]].\nlabel_compl(27,L) :- L=[[1, 3, 2], [2, 1, 3]].\nlabel_compl(28,L) :- L=[[1, 3, 2], [3, 2, 1]].\nlabel_compl(29,L) :- L=[[2, 1, 3], [1, 3, 2]].\nlabel_compl(30,L) :- L=[[2, 1, 3], [3, 2, 1]].\nlabel_compl(31,L) :- L=[[3, 1, 2], [1, 2, 3]].\nlabel_compl(32,L) :- L=[[3, 1, 2], [2, 3, 1]].\nlabel_compl(33,L) :- L=[[2, 3, 1], [1, 2, 3]].\nlabel_compl(34,L) :- L=[[2, 3, 1], [3, 1, 2]].\nlabel_compl(35,L) :- L=[[3, 2, 1], [1, 3, 2]].\nlabel_compl(36,L) :- L=[[3, 2, 1], [2, 1, 3]].\nlabel_compl(37,L) :- L=[[1, 2, 3], [3, 1, 2]].\nlabel_compl(38,L) :- L=[[1, 2, 3], [2, 3, 1]].\nlabel_compl(39,L) :- L=[[1, 3, 2], [2, 1, 3]].\nlabel_compl(40,L) :- L=[[1, 3, 2], [3, 2, 1]].\nlabel_compl(41,L) :- L=[[2, 1, 3], [1, 3, 2]].\nlabel_compl(42,L) :- L=[[2, 1, 3], [3, 2, 1]].\nlabel_compl(43,L) :- L=[[3, 1, 2], [1, 2, 3]].\nlabel_compl(44,L) :- L=[[3, 1, 2], [2, 3, 1]].\nlabel_compl(45,L) :- L=[[2, 3, 1], [1, 2, 3]].\nlabel_compl(46,L) :- L=[[2, 3, 1], [3, 1, 2]].\nlabel_compl(47,L) :- L=[[3, 2, 1], [1, 3, 2]].\nlabel_compl(48,L) :- L=[[3, 2, 1], [2, 1, 3]].\nlabel_compl(49,L) :- L=[[1, 2, 3], [3, 1, 2]].\nlabel_compl(50,L) :- L=[[1, 2, 3], [2, 3, 1]].\nlabel_compl(51,L) :- L=[[1, 3, 2], [2, 1, 3]].\nlabel_compl(52,L) :- L=[[1, 3, 2], [3, 2, 1]].\nlabel_compl(53,L) :- L=[[2, 1, 3], [1, 3, 2]].\nlabel_compl(54,L) :- L=[[2, 1, 3], [3, 2, 1]].\nlabel_compl(55,L) :- L=[[3, 1, 2], [1, 2, 3]].\nlabel_compl(56,L) :- L=[[3, 1, 2], [2, 3, 1]].\nlabel_compl(57,L) :- L=[[2, 3, 1], [1, 2, 3]].\nlabel_compl(58,L) :- L=[[2, 3, 1], [3, 1, 2]].\nlabel_compl(59,L) :- L=[[3, 2, 1], [1, 3, 2]].\nlabel_compl(60,L) :- L=[[3, 2, 1], [2, 1, 3]].\nlabel_compl(61,L) :- L=[[1, 2, 3], [3, 1, 2]].\nlabel_compl(62,L) :- L=[[1, 2, 3], [2, 3, 1]].\nlabel_compl(63,L) :- L=[[1, 3, 2], [2, 1, 3]].\nlabel_compl(64,L) :- L=[[1, 3, 2], [3, 2, 1]].\nlabel_compl(65,L) :- L=[[2, 1, 3], [1, 3, 2]].\nlabel_compl(66,L) :- L=[[2, 1, 3], [3, 2, 1]].\nlabel_compl(67,L) :- L=[[3, 1, 2], [1, 2, 3]].\nlabel_compl(68,L) :- L=[[3, 1, 2], [2, 3, 1]].\nlabel_compl(69,L) :- L=[[2, 3, 1], [1, 2, 3]].\nlabel_compl(70,L) :- L=[[2, 3, 1], [3, 1, 2]].\nlabel_compl(71,L) :- L=[[3, 2, 1], [1, 3, 2]].\nlabel_compl(72,L) :- L=[[3, 2, 1], [2, 1, 3]].\nlabel_compl(73,L) :- L=[[1, 2, 3], [3, 1, 2]].\nlabel_compl(74,L) :- L=[[1, 2, 3], [2, 3, 1]].\nlabel_compl(75,L) :- L=[[1, 3, 2], [2, 1, 3]].\nlabel_compl(76,L) :- L=[[1, 3, 2], [3, 2, 1]].\nlabel_compl(77,L) :- L=[[2, 1, 3], [1, 3, 2]].\nlabel_compl(78,L) :- L=[[2, 1, 3], [3, 2, 1]].\nlabel_compl(79,L) :- L=[[3, 1, 2], [1, 2, 3]].\nlabel_compl(80,L) :- L=[[3, 1, 2], [2, 3, 1]].\nlabel_compl(81,L) :- L=[[2, 3, 1], [1, 2, 3]].\nlabel_compl(82,L) :- L=[[2, 3, 1], [3, 1, 2]].\nlabel_compl(83,L) :- L=[[3, 2, 1], [1, 3, 2]].\nlabel_compl(84,L) :- L=[[3, 2, 1], [2, 1, 3]].\nlabel_compl(85,L) :- L=[[1, 2, 3], [3, 1, 2]].\nlabel_compl(86,L) :- L=[[1, 2, 3], [2, 3, 1]].\nlabel_compl(87,L) :- L=[[1, 3, 2], [2, 1, 3]].\nlabel_compl(88,L) :- L=[[1, 3, 2], [3, 2, 1]].\nlabel_compl(89,L) :- L=[[2, 1, 3], [1, 3, 2]].\nlabel_compl(90,L) :- L=[[2, 1, 3], [3, 2, 1]].\nlabel_compl(91,L) :- L=[[3, 1, 2], [1, 2, 3]].\nlabel_compl(92,L) :- L=[[3, 1, 2], [2, 3, 1]].\nlabel_compl(93,L) :- L=[[2, 3, 1], [1, 2, 3]].\nlabel_compl(94,L) :- L=[[2, 3, 1], [3, 1, 2]].\nlabel_compl(95,L) :- L=[[3, 2, 1], [1, 3, 2]].\nlabel_compl(96,L) :- L=[[3, 2, 1], [2, 1, 3]].\nlabel_compl(97,L) :- L=[[1, 2, 3], [3, 1, 2]].\nlabel_compl(98,L) :- L=[[1, 2, 3], [2, 3, 1]].\nlabel_compl(99,L) :- L=[[1, 3, 2], [2, 1, 3]].\nlabel_compl(100,L) :- L=[[1, 3, 2], [3, 2, 1]].\nlabel_compl(101,L) :- L=[[2, 1, 3], [1, 3, 2]].\nlabel_compl(102,L) :- L=[[2, 1, 3], [3, 2, 1]].\nlabel_compl(103,L) :- L=[[3, 1, 2], [1, 2, 3]].\nlabel_compl(104,L) :- L=[[3, 1, 2], [2, 3, 1]].\nlabel_compl(105,L) :- L=[[2, 3, 1], [1, 2, 3]].\nlabel_compl(106,L) :- L=[[2, 3, 1], [3, 1, 2]].\nlabel_compl(107,L) :- L=[[3, 2, 1], [1, 3, 2]].\nlabel_compl(108,L) :- L=[[3, 2, 1], [2, 1, 3]].\n"}
#Accuracy 0.0
i,time,loss,ground_time,compile_time,eval_time
2,30.487701177597046,4.181170463562012,30.14357304573059,0.09353184700012207,0.13770008087158203
3,61.072813272476196,3.7214555740356445,30.258408069610596,0.09441995620727539,0.13843393325805664
4,89.31563186645508,1.9168261289596558,27.889955043792725,0.11442899703979492,0.14132404327392578
5,120.27653908729553,0.06936231255531311,30.550847053527832,0.14705586433410645,0.1471710205078125
6,156.4301061630249,5.1260126383567695e-06,35.87328600883484,0.14184308052062988,0.08350324630737305
7,194.09556412696838,0.0,37.40308690071106,0.11422896385192871,0.08722090721130371
8,233.60705018043518,0.0,39.2259566783905,0.1344771385192871,0.08896899223327637
9,272.96865606307983,0.0,39.16215705871582,0.04060792922973633,0.09094715118408203
10,311.8951292037964,0.0,38.72412586212158,0.04219985008239746,0.08841300010681152
11,348.51681303977966,0.0,36.42178273200989,0.04246401786804199,0.09239506721496582
12,382.6377012729645,0.0,33.95896291732788,0.03622102737426758,0.07696104049682617
13,410.9777669906616,0.0,28.19379997253418,0.033193111419677734,0.06632876396179199
14,427.4221861362457,0.0,16.336732864379883,0.021594762802124023,0.0402529239654541
15,441.5233380794525,0.0,14.006842851638794,0.018931865692138672,0.03893303871154785
16,455.6644480228424,0.0,14.036661863327026,0.022094011306762695,0.040766000747680664
17,469.90734910964966,0.0,14.151426076889038,0.020626068115234375,0.040315866470336914
18,484.8902852535248,0.0,14.885171890258789,0.019641876220703125,0.03912687301635742
19,484.96298813819885,0.0,30.14357304573059,0.09353184700012207,0.03684377670288086
20,485.03055596351624,0.0,30.258408069610596,0.09441995620727539,0.03637194633483887
21,485.10289216041565,0.0,27.889955043792725,0.11442899703979492,0.03550529479980469
22,485.1694531440735,0.0,30.550847053527832,0.14705586433410645,0.03502607345581055
23,485.23731112480164,0.0,35.87328600883484,0.14184308052062988,0.034281015396118164
24,485.3030972480774,0.0,37.40308690071106,0.11422896385192871,0.03539323806762695
25,485.36639308929443,0.0,39.2259566783905,0.1344771385192871,0.03365015983581543
26,485.43206214904785,0.0,39.16215705871582,0.04060792922973633,0.03440713882446289
27,485.5040352344513,0.0,38.72412586212158,0.04219985008239746,0.03565621376037598
28,485.57260298728943,0.0,36.42178273200989,0.04246401786804199,0.03543591499328613
29,485.6448199748993,0.0,33.95896291732788,0.03622102737426758,0.03596997261047363
30,485.7164349555969,0.0,28.19379997253418,0.033193111419677734,0.03657197952270508
31,485.7877662181854,0.0,16.336732864379883,0.021594762802124023,0.037946224212646484
32,485.8580901622772,0.0,14.006842851638794,0.018931865692138672,0.03751397132873535
33,485.93145298957825,0.0,14.036661863327026,0.022094011306762695,0.034375905990600586
34,485.996737241745,0.0,14.151426076889038,0.020626068115234375,0.034311771392822266
35,486.0581660270691,0.0,14.885171890258789,0.019641876220703125,0.034319162368774414
36,486.13122510910034,0.0,30.14357304573059,0.09353184700012207,0.035334110260009766
37,486.19965505599976,0.0,30.258408069610596,0.09441995620727539,0.035790205001831055
38,486.2662081718445,0.0,27.889955043792725,0.11442899703979492,0.03580188751220703
39,486.33305501937866,0.0,30.550847053527832,0.14705586433410645,0.03456711769104004
40,486.40888929367065,0.0,35.87328600883484,0.14184308052062988,0.03620100021362305
41,486.473384141922,0.0,37.40308690071106,0.11422896385192871,0.034883737564086914
42,486.54247522354126,0.0,39.2259566783905,0.1344771385192871,0.03481292724609375
43,486.6113831996918,0.0,39.16215705871582,0.04060792922973633,0.03571510314941406
44,486.68212509155273,0.0,38.72412586212158,0.04219985008239746,0.033290863037109375
45,486.75000619888306,0.0,36.42178273200989,0.04246401786804199,0.03362298011779785
46,486.8208839893341,0.0,33.95896291732788,0.03622102737426758,0.03366494178771973
47,486.895898103714,0.0,28.19379997253418,0.033193111419677734,0.035707950592041016
48,486.9693582057953,0.0,16.336732864379883,0.021594762802124023,0.034674882888793945
49,487.04495429992676,0.0,14.006842851638794,0.018931865692138672,0.034893035888671875
50,487.11844420433044,0.0,14.036661863327026,0.022094011306762695,0.034623146057128906
51,487.1963200569153,0.0,14.151426076889038,0.020626068115234375,0.035761356353759766
52,487.27167797088623,0.0,14.885171890258789,0.019641876220703125,0.03508400917053223
53,487.3398952484131,0.0,30.14357304573059,0.09353184700012207,0.03607296943664551
54,487.4337091445923,0.0,30.258408069610596,0.09441995620727539,0.04889392852783203
55,487.5134038925171,0.0,27.889955043792725,0.11442899703979492,0.0351560115814209
56,487.5812702178955,0.0,30.550847053527832,0.14705586433410645,0.03470277786254883
57,487.6519811153412,0.0,35.87328600883484,0.14184308052062988,0.0353851318359375
58,487.72653317451477,0.0,37.40308690071106,0.11422896385192871,0.03466176986694336
59,487.7953290939331,0.0,39.2259566783905,0.1344771385192871,0.034108877182006836
60,487.8733389377594,0.0,39.16215705871582,0.04060792922973633,0.035457611083984375
61,487.9479761123657,0.0,38.72412586212158,0.04219985008239746,0.03621411323547363
62,488.0177149772644,0.0,36.42178273200989,0.04246401786804199,0.03509116172790527
63,488.0878801345825,0.0,33.95896291732788,0.03622102737426758,0.03454303741455078
64,488.158319234848,0.0,28.19379997253418,0.033193111419677734,0.03339028358459473
65,488.2294211387634,0.0,16.336732864379883,0.021594762802124023,0.03371477127075195
66,488.2980921268463,0.0,14.006842851638794,0.018931865692138672,0.03535795211791992
67,488.36706805229187,0.0,14.036661863327026,0.022094011306762695,0.0348050594329834
68,488.4426620006561,0.0,14.151426076889038,0.020626068115234375,0.03486919403076172
69,488.5883619785309,0.0,14.885171890258789,0.019641876220703125,0.03545188903808594
70,488.66407203674316,0.0,30.14357304573059,0.09353184700012207,0.03518986701965332
71,488.73944211006165,0.0,30.258408069610596,0.09441995620727539,0.03589177131652832
72,488.8103942871094,0.0,27.889955043792725,0.11442899703979492,0.03809618949890137
73,488.87678122520447,0.0,30.550847053527832,0.14705586433410645,0.03523087501525879
74,488.95308232307434,0.0,35.87328600883484,0.14184308052062988,0.0360569953918457
75,489.02739810943604,0.0,37.40308690071106,0.11422896385192871,0.03577923774719238
76,489.0971751213074,0.0,39.2259566783905,0.1344771385192871,0.03459000587463379
77,489.17080211639404,0.0,39.16215705871582,0.04060792922973633,0.03432774543762207
78,489.2410900592804,0.0,38.72412586212158,0.04219985008239746,0.034731149673461914
79,489.3069121837616,0.0,36.42178273200989,0.04246401786804199,0.03434395790100098
80,489.38039112091064,0.0,33.95896291732788,0.03622102737426758,0.03422117233276367
81,489.45286417007446,0.0,28.19379997253418,0.033193111419677734,0.035224199295043945
82,489.5223093032837,0.0,16.336732864379883,0.021594762802124023,0.03659701347351074
83,489.59607195854187,0.0,14.006842851638794,0.018931865692138672,0.03494906425476074
84,489.67214488983154,0.0,14.036661863327026,0.022094011306762695,0.03515195846557617
85,489.73970007896423,0.0,14.151426076889038,0.020626068115234375,0.03469586372375488
86,489.8051772117615,0.0,14.885171890258789,0.019641876220703125,0.034060001373291016