#{"solver": {"engine": {"type": "ExactEngine"}, "semiring": "GraphSemiring"}, "networks": [{"name": "sudoku_net", "module": "Sudoku_Net(\n  (conv1): Conv2d(1, 32, kernel_size=(4, 4), stride=(1, 1))\n  (conv1_bn): BatchNorm2d(32, eps=1e-05, momentum=0.1, affine=True, track_running_stats=True)\n  (dropout1): Dropout(p=0.25, inplace=False)\n  (conv2): Conv2d(32, 64, kernel_size=(3, 3), stride=(2, 2))\n  (conv2_bn): BatchNorm2d(64, eps=1e-05, momentum=0.1, affine=True, track_running_stats=True)\n  (dropout2): Dropout(p=0.25, inplace=False)\n  (conv3): Conv2d(64, 128, kernel_size=(3, 3), stride=(2, 2))\n  (conv3_bn): BatchNorm2d(128, eps=1e-05, momentum=0.1, affine=True, track_running_stats=True)\n  (dropout3): Dropout(p=0.25, inplace=False)\n  (conv4): Conv2d(128, 256, kernel_size=(3, 3), stride=(1, 1))\n  (conv4_bn): BatchNorm2d(256, eps=1e-05, momentum=0.1, affine=True, track_running_stats=True)\n  (dropout4): Dropout(p=0.25, inplace=False)\n  (conv5): Conv2d(256, 512, kernel_size=(3, 3), stride=(1, 1))\n  (conv5_bn): BatchNorm2d(512, eps=1e-05, momentum=0.1, affine=True, track_running_stats=True)\n  (dropout5): Dropout(p=0.25, inplace=False)\n  (maxpool): MaxPool2d(kernel_size=6, stride=6, padding=0, dilation=1, ceil_mode=False)\n  (adaptive_avg_pool): AdaptiveAvgPool2d(output_size=(9, 9))\n  (conv1x1_1): Conv2d(512, 4, kernel_size=(1, 1), stride=(1, 1))\n  (conv1x1_2): Conv2d(512, 512, kernel_size=(1, 1), stride=(1, 1))\n  (conv1x1_3): Conv2d(512, 10, kernel_size=(1, 1), stride=(1, 1))\n  (fc1): Linear(in_features=41472, out_features=810, bias=True)\n)", "optimizer": "Adam (\nParameter Group 0\n    amsgrad: False\n    betas: (0.9, 0.999)\n    capturable: False\n    differentiable: False\n    eps: 1e-08\n    foreach: None\n    fused: None\n    lr: 0.001\n    maximize: False\n    weight_decay: 0\n)", "k": null}], "program": ":- use_module(library(lists)).\n:- use_module(library(apply)).\nnn(sudoku_net,[X, R, C],Y,[0, 1, 2, 3])::digit(X,R,C,Y).\ncreateFake2x3(X,[[D1, D2, D3], [D4, D5, D6]]) :- digit(X,1,1,D1), digit(X,1,2,D2), digit(X,1,3,D3), digit(X,2,1,D4), digit(X,2,2,D5), digit(X,2,3,D6).\ngiveRightNumber(0,_).\ngiveRightNumber(FH,FH).\nrealColumns([],[]).\nrealColumns(FakeCol,Col) :- FakeCol=[FH | FT], Col=[H | T], giveRightNumber(FH,H), realColumns(FT,T).\nrealRows([],[]).\nrealRows(FakeRows,Rows) :- FakeRows=[FH | FT], Rows=[H | T], realColumns(FH,H), realRows(FT,T).\ninList(X,[X | _]).\ninList(X,[_ | Tail]) :- inList(X,Tail).\nlistInList([],_).\nlistInList([H | T],L) :- inList(H,L), listInList(T,L).\nallDiff([]).\nallDiff([X | Tail]) :- \\+inList(X,Tail), allDiff(Tail).\ntranspose([[] | _],[]).\ntranspose(Matrix,[Row | Rows]) :- transpose_1st_col(Matrix,Row,RestMatrix), transpose(RestMatrix,Rows).\ntranspose_1st_col([],[],[]).\ntranspose_1st_col([[H | T] | Rows],[H | Hs],[T | Ts]) :- transpose_1st_col(Rows,Hs,Ts).\nsolve2x3_both(X,Label) :- createFake2x3(X,Fake), realRows(Fake,Rows), maplist(listInList([1, 2, 3]),Rows), maplist(allDiff,Rows), transpose(Rows,Columns), maplist(allDiff,Columns), label_empty(Label,Fake), label_compl(Label,Rows).\nsolve2x3_empty(X,Label) :- createFake2x3(X,Fake), realRows(Fake,Rows), maplist(listInList([1, 2, 3]),Rows), maplist(allDiff,Rows), transpose(Rows,Columns), maplist(allDiff,Columns), label_empty(Label,Fake).\nsolve2x3_compl(X,Label) :- createFake2x3(X,Fake), realRows(Fake,Rows), maplist(listInList([1, 2, 3]),Rows), maplist(allDiff,Rows), transpose(Rows,Columns), maplist(allDiff,Columns), label_compl(Label,Rows).\nlabel_empty(1,L) :- L=[[1, 0, 0], [0, 1, 2]].\nlabel_empty(2,L) :- L=[[1, 0, 0], [0, 3, 1]].\nlabel_empty(3,L) :- L=[[1, 0, 0], [0, 1, 3]].\nlabel_empty(4,L) :- L=[[1, 0, 0], [0, 2, 1]].\nlabel_empty(5,L) :- L=[[2, 0, 0], [0, 3, 2]].\nlabel_empty(6,L) :- L=[[2, 0, 0], [0, 2, 1]].\nlabel_empty(7,L) :- L=[[3, 0, 0], [0, 2, 3]].\nlabel_empty(8,L) :- L=[[3, 0, 0], [0, 3, 1]].\nlabel_empty(9,L) :- L=[[2, 0, 0], [0, 2, 3]].\nlabel_empty(10,L) :- L=[[2, 0, 0], [0, 1, 2]].\nlabel_empty(11,L) :- L=[[3, 0, 0], [0, 3, 2]].\nlabel_empty(12,L) :- L=[[3, 0, 0], [0, 1, 3]].\nlabel_empty(13,L) :- L=[[0, 2, 3], [0, 0, 2]].\nlabel_empty(14,L) :- L=[[0, 2, 3], [0, 0, 1]].\nlabel_empty(15,L) :- L=[[0, 3, 2], [0, 0, 3]].\nlabel_empty(16,L) :- L=[[0, 3, 2], [0, 0, 1]].\nlabel_empty(17,L) :- L=[[0, 1, 3], [0, 0, 2]].\nlabel_empty(18,L) :- L=[[0, 1, 3], [0, 0, 1]].\nlabel_empty(19,L) :- L=[[0, 1, 2], [0, 0, 3]].\nlabel_empty(20,L) :- L=[[0, 1, 2], [0, 0, 1]].\nlabel_empty(21,L) :- L=[[0, 3, 1], [0, 0, 3]].\nlabel_empty(22,L) :- L=[[0, 3, 1], [0, 0, 2]].\nlabel_empty(23,L) :- L=[[0, 2, 1], [0, 0, 2]].\nlabel_empty(24,L) :- L=[[0, 2, 1], [0, 0, 3]].\nlabel_empty(25,L) :- L=[[0, 0, 3], [3, 1, 0]].\nlabel_empty(26,L) :- L=[[0, 0, 3], [2, 3, 0]].\nlabel_empty(27,L) :- L=[[0, 0, 2], [2, 1, 0]].\nlabel_empty(28,L) :- L=[[0, 0, 2], [3, 2, 0]].\nlabel_empty(29,L) :- L=[[0, 0, 3], [1, 3, 0]].\nlabel_empty(30,L) :- L=[[0, 0, 3], [3, 2, 0]].\nlabel_empty(31,L) :- L=[[0, 0, 2], [1, 2, 0]].\nlabel_empty(32,L) :- L=[[0, 0, 2], [2, 3, 0]].\nlabel_empty(33,L) :- L=[[0, 0, 1], [1, 2, 0]].\nlabel_empty(34,L) :- L=[[0, 0, 1], [3, 1, 0]].\nlabel_empty(35,L) :- L=[[0, 0, 1], [1, 3, 0]].\nlabel_empty(36,L) :- L=[[0, 0, 1], [2, 1, 0]].\nlabel_empty(37,L) :- L=[[1, 0, 0], [3, 1, 0]].\nlabel_empty(38,L) :- L=[[1, 0, 0], [2, 3, 0]].\nlabel_empty(39,L) :- L=[[1, 0, 0], [2, 1, 0]].\nlabel_empty(40,L) :- L=[[1, 0, 0], [3, 2, 0]].\nlabel_empty(41,L) :- L=[[2, 0, 0], [1, 3, 0]].\nlabel_empty(42,L) :- L=[[2, 0, 0], [3, 2, 0]].\nlabel_empty(43,L) :- L=[[3, 0, 0], [1, 2, 0]].\nlabel_empty(44,L) :- L=[[3, 0, 0], [2, 3, 0]].\nlabel_empty(45,L) :- L=[[2, 0, 0], [1, 2, 0]].\nlabel_empty(46,L) :- L=[[2, 0, 0], [3, 1, 0]].\nlabel_empty(47,L) :- L=[[3, 0, 0], [1, 3, 0]].\nlabel_empty(48,L) :- L=[[3, 0, 0], [2, 1, 0]].\nlabel_empty(49,L) :- L=[[1, 0, 3], [3, 0, 0]].\nlabel_empty(50,L) :- L=[[1, 0, 3], [2, 0, 0]].\nlabel_empty(51,L) :- L=[[1, 0, 2], [2, 0, 0]].\nlabel_empty(52,L) :- L=[[1, 0, 2], [3, 0, 0]].\nlabel_empty(53,L) :- L=[[2, 0, 3], [1, 0, 0]].\nlabel_empty(54,L) :- L=[[2, 0, 3], [3, 0, 0]].\nlabel_empty(55,L) :- L=[[3, 0, 2], [1, 0, 0]].\nlabel_empty(56,L) :- L=[[3, 0, 2], [2, 0, 0]].\nlabel_empty(57,L) :- L=[[2, 0, 1], [1, 0, 0]].\nlabel_empty(58,L) :- L=[[2, 0, 1], [3, 0, 0]].\nlabel_empty(59,L) :- L=[[3, 0, 1], [1, 0, 0]].\nlabel_empty(60,L) :- L=[[3, 0, 1], [2, 0, 0]].\nlabel_empty(61,L) :- L=[[0, 2, 0], [3, 0, 2]].\nlabel_empty(62,L) :- L=[[0, 2, 0], [2, 0, 1]].\nlabel_empty(63,L) :- L=[[0, 3, 0], [2, 0, 3]].\nlabel_empty(64,L) :- L=[[0, 3, 0], [3, 0, 1]].\nlabel_empty(65,L) :- L=[[0, 1, 0], [1, 0, 2]].\nlabel_empty(66,L) :- L=[[0, 1, 0], [3, 0, 1]].\nlabel_empty(67,L) :- L=[[0, 1, 0], [1, 0, 3]].\nlabel_empty(68,L) :- L=[[0, 1, 0], [2, 0, 1]].\nlabel_empty(69,L) :- L=[[0, 3, 0], [1, 0, 3]].\nlabel_empty(70,L) :- L=[[0, 3, 0], [3, 0, 2]].\nlabel_empty(71,L) :- L=[[0, 2, 0], [1, 0, 2]].\nlabel_empty(72,L) :- L=[[0, 2, 0], [2, 0, 3]].\nlabel_empty(73,L) :- L=[[1, 0, 3], [0, 1, 0]].\nlabel_empty(74,L) :- L=[[1, 0, 3], [0, 3, 0]].\nlabel_empty(75,L) :- L=[[1, 0, 2], [0, 1, 0]].\nlabel_empty(76,L) :- L=[[1, 0, 2], [0, 2, 0]].\nlabel_empty(77,L) :- L=[[2, 0, 3], [0, 3, 0]].\nlabel_empty(78,L) :- L=[[2, 0, 3], [0, 2, 0]].\nlabel_empty(79,L) :- L=[[3, 0, 2], [0, 2, 0]].\nlabel_empty(80,L) :- L=[[3, 0, 2], [0, 3, 0]].\nlabel_empty(81,L) :- L=[[2, 0, 1], [0, 2, 0]].\nlabel_empty(82,L) :- L=[[2, 0, 1], [0, 1, 0]].\nlabel_empty(83,L) :- L=[[3, 0, 1], [0, 3, 0]].\nlabel_empty(84,L) :- L=[[3, 0, 1], [0, 1, 0]].\nlabel_empty(85,L) :- L=[[1, 0, 3], [0, 0, 2]].\nlabel_empty(86,L) :- L=[[1, 0, 3], [0, 0, 1]].\nlabel_empty(87,L) :- L=[[1, 0, 2], [0, 0, 3]].\nlabel_empty(88,L) :- L=[[1, 0, 2], [0, 0, 1]].\nlabel_empty(89,L) :- L=[[2, 0, 3], [0, 0, 2]].\nlabel_empty(90,L) :- L=[[2, 0, 3], [0, 0, 1]].\nlabel_empty(91,L) :- L=[[3, 0, 2], [0, 0, 3]].\nlabel_empty(92,L) :- L=[[3, 0, 2], [0, 0, 1]].\nlabel_empty(93,L) :- L=[[2, 0, 1], [0, 0, 3]].\nlabel_empty(94,L) :- L=[[2, 0, 1], [0, 0, 2]].\nlabel_empty(95,L) :- L=[[3, 0, 1], [0, 0, 2]].\nlabel_empty(96,L) :- L=[[3, 0, 1], [0, 0, 3]].\nlabel_empty(97,L) :- L=[[0, 2, 0], [0, 1, 2]].\nlabel_empty(98,L) :- L=[[0, 2, 0], [0, 3, 1]].\nlabel_empty(99,L) :- L=[[0, 3, 0], [0, 1, 3]].\nlabel_empty(100,L) :- L=[[0, 3, 0], [0, 2, 1]].\nlabel_empty(101,L) :- L=[[0, 1, 0], [0, 3, 2]].\nlabel_empty(102,L) :- L=[[0, 1, 0], [0, 2, 1]].\nlabel_empty(103,L) :- L=[[0, 1, 0], [0, 2, 3]].\nlabel_empty(104,L) :- L=[[0, 1, 0], [0, 3, 1]].\nlabel_empty(105,L) :- L=[[0, 3, 0], [0, 2, 3]].\nlabel_empty(106,L) :- L=[[0, 3, 0], [0, 1, 2]].\nlabel_empty(107,L) :- L=[[0, 2, 0], [0, 3, 2]].\nlabel_empty(108,L) :- L=[[0, 2, 0], [0, 1, 3]].\nlabel_compl(1,L) :- L=[[1, 2, 3], [3, 1, 2]].\nlabel_compl(2,L) :- L=[[1, 2, 3], [2, 3, 1]].\nlabel_compl(3,L) :- L=[[1, 3, 2], [2, 1, 3]].\nlabel_compl(4,L) :- L=[[1, 3, 2], [3, 2, 1]].\nlabel_compl(5,L) :- L=[[2, 1, 3], [1, 3, 2]].\nlabel_compl(6,L) :- L=[[2, 1, 3], [3, 2, 1]].\nlabel_compl(7,L) :- L=[[3, 1, 2], [1, 2, 3]].\nlabel_compl(8,L) :- L=[[3, 1, 2], [2, 3, 1]].\nlabel_compl(9,L) :- L=[[2, 3, 1], [1, 2, 3]].\nlabel_compl(10,L) :- L=[[2, 3, 1], [3, 1, 2]].\nlabel_compl(11,L) :- L=[[3, 2, 1], [1, 3, 2]].\nlabel_compl(12,L) :- L=[[3, 2, 1], [2, 1, 3]].\nlabel_compl(13,L) :- L=[[1, 2, 3], [3, 1, 2]].\nlabel_compl(14,L) :- L=[[1, 2, 3], [2, 3, 1]].\nlabel_compl(15,L) :- L=[[1, 3, 2], [2, 1, 3]].\nlabel_compl(16,L) :- L=[[1, 3, 2], [3, 2, 1]].\nlabel_compl(17,L) :- L=[[2, 1, 3], [1, 3, 2]].\nlabel_compl(18,L) :- L=[[2, 1, 3], [3, 2, 1]].\nlabel_compl(19,L) :- L=[[3, 1, 2], [1, 2, 3]].\nlabel_compl(20,L) :- L=[[3, 1, 2], [2, 3, 1]].\nlabel_compl(21,L) :- L=[[2, 3, 1], [1, 2, 3]].\nlabel_compl(22,L) :- L=[[2, 3, 1], [3, 1, 2]].\nlabel_compl(23,L) :- L=[[3, 2, 1], [1, 3, 2]].\nlabel_compl(24,L) :- L=[[3, 2, 1], [2, 1, 3]].\nlabel_compl(25,L) :- L=[[1, 2, 3], [3, 1, 2]].\nlabel_compl(26,L) :- L=[[1, 2, 3], [2, 3, 1]].\nlabel_compl(27,L) :- L=[[1, 3, 2], [2, 1, 3]].\nlabel_compl(28,L) :- L=[[1, 3, 2], [3, 2, 1]].\nlabel_compl(29,L) :- L=[[2, 1, 3], [1, 3, 2]].\nlabel_compl(30,L) :- L=[[2, 1, 3], [3, 2, 1]].\nlabel_compl(31,L) :- L=[[3, 1, 2], [1, 2, 3]].\nlabel_compl(32,L) :- L=[[3, 1, 2], [2, 3, 1]].\nlabel_compl(33,L) :- L=[[2, 3, 1], [1, 2, 3]].\nlabel_compl(34,L) :- L=[[2, 3, 1], [3, 1, 2]].\nlabel_compl(35,L) :- L=[[3, 2, 1], [1, 3, 2]].\nlabel_compl(36,L) :- L=[[3, 2, 1], [2, 1, 3]].\nlabel_compl(37,L) :- L=[[1, 2, 3], [3, 1, 2]].\nlabel_compl(38,L) :- L=[[1, 2, 3], [2, 3, 1]].\nlabel_compl(39,L) :- L=[[1, 3, 2], [2, 1, 3]].\nlabel_compl(40,L) :- L=[[1, 3, 2], [3, 2, 1]].\nlabel_compl(41,L) :- L=[[2, 1, 3], [1, 3, 2]].\nlabel_compl(42,L) :- L=[[2, 1, 3], [3, 2, 1]].\nlabel_compl(43,L) :- L=[[3, 1, 2], [1, 2, 3]].\nlabel_compl(44,L) :- L=[[3, 1, 2], [2, 3, 1]].\nlabel_compl(45,L) :- L=[[2, 3, 1], [1, 2, 3]].\nlabel_compl(46,L) :- L=[[2, 3, 1], [3, 1, 2]].\nlabel_compl(47,L) :- L=[[3, 2, 1], [1, 3, 2]].\nlabel_compl(48,L) :- L=[[3, 2, 1], [2, 1, 3]].\nlabel_compl(49,L) :- L=[[1, 2, 3], [3, 1, 2]].\nlabel_compl(50,L) :- L=[[1, 2, 3], [2, 3, 1]].\nlabel_compl(51,L) :- L=[[1, 3, 2], [2, 1, 3]].\nlabel_compl(52,L) :- L=[[1, 3, 2], [3, 2, 1]].\nlabel_compl(53,L) :- L=[[2, 1, 3], [1, 3, 2]].\nlabel_compl(54,L) :- L=[[2, 1, 3], [3, 2, 1]].\nlabel_compl(55,L) :- L=[[3, 1, 2], [1, 2, 3]].\nlabel_compl(56,L) :- L=[[3, 1, 2], [2, 3, 1]].\nlabel_compl(57,L) :- L=[[2, 3, 1], [1, 2, 3]].\nlabel_compl(58,L) :- L=[[2, 3, 1], [3, 1, 2]].\nlabel_compl(59,L) :- L=[[3, 2, 1], [1, 3, 2]].\nlabel_compl(60,L) :- L=[[3, 2, 1], [2, 1, 3]].\nlabel_compl(61,L) :- L=[[1, 2, 3], [3, 1, 2]].\nlabel_compl(62,L) :- L=[[1, 2, 3], [2, 3, 1]].\nlabel_compl(63,L) :- L=[[1, 3, 2], [2, 1, 3]].\nlabel_compl(64,L) :- L=[[1, 3, 2], [3, 2, 1]].\nlabel_compl(65,L) :- L=[[2, 1, 3], [1, 3, 2]].\nlabel_compl(66,L) :- L=[[2, 1, 3], [3, 2, 1]].\nlabel_compl(67,L) :- L=[[3, 1, 2], [1, 2, 3]].\nlabel_compl(68,L) :- L=[[3, 1, 2], [2, 3, 1]].\nlabel_compl(69,L) :- L=[[2, 3, 1], [1, 2, 3]].\nlabel_compl(70,L) :- L=[[2, 3, 1], [3, 1, 2]].\nlabel_compl(71,L) :- L=[[3, 2, 1], [1, 3, 2]].\nlabel_compl(72,L) :- L=[[3, 2, 1], [2, 1, 3]].\nlabel_compl(73,L) :- L=[[1, 2, 3], [3, 1, 2]].\nlabel_compl(74,L) :- L=[[1, 2, 3], [2, 3, 1]].\nlabel_compl(75,L) :- L=[[1, 3, 2], [2, 1, 3]].\nlabel_compl(76,L) :- L=[[1, 3, 2], [3, 2, 1]].\nlabel_compl(77,L) :- L=[[2, 1, 3], [1, 3, 2]].\nlabel_compl(78,L) :- L=[[2, 1, 3], [3, 2, 1]].\nlabel_compl(79,L) :- L=[[3, 1, 2], [1, 2, 3]].\nlabel_compl(80,L) :- L=[[3, 1, 2], [2, 3, 1]].\nlabel_compl(81,L) :- L=[[2, 3, 1], [1, 2, 3]].\nlabel_compl(82,L) :- L=[[2, 3, 1], [3, 1, 2]].\nlabel_compl(83,L) :- L=[[3, 2, 1], [1, 3, 2]].\nlabel_compl(84,L) :- L=[[3, 2, 1], [2, 1, 3]].\nlabel_compl(85,L) :- L=[[1, 2, 3], [3, 1, 2]].\nlabel_compl(86,L) :- L=[[1, 2, 3], [2, 3, 1]].\nlabel_compl(87,L) :- L=[[1, 3, 2], [2, 1, 3]].\nlabel_compl(88,L) :- L=[[1, 3, 2], [3, 2, 1]].\nlabel_compl(89,L) :- L=[[2, 1, 3], [1, 3, 2]].\nlabel_compl(90,L) :- L=[[2, 1, 3], [3, 2, 1]].\nlabel_compl(91,L) :- L=[[3, 1, 2], [1, 2, 3]].\nlabel_compl(92,L) :- L=[[3, 1, 2], [2, 3, 1]].\nlabel_compl(93,L) :- L=[[2, 3, 1], [1, 2, 3]].\nlabel_compl(94,L) :- L=[[2, 3, 1], [3, 1, 2]].\nlabel_compl(95,L) :- L=[[3, 2, 1], [1, 3, 2]].\nlabel_compl(96,L) :- L=[[3, 2, 1], [2, 1, 3]].\nlabel_compl(97,L) :- L=[[1, 2, 3], [3, 1, 2]].\nlabel_compl(98,L) :- L=[[1, 2, 3], [2, 3, 1]].\nlabel_compl(99,L) :- L=[[1, 3, 2], [2, 1, 3]].\nlabel_compl(100,L) :- L=[[1, 3, 2], [3, 2, 1]].\nlabel_compl(101,L) :- L=[[2, 1, 3], [1, 3, 2]].\nlabel_compl(102,L) :- L=[[2, 1, 3], [3, 2, 1]].\nlabel_compl(103,L) :- L=[[3, 1, 2], [1, 2, 3]].\nlabel_compl(104,L) :- L=[[3, 1, 2], [2, 3, 1]].\nlabel_compl(105,L) :- L=[[2, 3, 1], [1, 2, 3]].\nlabel_compl(106,L) :- L=[[2, 3, 1], [3, 1, 2]].\nlabel_compl(107,L) :- L=[[3, 2, 1], [1, 3, 2]].\nlabel_compl(108,L) :- L=[[3, 2, 1], [2, 1, 3]].\n"}
#Accuracy 0.0
i,time,loss,ground_time,compile_time,eval_time
2,14.021239995956421,4.056872844696045,13.812140703201294,0.0826261043548584,0.0645749568939209
3,28.194926023483276,3.4160618782043457,13.967952966690063,0.07893610000610352,0.06610584259033203
4,42.32967209815979,1.02926766872406,13.928079843521118,0.07928085327148438,0.0641930103302002
5,56.909889936447144,0.0024170856922864914,14.363816022872925,0.07650995254516602,0.06772994995117188
6,71.34274911880493,0.0,14.2707359790802,0.09693098068237305,0.03696107864379883
7,85.58762502670288,0.0,14.100227117538452,0.07555890083312988,0.038583993911743164
8,100.01657485961914,0.0,14.274161100387573,0.08329176902770996,0.03799772262573242
9,114.36771202087402,0.0,14.255695104598999,0.022411823272705078,0.03960299491882324
10,128.53165793418884,0.0,14.071645021438599,0.021333694458007812,0.03959488868713379
11,142.48738813400269,0.0,13.849701166152954,0.02465367317199707,0.04283285140991211
12,156.4579620361328,0.0,13.870922088623047,0.023859024047851562,0.04091978073120117
13,170.91251611709595,0.0,14.350414037704468,0.02432703971862793,0.03954505920410156
14,184.85649394989014,0.0,13.845232963562012,0.0188601016998291,0.04016470909118652
15,198.8377640247345,0.0,13.895064115524292,0.01822829246520996,0.03875994682312012
16,213.15133786201477,0.0,14.227479219436646,0.017539024353027344,0.03825688362121582
17,227.22108101844788,0.0,13.977931022644043,0.019476890563964844,0.03970003128051758
18,240.83813285827637,0.0,13.528501987457275,0.018107891082763672,0.0392460823059082
19,254.83409094810486,0.0,13.906704902648926,0.018712997436523438,0.038923025131225586
20,269.0952191352844,0.0,14.171949863433838,0.018564939498901367,0.03881502151489258
21,283.0892400741577,0.0,13.898804903030396,0.01964092254638672,0.041831016540527344
22,296.97019600868225,0.0,13.778961896896362,0.0240478515625,0.04180502891540527
23,310.7185928821564,0.0,13.649174928665161,0.024425029754638672,0.04141712188720703
24,324.80304408073425,0.0,13.987200021743774,0.027126073837280273,0.03947591781616211
25,339.4208199977875,0.0,14.524702787399292,0.02089095115661621,0.03963112831115723
26,353.5194001197815,0.0,14.007450103759766,0.022045135498046875,0.03973102569580078
27,353.5903899669647,0.0,13.812140703201294,0.0826261043548584,0.033442020416259766
28,353.655179977417,0.0,13.967952966690063,0.07893610000610352,0.0336461067199707
29,353.7226459980011,0.0,13.928079843521118,0.07928085327148438,0.03261613845825195
30,353.7905719280243,0.0,14.363816022872925,0.07650995254516602,0.03341317176818848
31,353.857342004776,0.0,14.2707359790802,0.09693098068237305,0.033693790435791016
32,353.9229030609131,0.0,14.100227117538452,0.07555890083312988,0.03299880027770996
33,353.9925889968872,0.0,14.274161100387573,0.08329176902770996,0.03272819519042969
34,354.0572290420532,0.0,14.255695104598999,0.022411823272705078,0.03323507308959961
35,354.13092613220215,0.0,14.071645021438599,0.021333694458007812,0.034487009048461914
36,354.19971799850464,0.0,13.849701166152954,0.02465367317199707,0.033235788345336914
37,354.26946926116943,0.0,13.870922088623047,0.023859024047851562,0.03246021270751953
38,354.3421070575714,0.0,14.350414037704468,0.02432703971862793,0.03289198875427246
39,354.4097259044647,0.0,13.845232963562012,0.0188601016998291,0.03273606300354004
40,354.4725501537323,0.0,13.895064115524292,0.01822829246520996,0.032418251037597656
41,354.5382561683655,0.0,14.227479219436646,0.017539024353027344,0.03324723243713379
42,354.6095540523529,0.0,13.977931022644043,0.019476890563964844,0.03313112258911133
43,354.6788320541382,0.0,13.528501987457275,0.018107891082763672,0.03298783302307129
44,354.7403881549835,0.0,13.906704902648926,0.018712997436523438,0.03243875503540039
45,354.8090660572052,0.0,14.171949863433838,0.018564939498901367,0.0333559513092041
46,354.8767101764679,0.0,13.898804903030396,0.01964092254638672,0.03255295753479004
47,354.94506216049194,0.0,13.778961896896362,0.0240478515625,0.033750057220458984
48,355.00940585136414,0.0,13.649174928665161,0.024425029754638672,0.032135009765625
49,355.07329416275024,0.0,13.987200021743774,0.027126073837280273,0.032568931579589844
50,355.13909101486206,0.0,14.524702787399292,0.02089095115661621,0.032373905181884766
51,355.2047321796417,0.0,14.007450103759766,0.022045135498046875,0.03279900550842285
52,355.27189922332764,0.0,13.812140703201294,0.0826261043548584,0.033390045166015625
53,355.3369870185852,0.0,13.967952966690063,0.07893610000610352,0.03495478630065918
54,355.40645599365234,0.0,13.928079843521118,0.07928085327148438,0.03314924240112305
55,355.47449707984924,0.0,14.363816022872925,0.07650995254516602,0.034049034118652344
56,355.5397210121155,0.0,14.2707359790802,0.09693098068237305,0.03350186347961426
57,355.60826587677,0.0,14.100227117538452,0.07555890083312988,0.032559871673583984
58,355.6733009815216,0.0,14.274161100387573,0.08329176902770996,0.03503108024597168
59,355.74092507362366,0.0,14.255695104598999,0.022411823272705078,0.03230786323547363
60,355.8104450702667,0.0,14.071645021438599,0.021333694458007812,0.032147884368896484
61,355.8738212585449,0.0,13.849701166152954,0.02465367317199707,0.032048940658569336
62,355.9397361278534,0.0,13.870922088623047,0.023859024047851562,0.03348517417907715
63,356.00653100013733,0.0,14.350414037704468,0.02432703971862793,0.034690141677856445
64,356.07049202919006,0.0,13.845232963562012,0.0188601016998291,0.032438039779663086
65,356.1570460796356,0.0,13.895064115524292,0.01822829246520996,0.035164833068847656
66,356.2214288711548,0.0,14.227479219436646,0.017539024353027344,0.03476881980895996
67,356.2893280982971,0.0,13.977931022644043,0.019476890563964844,0.03408408164978027
68,356.35293102264404,0.0,13.528501987457275,0.018107891082763672,0.03297781944274902
69,356.42349886894226,0.0,13.906704902648926,0.018712997436523438,0.032763004302978516
70,356.49146485328674,0.0,14.171949863433838,0.018564939498901367,0.03310704231262207
71,356.5640308856964,0.0,13.898804903030396,0.01964092254638672,0.03299689292907715
72,356.6282069683075,0.0,13.778961896896362,0.0240478515625,0.03280282020568848
73,356.6901738643646,0.0,13.649174928665161,0.024425029754638672,0.03377890586853027
74,356.75383710861206,0.0,13.987200021743774,0.027126073837280273,0.032328128814697266
75,356.81811714172363,0.0,14.524702787399292,0.02089095115661621,0.03257608413696289
76,356.8872711658478,0.0,14.007450103759766,0.022045135498046875,0.033721923828125
77,356.9555571079254,0.0,13.812140703201294,0.0826261043548584,0.033608198165893555
78,357.01993322372437,0.0,13.967952966690063,0.07893610000610352,0.0347599983215332
79,357.0923020839691,0.0,13.928079843521118,0.07928085327148438,0.035874128341674805
80,357.16222620010376,0.0,14.363816022872925,0.07650995254516602,0.03303384780883789
81,357.23076605796814,0.0,14.2707359790802,0.09693098068237305,0.03249812126159668
82,357.2953209877014,0.0,14.100227117538452,0.07555890083312988,0.03299093246459961
83,357.3641209602356,0.0,14.274161100387573,0.08329176902770996,0.03298807144165039
84,357.4340000152588,0.0,14.255695104598999,0.022411823272705078,0.03255605697631836
85,357.5011250972748,0.0,14.071645021438599,0.021333694458007812,0.03325986862182617
86,357.5714108943939,0.0,13.849701166152954,0.02465367317199707,0.03438687324523926
87,357.63676404953003,0.0,13.870922088623047,0.023859024047851562,0.03346824645996094
88,357.7040491104126,0.0,14.350414037704468,0.02432703971862793,0.03232097625732422
89,357.7720592021942,0.0,13.845232963562012,0.0188601016998291,0.033447980880737305
90,357.8455228805542,0.0,13.895064115524292,0.01822829246520996,0.036569833755493164
91,357.90863704681396,0.0,14.227479219436646,0.017539024353027344,0.03543496131896973
92,357.9765648841858,0.0,13.977931022644043,0.019476890563964844,0.03510093688964844
93,358.04481410980225,0.0,13.528501987457275,0.018107891082763672,0.03544878959655762
94,358.11344623565674,0.0,13.906704902648926,0.018712997436523438,0.03392171859741211
95,358.18138909339905,0.0,14.171949863433838,0.018564939498901367,0.03358626365661621
96,358.24696016311646,0.0,13.898804903030396,0.01964092254638672,0.03224802017211914
97,358.3108420372009,0.0,13.778961896896362,0.0240478515625,0.03277420997619629
98,358.37218403816223,0.0,13.649174928665161,0.024425029754638672,0.03261208534240723
99,358.43770003318787,0.0,13.987200021743774,0.027126073837280273,0.03387308120727539
100,358.50535798072815,0.0,14.524702787399292,0.02089095115661621,0.0330500602722168
101,358.5690670013428,0.0,14.007450103759766,0.022045135498046875,0.032235145568847656
102,358.63610100746155,0.0,13.812140703201294,0.0826261043548584,0.032131195068359375
103,358.7072660923004,0.0,13.967952966690063,0.07893610000610352,0.03314614295959473
104,358.7749149799347,0.0,13.928079843521118,0.07928085327148438,0.03556370735168457
105,358.8401961326599,0.0,14.363816022872925,0.07650995254516602,0.03593921661376953
106,358.91060495376587,0.0,14.2707359790802,0.09693098068237305,0.03522300720214844
107,358.97447395324707,0.0,14.100227117538452,0.07555890083312988,0.03237509727478027
108,359.039409160614,0.0,14.274161100387573,0.08329176902770996,0.03241586685180664
109,359.1080319881439,0.0,14.255695104598999,0.022411823272705078,0.033380985260009766
110,359.1785099506378,0.0,14.071645021438599,0.021333694458007812,0.03556203842163086
111,359.2407400608063,0.0,13.849701166152954,0.02465367317199707,0.03424692153930664
112,359.31052899360657,0.0,13.870922088623047,0.023859024047851562,0.032888174057006836
113,359.3732080459595,0.0,14.350414037704468,0.02432703971862793,0.03303408622741699
114,359.4361069202423,0.0,13.845232963562012,0.0188601016998291,0.03257012367248535
115,359.4972860813141,0.0,13.895064115524292,0.01822829246520996,0.032681941986083984
116,359.56591987609863,0.0,14.227479219436646,0.017539024353027344,0.0344090461730957
117,359.63072204589844,0.0,13.977931022644043,0.019476890563964844,0.033187150955200195
118,359.69737792015076,0.0,13.528501987457275,0.018107891082763672,0.033605098724365234
119,359.764200925827,0.0,13.906704902648926,0.018712997436523438,0.03414011001586914
120,359.8337211608887,0.0,14.171949863433838,0.018564939498901367,0.03379201889038086
121,359.8998761177063,0.0,13.898804903030396,0.01964092254638672,0.03367781639099121
122,359.9716432094574,0.0,13.778961896896362,0.0240478515625,0.034425973892211914
123,360.0391879081726,0.0,13.649174928665161,0.024425029754638672,0.03409314155578613
124,360.1029381752014,0.0,13.987200021743774,0.027126073837280273,0.033735036849975586
125,360.1734690666199,0.0,14.524702787399292,0.02089095115661621,0.032858848571777344
126,360.2431311607361,0.0,14.007450103759766,0.022045135498046875,0.03260493278503418