#{"solver": {"engine": {"type": "ExactEngine"}, "semiring": "GraphSemiring"}, "networks": [{"name": "sudoku_net", "module": "Sudoku_Net(\n  (conv1): Conv2d(1, 32, kernel_size=(4, 4), stride=(1, 1))\n  (conv1_bn): BatchNorm2d(32, eps=1e-05, momentum=0.1, affine=True, track_running_stats=True)\n  (dropout1): Dropout(p=0.25, inplace=False)\n  (conv2): Conv2d(32, 64, kernel_size=(3, 3), stride=(2, 2))\n  (conv2_bn): BatchNorm2d(64, eps=1e-05, momentum=0.1, affine=True, track_running_stats=True)\n  (dropout2): Dropout(p=0.25, inplace=False)\n  (conv3): Conv2d(64, 128, kernel_size=(3, 3), stride=(2, 2))\n  (conv3_bn): BatchNorm2d(128, eps=1e-05, momentum=0.1, affine=True, track_running_stats=True)\n  (dropout3): Dropout(p=0.25, inplace=False)\n  (conv4): Conv2d(128, 256, kernel_size=(3, 3), stride=(1, 1))\n  (conv4_bn): BatchNorm2d(256, eps=1e-05, momentum=0.1, affine=True, track_running_stats=True)\n  (dropout4): Dropout(p=0.25, inplace=False)\n  (conv5): Conv2d(256, 512, kernel_size=(3, 3), stride=(1, 1))\n  (conv5_bn): BatchNorm2d(512, eps=1e-05, momentum=0.1, affine=True, track_running_stats=True)\n  (dropout5): Dropout(p=0.25, inplace=False)\n  (maxpool): MaxPool2d(kernel_size=6, stride=6, padding=0, dilation=1, ceil_mode=False)\n  (adaptive_avg_pool): AdaptiveAvgPool2d(output_size=(9, 9))\n  (conv1x1_1): Conv2d(512, 4, kernel_size=(1, 1), stride=(1, 1))\n  (conv1x1_2): Conv2d(512, 512, kernel_size=(1, 1), stride=(1, 1))\n  (conv1x1_3): Conv2d(512, 10, kernel_size=(1, 1), stride=(1, 1))\n  (fc1): Linear(in_features=41472, out_features=810, bias=True)\n)", "optimizer": "Adam (\nParameter Group 0\n    amsgrad: False\n    betas: (0.9, 0.999)\n    capturable: False\n    differentiable: False\n    eps: 1e-08\n    foreach: None\n    fused: None\n    lr: 0.001\n    maximize: False\n    weight_decay: 0\n)", "k": null}], "program": ":- use_module(library(lists)).\n:- use_module(library(apply)).\nnn(sudoku_net,[X, R, C],Y,[0, 1, 2, 3])::digit(X,R,C,Y).\ncreateFake2x3(X,[[D1, D2, D3], [D4, D5, D6]]) :- digit(X,1,1,D1), digit(X,1,2,D2), digit(X,1,3,D3), digit(X,2,1,D4), digit(X,2,2,D5), digit(X,2,3,D6).\ngiveRightNumber(0,_).\ngiveRightNumber(FH,FH).\nrealColumns([],[]).\nrealColumns(FakeCol,Col) :- FakeCol=[FH | FT], Col=[H | T], giveRightNumber(FH,H), realColumns(FT,T).\nrealRows([],[]).\nrealRows(FakeRows,Rows) :- FakeRows=[FH | FT], Rows=[H | T], realColumns(FH,H), realRows(FT,T).\ninList(X,[X | _]).\ninList(X,[_ | Tail]) :- inList(X,Tail).\nlistInList([],_).\nlistInList([H | T],L) :- inList(H,L), listInList(T,L).\nallDiff([]).\nallDiff([X | Tail]) :- \\+inList(X,Tail), allDiff(Tail).\ntranspose([[] | _],[]).\ntranspose(Matrix,[Row | Rows]) :- transpose_1st_col(Matrix,Row,RestMatrix), transpose(RestMatrix,Rows).\ntranspose_1st_col([],[],[]).\ntranspose_1st_col([[H | T] | Rows],[H | Hs],[T | Ts]) :- transpose_1st_col(Rows,Hs,Ts).\nsolve2x3_both(X,Label) :- createFake2x3(X,Fake), realRows(Fake,Rows), maplist(listInList([1, 2, 3]),Rows), maplist(allDiff,Rows), transpose(Rows,Columns), maplist(allDiff,Columns), label_empty(Label,Fake), label_compl(Label,Rows).\nsolve2x3_empty(X,Label) :- createFake2x3(X,Fake), realRows(Fake,Rows), maplist(listInList([1, 2, 3]),Rows), maplist(allDiff,Rows), transpose(Rows,Columns), maplist(allDiff,Columns), label_empty(Label,Fake).\nsolve2x3_compl(X,Label) :- createFake2x3(X,Fake), realRows(Fake,Rows), maplist(listInList([1, 2, 3]),Rows), maplist(allDiff,Rows), transpose(Rows,Columns), maplist(allDiff,Columns), label_compl(Label,Rows).\nlabel_empty(1,L) :- L=[[1, 0, 0], [0, 1, 2]].\nlabel_empty(2,L) :- L=[[1, 0, 0], [0, 3, 1]].\nlabel_empty(3,L) :- L=[[1, 0, 0], [0, 1, 3]].\nlabel_empty(4,L) :- L=[[1, 0, 0], [0, 2, 1]].\nlabel_empty(5,L) :- L=[[2, 0, 0], [0, 3, 2]].\nlabel_empty(6,L) :- L=[[2, 0, 0], [0, 2, 1]].\nlabel_empty(7,L) :- L=[[3, 0, 0], [0, 2, 3]].\nlabel_empty(8,L) :- L=[[3, 0, 0], [0, 3, 1]].\nlabel_empty(9,L) :- L=[[2, 0, 0], [0, 2, 3]].\nlabel_empty(10,L) :- L=[[2, 0, 0], [0, 1, 2]].\nlabel_empty(11,L) :- L=[[3, 0, 0], [0, 3, 2]].\nlabel_empty(12,L) :- L=[[3, 0, 0], [0, 1, 3]].\nlabel_empty(13,L) :- L=[[0, 2, 3], [0, 0, 2]].\nlabel_empty(14,L) :- L=[[0, 2, 3], [0, 0, 1]].\nlabel_empty(15,L) :- L=[[0, 3, 2], [0, 0, 3]].\nlabel_empty(16,L) :- L=[[0, 3, 2], [0, 0, 1]].\nlabel_empty(17,L) :- L=[[0, 1, 3], [0, 0, 2]].\nlabel_empty(18,L) :- L=[[0, 1, 3], [0, 0, 1]].\nlabel_empty(19,L) :- L=[[0, 1, 2], [0, 0, 3]].\nlabel_empty(20,L) :- L=[[0, 1, 2], [0, 0, 1]].\nlabel_empty(21,L) :- L=[[0, 3, 1], [0, 0, 3]].\nlabel_empty(22,L) :- L=[[0, 3, 1], [0, 0, 2]].\nlabel_empty(23,L) :- L=[[0, 2, 1], [0, 0, 2]].\nlabel_empty(24,L) :- L=[[0, 2, 1], [0, 0, 3]].\nlabel_empty(25,L) :- L=[[0, 0, 3], [3, 1, 0]].\nlabel_empty(26,L) :- L=[[0, 0, 3], [2, 3, 0]].\nlabel_empty(27,L) :- L=[[0, 0, 2], [2, 1, 0]].\nlabel_empty(28,L) :- L=[[0, 0, 2], [3, 2, 0]].\nlabel_empty(29,L) :- L=[[0, 0, 3], [1, 3, 0]].\nlabel_empty(30,L) :- L=[[0, 0, 3], [3, 2, 0]].\nlabel_empty(31,L) :- L=[[0, 0, 2], [1, 2, 0]].\nlabel_empty(32,L) :- L=[[0, 0, 2], [2, 3, 0]].\nlabel_empty(33,L) :- L=[[0, 0, 1], [1, 2, 0]].\nlabel_empty(34,L) :- L=[[0, 0, 1], [3, 1, 0]].\nlabel_empty(35,L) :- L=[[0, 0, 1], [1, 3, 0]].\nlabel_empty(36,L) :- L=[[0, 0, 1], [2, 1, 0]].\nlabel_empty(37,L) :- L=[[1, 0, 0], [3, 1, 0]].\nlabel_empty(38,L) :- L=[[1, 0, 0], [2, 3, 0]].\nlabel_empty(39,L) :- L=[[1, 0, 0], [2, 1, 0]].\nlabel_empty(40,L) :- L=[[1, 0, 0], [3, 2, 0]].\nlabel_empty(41,L) :- L=[[2, 0, 0], [1, 3, 0]].\nlabel_empty(42,L) :- L=[[2, 0, 0], [3, 2, 0]].\nlabel_empty(43,L) :- L=[[3, 0, 0], [1, 2, 0]].\nlabel_empty(44,L) :- L=[[3, 0, 0], [2, 3, 0]].\nlabel_empty(45,L) :- L=[[2, 0, 0], [1, 2, 0]].\nlabel_empty(46,L) :- L=[[2, 0, 0], [3, 1, 0]].\nlabel_empty(47,L) :- L=[[3, 0, 0], [1, 3, 0]].\nlabel_empty(48,L) :- L=[[3, 0, 0], [2, 1, 0]].\nlabel_empty(49,L) :- L=[[1, 0, 3], [3, 0, 0]].\nlabel_empty(50,L) :- L=[[1, 0, 3], [2, 0, 0]].\nlabel_empty(51,L) :- L=[[1, 0, 2], [2, 0, 0]].\nlabel_empty(52,L) :- L=[[1, 0, 2], [3, 0, 0]].\nlabel_empty(53,L) :- L=[[2, 0, 3], [1, 0, 0]].\nlabel_empty(54,L) :- L=[[2, 0, 3], [3, 0, 0]].\nlabel_empty(55,L) :- L=[[3, 0, 2], [1, 0, 0]].\nlabel_empty(56,L) :- L=[[3, 0, 2], [2, 0, 0]].\nlabel_empty(57,L) :- L=[[2, 0, 1], [1, 0, 0]].\nlabel_empty(58,L) :- L=[[2, 0, 1], [3, 0, 0]].\nlabel_empty(59,L) :- L=[[3, 0, 1], [1, 0, 0]].\nlabel_empty(60,L) :- L=[[3, 0, 1], [2, 0, 0]].\nlabel_empty(61,L) :- L=[[0, 2, 0], [3, 0, 2]].\nlabel_empty(62,L) :- L=[[0, 2, 0], [2, 0, 1]].\nlabel_empty(63,L) :- L=[[0, 3, 0], [2, 0, 3]].\nlabel_empty(64,L) :- L=[[0, 3, 0], [3, 0, 1]].\nlabel_empty(65,L) :- L=[[0, 1, 0], [1, 0, 2]].\nlabel_empty(66,L) :- L=[[0, 1, 0], [3, 0, 1]].\nlabel_empty(67,L) :- L=[[0, 1, 0], [1, 0, 3]].\nlabel_empty(68,L) :- L=[[0, 1, 0], [2, 0, 1]].\nlabel_empty(69,L) :- L=[[0, 3, 0], [1, 0, 3]].\nlabel_empty(70,L) :- L=[[0, 3, 0], [3, 0, 2]].\nlabel_empty(71,L) :- L=[[0, 2, 0], [1, 0, 2]].\nlabel_empty(72,L) :- L=[[0, 2, 0], [2, 0, 3]].\nlabel_empty(73,L) :- L=[[1, 0, 3], [0, 1, 0]].\nlabel_empty(74,L) :- L=[[1, 0, 3], [0, 3, 0]].\nlabel_empty(75,L) :- L=[[1, 0, 2], [0, 1, 0]].\nlabel_empty(76,L) :- L=[[1, 0, 2], [0, 2, 0]].\nlabel_empty(77,L) :- L=[[2, 0, 3], [0, 3, 0]].\nlabel_empty(78,L) :- L=[[2, 0, 3], [0, 2, 0]].\nlabel_empty(79,L) :- L=[[3, 0, 2], [0, 2, 0]].\nlabel_empty(80,L) :- L=[[3, 0, 2], [0, 3, 0]].\nlabel_empty(81,L) :- L=[[2, 0, 1], [0, 2, 0]].\nlabel_empty(82,L) :- L=[[2, 0, 1], [0, 1, 0]].\nlabel_empty(83,L) :- L=[[3, 0, 1], [0, 3, 0]].\nlabel_empty(84,L) :- L=[[3, 0, 1], [0, 1, 0]].\nlabel_empty(85,L) :- L=[[1, 0, 3], [0, 0, 2]].\nlabel_empty(86,L) :- L=[[1, 0, 3], [0, 0, 1]].\nlabel_empty(87,L) :- L=[[1, 0, 2], [0, 0, 3]].\nlabel_empty(88,L) :- L=[[1, 0, 2], [0, 0, 1]].\nlabel_empty(89,L) :- L=[[2, 0, 3], [0, 0, 2]].\nlabel_empty(90,L) :- L=[[2, 0, 3], [0, 0, 1]].\nlabel_empty(91,L) :- L=[[3, 0, 2], [0, 0, 3]].\nlabel_empty(92,L) :- L=[[3, 0, 2], [0, 0, 1]].\nlabel_empty(93,L) :- L=[[2, 0, 1], [0, 0, 3]].\nlabel_empty(94,L) :- L=[[2, 0, 1], [0, 0, 2]].\nlabel_empty(95,L) :- L=[[3, 0, 1], [0, 0, 2]].\nlabel_empty(96,L) :- L=[[3, 0, 1], [0, 0, 3]].\nlabel_empty(97,L) :- L=[[0, 2, 0], [0, 1, 2]].\nlabel_empty(98,L) :- L=[[0, 2, 0], [0, 3, 1]].\nlabel_empty(99,L) :- L=[[0, 3, 0], [0, 1, 3]].\nlabel_empty(100,L) :- L=[[0, 3, 0], [0, 2, 1]].\nlabel_empty(101,L) :- L=[[0, 1, 0], [0, 3, 2]].\nlabel_empty(102,L) :- L=[[0, 1, 0], [0, 2, 1]].\nlabel_empty(103,L) :- L=[[0, 1, 0], [0, 2, 3]].\nlabel_empty(104,L) :- L=[[0, 1, 0], [0, 3, 1]].\nlabel_empty(105,L) :- L=[[0, 3, 0], [0, 2, 3]].\nlabel_empty(106,L) :- L=[[0, 3, 0], [0, 1, 2]].\nlabel_empty(107,L) :- L=[[0, 2, 0], [0, 3, 2]].\nlabel_empty(108,L) :- L=[[0, 2, 0], [0, 1, 3]].\nlabel_compl(1,L) :- L=[[1, 2, 3], [3, 1, 2]].\nlabel_compl(2,L) :- L=[[1, 2, 3], [2, 3, 1]].\nlabel_compl(3,L) :- L=[[1, 3, 2], [2, 1, 3]].\nlabel_compl(4,L) :- L=[[1, 3, 2], [3, 2, 1]].\nlabel_compl(5,L) :- L=[[2, 1, 3], [1, 3, 2]].\nlabel_compl(6,L) :- L=[[2, 1, 3], [3, 2, 1]].\nlabel_compl(7,L) :- L=[[3, 1, 2], [1, 2, 3]].\nlabel_compl(8,L) :- L=[[3, 1, 2], [2, 3, 1]].\nlabel_compl(9,L) :- L=[[2, 3, 1], [1, 2, 3]].\nlabel_compl(10,L) :- L=[[2, 3, 1], [3, 1, 2]].\nlabel_compl(11,L) :- L=[[3, 2, 1], [1, 3, 2]].\nlabel_compl(12,L) :- L=[[3, 2, 1], [2, 1, 3]].\nlabel_compl(13,L) :- L=[[1, 2, 3], [3, 1, 2]].\nlabel_compl(14,L) :- L=[[1, 2, 3], [2, 3, 1]].\nlabel_compl(15,L) :- L=[[1, 3, 2], [2, 1, 3]].\nlabel_compl(16,L) :- L=[[1, 3, 2], [3, 2, 1]].\nlabel_compl(17,L) :- L=[[2, 1, 3], [1, 3, 2]].\nlabel_compl(18,L) :- L=[[2, 1, 3], [3, 2, 1]].\nlabel_compl(19,L) :- L=[[3, 1, 2], [1, 2, 3]].\nlabel_compl(20,L) :- L=[[3, 1, 2], [2, 3, 1]].\nlabel_compl(21,L) :- L=[[2, 3, 1], [1, 2, 3]].\nlabel_compl(22,L) :- L=[[2, 3, 1], [3, 1, 2]].\nlabel_compl(23,L) :- L=[[3, 2, 1], [1, 3, 2]].\nlabel_compl(24,L) :- L=[[3, 2, 1], [2, 1, 3]].\nlabel_compl(25,L) :- L=[[1, 2, 3], [3, 1, 2]].\nlabel_compl(26,L) :- L=[[1, 2, 3], [2, 3, 1]].\nlabel_compl(27,L) :- L=[[1, 3, 2], [2, 1, 3]].\nlabel_compl(28,L) :- L=[[1, 3, 2], [3, 2, 1]].\nlabel_compl(29,L) :- L=[[2, 1, 3], [1, 3, 2]].\nlabel_compl(30,L) :- L=[[2, 1, 3], [3, 2, 1]].\nlabel_compl(31,L) :- L=[[3, 1, 2], [1, 2, 3]].\nlabel_compl(32,L) :- L=[[3, 1, 2], [2, 3, 1]].\nlabel_compl(33,L) :- L=[[2, 3, 1], [1, 2, 3]].\nlabel_compl(34,L) :- L=[[2, 3, 1], [3, 1, 2]].\nlabel_compl(35,L) :- L=[[3, 2, 1], [1, 3, 2]].\nlabel_compl(36,L) :- L=[[3, 2, 1], [2, 1, 3]].\nlabel_compl(37,L) :- L=[[1, 2, 3], [3, 1, 2]].\nlabel_compl(38,L) :- L=[[1, 2, 3], [2, 3, 1]].\nlabel_compl(39,L) :- L=[[1, 3, 2], [2, 1, 3]].\nlabel_compl(40,L) :- L=[[1, 3, 2], [3, 2, 1]].\nlabel_compl(41,L) :- L=[[2, 1, 3], [1, 3, 2]].\nlabel_compl(42,L) :- L=[[2, 1, 3], [3, 2, 1]].\nlabel_compl(43,L) :- L=[[3, 1, 2], [1, 2, 3]].\nlabel_compl(44,L) :- L=[[3, 1, 2], [2, 3, 1]].\nlabel_compl(45,L) :- L=[[2, 3, 1], [1, 2, 3]].\nlabel_compl(46,L) :- L=[[2, 3, 1], [3, 1, 2]].\nlabel_compl(47,L) :- L=[[3, 2, 1], [1, 3, 2]].\nlabel_compl(48,L) :- L=[[3, 2, 1], [2, 1, 3]].\nlabel_compl(49,L) :- L=[[1, 2, 3], [3, 1, 2]].\nlabel_compl(50,L) :- L=[[1, 2, 3], [2, 3, 1]].\nlabel_compl(51,L) :- L=[[1, 3, 2], [2, 1, 3]].\nlabel_compl(52,L) :- L=[[1, 3, 2], [3, 2, 1]].\nlabel_compl(53,L) :- L=[[2, 1, 3], [1, 3, 2]].\nlabel_compl(54,L) :- L=[[2, 1, 3], [3, 2, 1]].\nlabel_compl(55,L) :- L=[[3, 1, 2], [1, 2, 3]].\nlabel_compl(56,L) :- L=[[3, 1, 2], [2, 3, 1]].\nlabel_compl(57,L) :- L=[[2, 3, 1], [1, 2, 3]].\nlabel_compl(58,L) :- L=[[2, 3, 1], [3, 1, 2]].\nlabel_compl(59,L) :- L=[[3, 2, 1], [1, 3, 2]].\nlabel_compl(60,L) :- L=[[3, 2, 1], [2, 1, 3]].\nlabel_compl(61,L) :- L=[[1, 2, 3], [3, 1, 2]].\nlabel_compl(62,L) :- L=[[1, 2, 3], [2, 3, 1]].\nlabel_compl(63,L) :- L=[[1, 3, 2], [2, 1, 3]].\nlabel_compl(64,L) :- L=[[1, 3, 2], [3, 2, 1]].\nlabel_compl(65,L) :- L=[[2, 1, 3], [1, 3, 2]].\nlabel_compl(66,L) :- L=[[2, 1, 3], [3, 2, 1]].\nlabel_compl(67,L) :- L=[[3, 1, 2], [1, 2, 3]].\nlabel_compl(68,L) :- L=[[3, 1, 2], [2, 3, 1]].\nlabel_compl(69,L) :- L=[[2, 3, 1], [1, 2, 3]].\nlabel_compl(70,L) :- L=[[2, 3, 1], [3, 1, 2]].\nlabel_compl(71,L) :- L=[[3, 2, 1], [1, 3, 2]].\nlabel_compl(72,L) :- L=[[3, 2, 1], [2, 1, 3]].\nlabel_compl(73,L) :- L=[[1, 2, 3], [3, 1, 2]].\nlabel_compl(74,L) :- L=[[1, 2, 3], [2, 3, 1]].\nlabel_compl(75,L) :- L=[[1, 3, 2], [2, 1, 3]].\nlabel_compl(76,L) :- L=[[1, 3, 2], [3, 2, 1]].\nlabel_compl(77,L) :- L=[[2, 1, 3], [1, 3, 2]].\nlabel_compl(78,L) :- L=[[2, 1, 3], [3, 2, 1]].\nlabel_compl(79,L) :- L=[[3, 1, 2], [1, 2, 3]].\nlabel_compl(80,L) :- L=[[3, 1, 2], [2, 3, 1]].\nlabel_compl(81,L) :- L=[[2, 3, 1], [1, 2, 3]].\nlabel_compl(82,L) :- L=[[2, 3, 1], [3, 1, 2]].\nlabel_compl(83,L) :- L=[[3, 2, 1], [1, 3, 2]].\nlabel_compl(84,L) :- L=[[3, 2, 1], [2, 1, 3]].\nlabel_compl(85,L) :- L=[[1, 2, 3], [3, 1, 2]].\nlabel_compl(86,L) :- L=[[1, 2, 3], [2, 3, 1]].\nlabel_compl(87,L) :- L=[[1, 3, 2], [2, 1, 3]].\nlabel_compl(88,L) :- L=[[1, 3, 2], [3, 2, 1]].\nlabel_compl(89,L) :- L=[[2, 1, 3], [1, 3, 2]].\nlabel_compl(90,L) :- L=[[2, 1, 3], [3, 2, 1]].\nlabel_compl(91,L) :- L=[[3, 1, 2], [1, 2, 3]].\nlabel_compl(92,L) :- L=[[3, 1, 2], [2, 3, 1]].\nlabel_compl(93,L) :- L=[[2, 3, 1], [1, 2, 3]].\nlabel_compl(94,L) :- L=[[2, 3, 1], [3, 1, 2]].\nlabel_compl(95,L) :- L=[[3, 2, 1], [1, 3, 2]].\nlabel_compl(96,L) :- L=[[3, 2, 1], [2, 1, 3]].\nlabel_compl(97,L) :- L=[[1, 2, 3], [3, 1, 2]].\nlabel_compl(98,L) :- L=[[1, 2, 3], [2, 3, 1]].\nlabel_compl(99,L) :- L=[[1, 3, 2], [2, 1, 3]].\nlabel_compl(100,L) :- L=[[1, 3, 2], [3, 2, 1]].\nlabel_compl(101,L) :- L=[[2, 1, 3], [1, 3, 2]].\nlabel_compl(102,L) :- L=[[2, 1, 3], [3, 2, 1]].\nlabel_compl(103,L) :- L=[[3, 1, 2], [1, 2, 3]].\nlabel_compl(104,L) :- L=[[3, 1, 2], [2, 3, 1]].\nlabel_compl(105,L) :- L=[[2, 3, 1], [1, 2, 3]].\nlabel_compl(106,L) :- L=[[2, 3, 1], [3, 1, 2]].\nlabel_compl(107,L) :- L=[[3, 2, 1], [1, 3, 2]].\nlabel_compl(108,L) :- L=[[3, 2, 1], [2, 1, 3]].\n"}
#Accuracy 0.0
i,time,loss,ground_time,compile_time,eval_time
2,15.177766799926758,4.062622547149658,14.968509912490845,0.07349896430969238,0.06946802139282227
3,29.604458808898926,3.6425399780273438,14.219217777252197,0.07346415519714355,0.06433677673339844
4,44.16436767578125,1.8373991250991821,14.364668846130371,0.06747126579284668,0.0694279670715332
5,58.61567783355713,0.03485140949487686,14.247088193893433,0.0733330249786377,0.0644979476928711
6,73.4021999835968,1.4305124977909145e-06,14.648056030273438,0.07267308235168457,0.03834199905395508
7,87.8799569606781,0.0,14.330195903778076,0.07997393608093262,0.03886270523071289
8,102.2101309299469,0.0,14.188650131225586,0.07108306884765625,0.03706002235412598
9,116.07602286338806,0.0,13.776680946350098,0.01816415786743164,0.04146933555603027
10,130.42736101150513,0.0,14.252022981643677,0.02576303482055664,0.04001879692077637
11,144.57113981246948,0.0,14.040414094924927,0.02401590347290039,0.04378390312194824
12,158.8352768421173,0.0,14.169846057891846,0.021512985229492188,0.04138898849487305
13,173.26760601997375,0.0,14.331680059432983,0.025456905364990234,0.04111504554748535
14,187.44754362106323,0.0,14.09027886390686,0.020985126495361328,0.03944706916809082
15,201.62941980361938,0.0,14.09011197090149,0.02043294906616211,0.041635990142822266
16,216.3542857170105,0.0,14.638797044754028,0.0192568302154541,0.03890109062194824
17,230.03450679779053,0.0,13.586611986160278,0.01840519905090332,0.0390172004699707
18,244.09432172775269,0.0,13.972434997558594,0.019285917282104492,0.03866100311279297
19,257.9990978240967,0.0,13.819531917572021,0.018375873565673828,0.03912806510925293
20,272.06324768066406,0.0,13.97830605506897,0.01865410804748535,0.0391848087310791
21,286.05857586860657,0.0,13.902530908584595,0.018459796905517578,0.03924107551574707
22,300.13787174224854,0.0,13.988194942474365,0.018043041229248047,0.03951001167297363
23,314.2941937446594,0.0,14.063193082809448,0.021376848220825195,0.041810035705566406
24,328.4894938468933,0.0,14.099915981292725,0.020524978637695312,0.04518604278564453
25,342.6322486400604,0.0,14.050328016281128,0.018329858779907227,0.03977203369140625
26,356.7272398471832,0.0,13.998764991760254,0.026010751724243164,0.04128265380859375
27,356.7981197834015,0.0,14.968509912490845,0.07349896430969238,0.03452110290527344
28,357.2233018875122,0.0,14.219217777252197,0.07346415519714355,0.3955819606781006
29,357.2932929992676,0.0,14.364668846130371,0.06747126579284668,0.03310990333557129
30,357.36461067199707,0.0,14.247088193893433,0.0733330249786377,0.03328275680541992
31,357.4300878047943,0.0,14.648056030273438,0.07267308235168457,0.03245902061462402
32,357.4979567527771,0.0,14.330195903778076,0.07997393608093262,0.03176999092102051
33,357.56103682518005,0.0,14.188650131225586,0.07108306884765625,0.032681941986083984
34,357.62770199775696,0.0,13.776680946350098,0.01816415786743164,0.034841060638427734
35,357.69351863861084,0.0,14.252022981643677,0.02576303482055664,0.032022714614868164
36,357.7567777633667,0.0,14.040414094924927,0.02401590347290039,0.032678842544555664
37,357.82869601249695,0.0,14.169846057891846,0.021512985229492188,0.0350651741027832
38,357.89639377593994,0.0,14.331680059432983,0.025456905364990234,0.032852888107299805
39,357.9590446949005,0.0,14.09027886390686,0.020985126495361328,0.032507896423339844
40,358.02442479133606,0.0,14.09011197090149,0.02043294906616211,0.0324709415435791
41,358.0915148258209,0.0,14.638797044754028,0.0192568302154541,0.035169124603271484
42,358.1537117958069,0.0,13.586611986160278,0.01840519905090332,0.032412052154541016
43,358.22065782546997,0.0,13.972434997558594,0.019285917282104492,0.03377699851989746
44,358.28726983070374,0.0,13.819531917572021,0.018375873565673828,0.03488516807556152
45,358.3566966056824,0.0,13.97830605506897,0.01865410804748535,0.03386282920837402
46,358.4207706451416,0.0,13.902530908584595,0.018459796905517578,0.032959938049316406
47,358.4893627166748,0.0,13.988194942474365,0.018043041229248047,0.03439903259277344
48,358.5588037967682,0.0,14.063193082809448,0.021376848220825195,0.033846139907836914
49,358.63284397125244,0.0,14.099915981292725,0.020524978637695312,0.03310585021972656
50,358.69627690315247,0.0,14.050328016281128,0.018329858779907227,0.03356313705444336
51,358.7620689868927,0.0,13.998764991760254,0.026010751724243164,0.03337216377258301
52,358.8361337184906,0.0,14.968509912490845,0.07349896430969238,0.03276395797729492
53,358.90438294410706,0.0,14.219217777252197,0.07346415519714355,0.03487420082092285
54,358.97378873825073,0.0,14.364668846130371,0.06747126579284668,0.03324413299560547
55,359.0405569076538,0.0,14.247088193893433,0.0733330249786377,0.03386497497558594
56,359.1066837310791,0.0,14.648056030273438,0.07267308235168457,0.03389787673950195
57,359.171267747879,0.0,14.330195903778076,0.07997393608093262,0.03305673599243164
58,359.23690581321716,0.0,14.188650131225586,0.07108306884765625,0.03372383117675781
59,359.30094170570374,0.0,13.776680946350098,0.01816415786743164,0.03401613235473633
60,359.36678886413574,0.0,14.252022981643677,0.02576303482055664,0.03409695625305176
61,359.43230676651,0.0,14.040414094924927,0.02401590347290039,0.03346896171569824
62,359.5251467227936,0.0,14.169846057891846,0.021512985229492188,0.0349421501159668
63,359.5962176322937,0.0,14.331680059432983,0.025456905364990234,0.032557010650634766
64,359.66244292259216,0.0,14.09027886390686,0.020985126495361328,0.03382396697998047
65,359.7321457862854,0.0,14.09011197090149,0.02043294906616211,0.03540492057800293
66,359.79526591300964,0.0,14.638797044754028,0.0192568302154541,0.0344080924987793
67,359.8591728210449,0.0,13.586611986160278,0.01840519905090332,0.03391599655151367
68,359.92482686042786,0.0,13.972434997558594,0.019285917282104492,0.03480720520019531
69,359.9918746948242,0.0,13.819531917572021,0.018375873565673828,0.0324559211730957
70,360.05785489082336,0.0,13.97830605506897,0.01865410804748535,0.035041093826293945
71,360.1289258003235,0.0,13.902530908584595,0.018459796905517578,0.03318214416503906
72,360.1967828273773,0.0,13.988194942474365,0.018043041229248047,0.03284883499145508
73,360.26400566101074,0.0,14.063193082809448,0.021376848220825195,0.03540205955505371
74,360.33337783813477,0.0,14.099915981292725,0.020524978637695312,0.035032033920288086
75,360.39977073669434,0.0,14.050328016281128,0.018329858779907227,0.032782793045043945
76,360.46895575523376,0.0,13.998764991760254,0.026010751724243164,0.035222768783569336
77,360.53532004356384,0.0,14.968509912490845,0.07349896430969238,0.03606605529785156
78,360.60233879089355,0.0,14.219217777252197,0.07346415519714355,0.03464221954345703
79,360.67054891586304,0.0,14.364668846130371,0.06747126579284668,0.03494596481323242
80,360.7371048927307,0.0,14.247088193893433,0.0733330249786377,0.03325390815734863
81,360.8090867996216,0.0,14.648056030273438,0.07267308235168457,0.036355018615722656
82,360.87909483909607,0.0,14.330195903778076,0.07997393608093262,0.032984256744384766
83,360.9448046684265,0.0,14.188650131225586,0.07108306884765625,0.03313422203063965
84,361.01075983047485,0.0,13.776680946350098,0.01816415786743164,0.03323698043823242
85,361.07965064048767,0.0,14.252022981643677,0.02576303482055664,0.0326693058013916
86,361.14581394195557,0.0,14.040414094924927,0.02401590347290039,0.03295588493347168
87,361.2171108722687,0.0,14.169846057891846,0.021512985229492188,0.033267974853515625
88,361.28318095207214,0.0,14.331680059432983,0.025456905364990234,0.033056020736694336
89,361.3520278930664,0.0,14.09027886390686,0.020985126495361328,0.0335690975189209
90,361.41481590270996,0.0,14.09011197090149,0.02043294906616211,0.03212690353393555
91,361.47822284698486,0.0,14.638797044754028,0.0192568302154541,0.03441596031188965
92,361.5502858161926,0.0,13.586611986160278,0.01840519905090332,0.03351092338562012
93,361.62146401405334,0.0,13.972434997558594,0.019285917282104492,0.032833099365234375
94,361.6927978992462,0.0,13.819531917572021,0.018375873565673828,0.03437495231628418
95,361.75380182266235,0.0,13.97830605506897,0.01865410804748535,0.03247570991516113
96,361.82475185394287,0.0,13.902530908584595,0.018459796905517578,0.03665471076965332
97,361.8944637775421,0.0,13.988194942474365,0.018043041229248047,0.03430891036987305
98,361.9603970050812,0.0,14.063193082809448,0.021376848220825195,0.03287506103515625
99,362.03005266189575,0.0,14.099915981292725,0.020524978637695312,0.03453636169433594
100,362.1006226539612,0.0,14.050328016281128,0.018329858779907227,0.03264904022216797
101,362.16366386413574,0.0,13.998764991760254,0.026010751724243164,0.03445100784301758
102,362.229190826416,0.0,14.968509912490845,0.07349896430969238,0.03348708152770996
103,362.2945818901062,0.0,14.219217777252197,0.07346415519714355,0.032772064208984375
104,362.36194682121277,0.0,14.364668846130371,0.06747126579284668,0.032778024673461914
105,362.4362578392029,0.0,14.247088193893433,0.0733330249786377,0.03438591957092285
106,362.5117528438568,0.0,14.648056030273438,0.07267308235168457,0.034860849380493164
107,362.5849027633667,0.0,14.330195903778076,0.07997393608093262,0.035376787185668945
108,362.6521227359772,0.0,14.188650131225586,0.07108306884765625,0.032691001892089844
109,362.7229218482971,0.0,13.776680946350098,0.01816415786743164,0.03528332710266113
110,362.79162883758545,0.0,14.252022981643677,0.02576303482055664,0.035516977310180664
111,362.85769176483154,0.0,14.040414094924927,0.02401590347290039,0.03260397911071777
112,362.9221577644348,0.0,14.169846057891846,0.021512985229492188,0.03453707695007324
113,362.9898808002472,0.0,14.331680059432983,0.025456905364990234,0.033843994140625
114,363.05681467056274,0.0,14.09027886390686,0.020985126495361328,0.03407907485961914
115,363.1236288547516,0.0,14.09011197090149,0.02043294906616211,0.03384900093078613
116,363.1915318965912,0.0,14.638797044754028,0.0192568302154541,0.03383493423461914
117,363.2622027397156,0.0,13.586611986160278,0.01840519905090332,0.03360915184020996
118,363.33527088165283,0.0,13.972434997558594,0.019285917282104492,0.0342860221862793
119,363.40081882476807,0.0,13.819531917572021,0.018375873565673828,0.03479504585266113
120,363.47255873680115,0.0,13.97830605506897,0.01865410804748535,0.03329300880432129
121,363.53756380081177,0.0,13.902530908584595,0.018459796905517578,0.03485894203186035
122,363.6019639968872,0.0,13.988194942474365,0.018043041229248047,0.033100128173828125
123,363.66466665267944,0.0,14.063193082809448,0.021376848220825195,0.03425788879394531
124,363.72489380836487,0.0,14.099915981292725,0.020524978637695312,0.03206610679626465
125,363.7900068759918,0.0,14.050328016281128,0.018329858779907227,0.03299593925476074
126,363.8574478626251,0.0,13.998764991760254,0.026010751724243164,0.034372806549072266