#{"solver": {"engine": {"type": "ExactEngine"}, "semiring": "GraphSemiring"}, "networks": [{"name": "sudoku_net", "module": "Sudoku_Net(\n  (conv1): Conv2d(1, 32, kernel_size=(4, 4), stride=(1, 1))\n  (conv1_bn): BatchNorm2d(32, eps=1e-05, momentum=0.1, affine=True, track_running_stats=True)\n  (dropout1): Dropout(p=0.25, inplace=False)\n  (conv2): Conv2d(32, 64, kernel_size=(3, 3), stride=(2, 2))\n  (conv2_bn): BatchNorm2d(64, eps=1e-05, momentum=0.1, affine=True, track_running_stats=True)\n  (dropout2): Dropout(p=0.25, inplace=False)\n  (conv3): Conv2d(64, 128, kernel_size=(3, 3), stride=(2, 2))\n  (conv3_bn): BatchNorm2d(128, eps=1e-05, momentum=0.1, affine=True, track_running_stats=True)\n  (dropout3): Dropout(p=0.25, inplace=False)\n  (conv4): Conv2d(128, 256, kernel_size=(3, 3), stride=(1, 1))\n  (conv4_bn): BatchNorm2d(256, eps=1e-05, momentum=0.1, affine=True, track_running_stats=True)\n  (dropout4): Dropout(p=0.25, inplace=False)\n  (conv5): Conv2d(256, 512, kernel_size=(3, 3), stride=(1, 1))\n  (conv5_bn): BatchNorm2d(512, eps=1e-05, momentum=0.1, affine=True, track_running_stats=True)\n  (dropout5): Dropout(p=0.25, inplace=False)\n  (maxpool): MaxPool2d(kernel_size=6, stride=6, padding=0, dilation=1, ceil_mode=False)\n  (adaptive_avg_pool): AdaptiveAvgPool2d(output_size=(9, 9))\n  (conv1x1_1): Conv2d(512, 4, kernel_size=(1, 1), stride=(1, 1))\n  (conv1x1_2): Conv2d(512, 512, kernel_size=(1, 1), stride=(1, 1))\n  (conv1x1_3): Conv2d(512, 10, kernel_size=(1, 1), stride=(1, 1))\n  (fc1): Linear(in_features=41472, out_features=810, bias=True)\n)", "optimizer": "Adam (\nParameter Group 0\n    amsgrad: False\n    betas: (0.9, 0.999)\n    capturable: False\n    differentiable: False\n    eps: 1e-08\n    foreach: None\n    fused: None\n    lr: 0.001\n    maximize: False\n    weight_decay: 0\n)", "k": null}], "program": ":- use_module(library(lists)).\n:- use_module(library(apply)).\nnn(sudoku_net,[X, R, C],Y,[0, 1, 2, 3])::digit(X,R,C,Y).\ncreateFake2x3(X,[[D1, D2, D3], [D4, D5, D6]]) :- digit(X,1,1,D1), digit(X,1,2,D2), digit(X,1,3,D3), digit(X,2,1,D4), digit(X,2,2,D5), digit(X,2,3,D6).\ngiveRightNumber(0,_).\ngiveRightNumber(FH,FH).\nrealColumns([],[]).\nrealColumns(FakeCol,Col) :- FakeCol=[FH | FT], Col=[H | T], giveRightNumber(FH,H), realColumns(FT,T).\nrealRows([],[]).\nrealRows(FakeRows,Rows) :- FakeRows=[FH | FT], Rows=[H | T], realColumns(FH,H), realRows(FT,T).\ninList(X,[X | _]).\ninList(X,[_ | Tail]) :- inList(X,Tail).\nlistInList([],_).\nlistInList([H | T],L) :- inList(H,L), listInList(T,L).\nallDiff([]).\nallDiff([X | Tail]) :- \\+inList(X,Tail), allDiff(Tail).\ntranspose([[] | _],[]).\ntranspose(Matrix,[Row | Rows]) :- transpose_1st_col(Matrix,Row,RestMatrix), transpose(RestMatrix,Rows).\ntranspose_1st_col([],[],[]).\ntranspose_1st_col([[H | T] | Rows],[H | Hs],[T | Ts]) :- transpose_1st_col(Rows,Hs,Ts).\nsolve2x3_both(X,Label) :- createFake2x3(X,Fake), realRows(Fake,Rows), maplist(listInList([1, 2, 3]),Rows), maplist(allDiff,Rows), transpose(Rows,Columns), maplist(allDiff,Columns), label_empty(Label,Fake), label_compl(Label,Rows).\nsolve2x3_empty(X,Label) :- createFake2x3(X,Fake), realRows(Fake,Rows), maplist(listInList([1, 2, 3]),Rows), maplist(allDiff,Rows), transpose(Rows,Columns), maplist(allDiff,Columns), label_empty(Label,Fake).\nsolve2x3_compl(X,Label) :- createFake2x3(X,Fake), realRows(Fake,Rows), maplist(listInList([1, 2, 3]),Rows), maplist(allDiff,Rows), transpose(Rows,Columns), maplist(allDiff,Columns), label_compl(Label,Rows).\nlabel_empty(1,L) :- L=[[1, 0, 0], [0, 1, 2]].\nlabel_empty(2,L) :- L=[[1, 0, 0], [0, 3, 1]].\nlabel_empty(3,L) :- L=[[1, 0, 0], [0, 1, 3]].\nlabel_empty(4,L) :- L=[[1, 0, 0], [0, 2, 1]].\nlabel_empty(5,L) :- L=[[2, 0, 0], [0, 3, 2]].\nlabel_empty(6,L) :- L=[[2, 0, 0], [0, 2, 1]].\nlabel_empty(7,L) :- L=[[3, 0, 0], [0, 2, 3]].\nlabel_empty(8,L) :- L=[[3, 0, 0], [0, 3, 1]].\nlabel_empty(9,L) :- L=[[2, 0, 0], [0, 2, 3]].\nlabel_empty(10,L) :- L=[[2, 0, 0], [0, 1, 2]].\nlabel_empty(11,L) :- L=[[3, 0, 0], [0, 3, 2]].\nlabel_empty(12,L) :- L=[[3, 0, 0], [0, 1, 3]].\nlabel_empty(13,L) :- L=[[0, 2, 3], [0, 0, 2]].\nlabel_empty(14,L) :- L=[[0, 2, 3], [0, 0, 1]].\nlabel_empty(15,L) :- L=[[0, 3, 2], [0, 0, 3]].\nlabel_empty(16,L) :- L=[[0, 3, 2], [0, 0, 1]].\nlabel_empty(17,L) :- L=[[0, 1, 3], [0, 0, 2]].\nlabel_empty(18,L) :- L=[[0, 1, 3], [0, 0, 1]].\nlabel_empty(19,L) :- L=[[0, 1, 2], [0, 0, 3]].\nlabel_empty(20,L) :- L=[[0, 1, 2], [0, 0, 1]].\nlabel_empty(21,L) :- L=[[0, 3, 1], [0, 0, 3]].\nlabel_empty(22,L) :- L=[[0, 3, 1], [0, 0, 2]].\nlabel_empty(23,L) :- L=[[0, 2, 1], [0, 0, 2]].\nlabel_empty(24,L) :- L=[[0, 2, 1], [0, 0, 3]].\nlabel_empty(25,L) :- L=[[0, 0, 3], [3, 1, 0]].\nlabel_empty(26,L) :- L=[[0, 0, 3], [2, 3, 0]].\nlabel_empty(27,L) :- L=[[0, 0, 2], [2, 1, 0]].\nlabel_empty(28,L) :- L=[[0, 0, 2], [3, 2, 0]].\nlabel_empty(29,L) :- L=[[0, 0, 3], [1, 3, 0]].\nlabel_empty(30,L) :- L=[[0, 0, 3], [3, 2, 0]].\nlabel_empty(31,L) :- L=[[0, 0, 2], [1, 2, 0]].\nlabel_empty(32,L) :- L=[[0, 0, 2], [2, 3, 0]].\nlabel_empty(33,L) :- L=[[0, 0, 1], [1, 2, 0]].\nlabel_empty(34,L) :- L=[[0, 0, 1], [3, 1, 0]].\nlabel_empty(35,L) :- L=[[0, 0, 1], [1, 3, 0]].\nlabel_empty(36,L) :- L=[[0, 0, 1], [2, 1, 0]].\nlabel_empty(37,L) :- L=[[1, 0, 0], [3, 1, 0]].\nlabel_empty(38,L) :- L=[[1, 0, 0], [2, 3, 0]].\nlabel_empty(39,L) :- L=[[1, 0, 0], [2, 1, 0]].\nlabel_empty(40,L) :- L=[[1, 0, 0], [3, 2, 0]].\nlabel_empty(41,L) :- L=[[2, 0, 0], [1, 3, 0]].\nlabel_empty(42,L) :- L=[[2, 0, 0], [3, 2, 0]].\nlabel_empty(43,L) :- L=[[3, 0, 0], [1, 2, 0]].\nlabel_empty(44,L) :- L=[[3, 0, 0], [2, 3, 0]].\nlabel_empty(45,L) :- L=[[2, 0, 0], [1, 2, 0]].\nlabel_empty(46,L) :- L=[[2, 0, 0], [3, 1, 0]].\nlabel_empty(47,L) :- L=[[3, 0, 0], [1, 3, 0]].\nlabel_empty(48,L) :- L=[[3, 0, 0], [2, 1, 0]].\nlabel_empty(49,L) :- L=[[1, 0, 3], [3, 0, 0]].\nlabel_empty(50,L) :- L=[[1, 0, 3], [2, 0, 0]].\nlabel_empty(51,L) :- L=[[1, 0, 2], [2, 0, 0]].\nlabel_empty(52,L) :- L=[[1, 0, 2], [3, 0, 0]].\nlabel_empty(53,L) :- L=[[2, 0, 3], [1, 0, 0]].\nlabel_empty(54,L) :- L=[[2, 0, 3], [3, 0, 0]].\nlabel_empty(55,L) :- L=[[3, 0, 2], [1, 0, 0]].\nlabel_empty(56,L) :- L=[[3, 0, 2], [2, 0, 0]].\nlabel_empty(57,L) :- L=[[2, 0, 1], [1, 0, 0]].\nlabel_empty(58,L) :- L=[[2, 0, 1], [3, 0, 0]].\nlabel_empty(59,L) :- L=[[3, 0, 1], [1, 0, 0]].\nlabel_empty(60,L) :- L=[[3, 0, 1], [2, 0, 0]].\nlabel_empty(61,L) :- L=[[0, 2, 0], [3, 0, 2]].\nlabel_empty(62,L) :- L=[[0, 2, 0], [2, 0, 1]].\nlabel_empty(63,L) :- L=[[0, 3, 0], [2, 0, 3]].\nlabel_empty(64,L) :- L=[[0, 3, 0], [3, 0, 1]].\nlabel_empty(65,L) :- L=[[0, 1, 0], [1, 0, 2]].\nlabel_empty(66,L) :- L=[[0, 1, 0], [3, 0, 1]].\nlabel_empty(67,L) :- L=[[0, 1, 0], [1, 0, 3]].\nlabel_empty(68,L) :- L=[[0, 1, 0], [2, 0, 1]].\nlabel_empty(69,L) :- L=[[0, 3, 0], [1, 0, 3]].\nlabel_empty(70,L) :- L=[[0, 3, 0], [3, 0, 2]].\nlabel_empty(71,L) :- L=[[0, 2, 0], [1, 0, 2]].\nlabel_empty(72,L) :- L=[[0, 2, 0], [2, 0, 3]].\nlabel_empty(73,L) :- L=[[1, 0, 3], [0, 1, 0]].\nlabel_empty(74,L) :- L=[[1, 0, 3], [0, 3, 0]].\nlabel_empty(75,L) :- L=[[1, 0, 2], [0, 1, 0]].\nlabel_empty(76,L) :- L=[[1, 0, 2], [0, 2, 0]].\nlabel_empty(77,L) :- L=[[2, 0, 3], [0, 3, 0]].\nlabel_empty(78,L) :- L=[[2, 0, 3], [0, 2, 0]].\nlabel_empty(79,L) :- L=[[3, 0, 2], [0, 2, 0]].\nlabel_empty(80,L) :- L=[[3, 0, 2], [0, 3, 0]].\nlabel_empty(81,L) :- L=[[2, 0, 1], [0, 2, 0]].\nlabel_empty(82,L) :- L=[[2, 0, 1], [0, 1, 0]].\nlabel_empty(83,L) :- L=[[3, 0, 1], [0, 3, 0]].\nlabel_empty(84,L) :- L=[[3, 0, 1], [0, 1, 0]].\nlabel_empty(85,L) :- L=[[1, 0, 3], [0, 0, 2]].\nlabel_empty(86,L) :- L=[[1, 0, 3], [0, 0, 1]].\nlabel_empty(87,L) :- L=[[1, 0, 2], [0, 0, 3]].\nlabel_empty(88,L) :- L=[[1, 0, 2], [0, 0, 1]].\nlabel_empty(89,L) :- L=[[2, 0, 3], [0, 0, 2]].\nlabel_empty(90,L) :- L=[[2, 0, 3], [0, 0, 1]].\nlabel_empty(91,L) :- L=[[3, 0, 2], [0, 0, 3]].\nlabel_empty(92,L) :- L=[[3, 0, 2], [0, 0, 1]].\nlabel_empty(93,L) :- L=[[2, 0, 1], [0, 0, 3]].\nlabel_empty(94,L) :- L=[[2, 0, 1], [0, 0, 2]].\nlabel_empty(95,L) :- L=[[3, 0, 1], [0, 0, 2]].\nlabel_empty(96,L) :- L=[[3, 0, 1], [0, 0, 3]].\nlabel_empty(97,L) :- L=[[0, 2, 0], [0, 1, 2]].\nlabel_empty(98,L) :- L=[[0, 2, 0], [0, 3, 1]].\nlabel_empty(99,L) :- L=[[0, 3, 0], [0, 1, 3]].\nlabel_empty(100,L) :- L=[[0, 3, 0], [0, 2, 1]].\nlabel_empty(101,L) :- L=[[0, 1, 0], [0, 3, 2]].\nlabel_empty(102,L) :- L=[[0, 1, 0], [0, 2, 1]].\nlabel_empty(103,L) :- L=[[0, 1, 0], [0, 2, 3]].\nlabel_empty(104,L) :- L=[[0, 1, 0], [0, 3, 1]].\nlabel_empty(105,L) :- L=[[0, 3, 0], [0, 2, 3]].\nlabel_empty(106,L) :- L=[[0, 3, 0], [0, 1, 2]].\nlabel_empty(107,L) :- L=[[0, 2, 0], [0, 3, 2]].\nlabel_empty(108,L) :- L=[[0, 2, 0], [0, 1, 3]].\nlabel_compl(1,L) :- L=[[1, 2, 3], [3, 1, 2]].\nlabel_compl(2,L) :- L=[[1, 2, 3], [2, 3, 1]].\nlabel_compl(3,L) :- L=[[1, 3, 2], [2, 1, 3]].\nlabel_compl(4,L) :- L=[[1, 3, 2], [3, 2, 1]].\nlabel_compl(5,L) :- L=[[2, 1, 3], [1, 3, 2]].\nlabel_compl(6,L) :- L=[[2, 1, 3], [3, 2, 1]].\nlabel_compl(7,L) :- L=[[3, 1, 2], [1, 2, 3]].\nlabel_compl(8,L) :- L=[[3, 1, 2], [2, 3, 1]].\nlabel_compl(9,L) :- L=[[2, 3, 1], [1, 2, 3]].\nlabel_compl(10,L) :- L=[[2, 3, 1], [3, 1, 2]].\nlabel_compl(11,L) :- L=[[3, 2, 1], [1, 3, 2]].\nlabel_compl(12,L) :- L=[[3, 2, 1], [2, 1, 3]].\nlabel_compl(13,L) :- L=[[1, 2, 3], [3, 1, 2]].\nlabel_compl(14,L) :- L=[[1, 2, 3], [2, 3, 1]].\nlabel_compl(15,L) :- L=[[1, 3, 2], [2, 1, 3]].\nlabel_compl(16,L) :- L=[[1, 3, 2], [3, 2, 1]].\nlabel_compl(17,L) :- L=[[2, 1, 3], [1, 3, 2]].\nlabel_compl(18,L) :- L=[[2, 1, 3], [3, 2, 1]].\nlabel_compl(19,L) :- L=[[3, 1, 2], [1, 2, 3]].\nlabel_compl(20,L) :- L=[[3, 1, 2], [2, 3, 1]].\nlabel_compl(21,L) :- L=[[2, 3, 1], [1, 2, 3]].\nlabel_compl(22,L) :- L=[[2, 3, 1], [3, 1, 2]].\nlabel_compl(23,L) :- L=[[3, 2, 1], [1, 3, 2]].\nlabel_compl(24,L) :- L=[[3, 2, 1], [2, 1, 3]].\nlabel_compl(25,L) :- L=[[1, 2, 3], [3, 1, 2]].\nlabel_compl(26,L) :- L=[[1, 2, 3], [2, 3, 1]].\nlabel_compl(27,L) :- L=[[1, 3, 2], [2, 1, 3]].\nlabel_compl(28,L) :- L=[[1, 3, 2], [3, 2, 1]].\nlabel_compl(29,L) :- L=[[2, 1, 3], [1, 3, 2]].\nlabel_compl(30,L) :- L=[[2, 1, 3], [3, 2, 1]].\nlabel_compl(31,L) :- L=[[3, 1, 2], [1, 2, 3]].\nlabel_compl(32,L) :- L=[[3, 1, 2], [2, 3, 1]].\nlabel_compl(33,L) :- L=[[2, 3, 1], [1, 2, 3]].\nlabel_compl(34,L) :- L=[[2, 3, 1], [3, 1, 2]].\nlabel_compl(35,L) :- L=[[3, 2, 1], [1, 3, 2]].\nlabel_compl(36,L) :- L=[[3, 2, 1], [2, 1, 3]].\nlabel_compl(37,L) :- L=[[1, 2, 3], [3, 1, 2]].\nlabel_compl(38,L) :- L=[[1, 2, 3], [2, 3, 1]].\nlabel_compl(39,L) :- L=[[1, 3, 2], [2, 1, 3]].\nlabel_compl(40,L) :- L=[[1, 3, 2], [3, 2, 1]].\nlabel_compl(41,L) :- L=[[2, 1, 3], [1, 3, 2]].\nlabel_compl(42,L) :- L=[[2, 1, 3], [3, 2, 1]].\nlabel_compl(43,L) :- L=[[3, 1, 2], [1, 2, 3]].\nlabel_compl(44,L) :- L=[[3, 1, 2], [2, 3, 1]].\nlabel_compl(45,L) :- L=[[2, 3, 1], [1, 2, 3]].\nlabel_compl(46,L) :- L=[[2, 3, 1], [3, 1, 2]].\nlabel_compl(47,L) :- L=[[3, 2, 1], [1, 3, 2]].\nlabel_compl(48,L) :- L=[[3, 2, 1], [2, 1, 3]].\nlabel_compl(49,L) :- L=[[1, 2, 3], [3, 1, 2]].\nlabel_compl(50,L) :- L=[[1, 2, 3], [2, 3, 1]].\nlabel_compl(51,L) :- L=[[1, 3, 2], [2, 1, 3]].\nlabel_compl(52,L) :- L=[[1, 3, 2], [3, 2, 1]].\nlabel_compl(53,L) :- L=[[2, 1, 3], [1, 3, 2]].\nlabel_compl(54,L) :- L=[[2, 1, 3], [3, 2, 1]].\nlabel_compl(55,L) :- L=[[3, 1, 2], [1, 2, 3]].\nlabel_compl(56,L) :- L=[[3, 1, 2], [2, 3, 1]].\nlabel_compl(57,L) :- L=[[2, 3, 1], [1, 2, 3]].\nlabel_compl(58,L) :- L=[[2, 3, 1], [3, 1, 2]].\nlabel_compl(59,L) :- L=[[3, 2, 1], [1, 3, 2]].\nlabel_compl(60,L) :- L=[[3, 2, 1], [2, 1, 3]].\nlabel_compl(61,L) :- L=[[1, 2, 3], [3, 1, 2]].\nlabel_compl(62,L) :- L=[[1, 2, 3], [2, 3, 1]].\nlabel_compl(63,L) :- L=[[1, 3, 2], [2, 1, 3]].\nlabel_compl(64,L) :- L=[[1, 3, 2], [3, 2, 1]].\nlabel_compl(65,L) :- L=[[2, 1, 3], [1, 3, 2]].\nlabel_compl(66,L) :- L=[[2, 1, 3], [3, 2, 1]].\nlabel_compl(67,L) :- L=[[3, 1, 2], [1, 2, 3]].\nlabel_compl(68,L) :- L=[[3, 1, 2], [2, 3, 1]].\nlabel_compl(69,L) :- L=[[2, 3, 1], [1, 2, 3]].\nlabel_compl(70,L) :- L=[[2, 3, 1], [3, 1, 2]].\nlabel_compl(71,L) :- L=[[3, 2, 1], [1, 3, 2]].\nlabel_compl(72,L) :- L=[[3, 2, 1], [2, 1, 3]].\nlabel_compl(73,L) :- L=[[1, 2, 3], [3, 1, 2]].\nlabel_compl(74,L) :- L=[[1, 2, 3], [2, 3, 1]].\nlabel_compl(75,L) :- L=[[1, 3, 2], [2, 1, 3]].\nlabel_compl(76,L) :- L=[[1, 3, 2], [3, 2, 1]].\nlabel_compl(77,L) :- L=[[2, 1, 3], [1, 3, 2]].\nlabel_compl(78,L) :- L=[[2, 1, 3], [3, 2, 1]].\nlabel_compl(79,L) :- L=[[3, 1, 2], [1, 2, 3]].\nlabel_compl(80,L) :- L=[[3, 1, 2], [2, 3, 1]].\nlabel_compl(81,L) :- L=[[2, 3, 1], [1, 2, 3]].\nlabel_compl(82,L) :- L=[[2, 3, 1], [3, 1, 2]].\nlabel_compl(83,L) :- L=[[3, 2, 1], [1, 3, 2]].\nlabel_compl(84,L) :- L=[[3, 2, 1], [2, 1, 3]].\nlabel_compl(85,L) :- L=[[1, 2, 3], [3, 1, 2]].\nlabel_compl(86,L) :- L=[[1, 2, 3], [2, 3, 1]].\nlabel_compl(87,L) :- L=[[1, 3, 2], [2, 1, 3]].\nlabel_compl(88,L) :- L=[[1, 3, 2], [3, 2, 1]].\nlabel_compl(89,L) :- L=[[2, 1, 3], [1, 3, 2]].\nlabel_compl(90,L) :- L=[[2, 1, 3], [3, 2, 1]].\nlabel_compl(91,L) :- L=[[3, 1, 2], [1, 2, 3]].\nlabel_compl(92,L) :- L=[[3, 1, 2], [2, 3, 1]].\nlabel_compl(93,L) :- L=[[2, 3, 1], [1, 2, 3]].\nlabel_compl(94,L) :- L=[[2, 3, 1], [3, 1, 2]].\nlabel_compl(95,L) :- L=[[3, 2, 1], [1, 3, 2]].\nlabel_compl(96,L) :- L=[[3, 2, 1], [2, 1, 3]].\nlabel_compl(97,L) :- L=[[1, 2, 3], [3, 1, 2]].\nlabel_compl(98,L) :- L=[[1, 2, 3], [2, 3, 1]].\nlabel_compl(99,L) :- L=[[1, 3, 2], [2, 1, 3]].\nlabel_compl(100,L) :- L=[[1, 3, 2], [3, 2, 1]].\nlabel_compl(101,L) :- L=[[2, 1, 3], [1, 3, 2]].\nlabel_compl(102,L) :- L=[[2, 1, 3], [3, 2, 1]].\nlabel_compl(103,L) :- L=[[3, 1, 2], [1, 2, 3]].\nlabel_compl(104,L) :- L=[[3, 1, 2], [2, 3, 1]].\nlabel_compl(105,L) :- L=[[2, 3, 1], [1, 2, 3]].\nlabel_compl(106,L) :- L=[[2, 3, 1], [3, 1, 2]].\nlabel_compl(107,L) :- L=[[3, 2, 1], [1, 3, 2]].\nlabel_compl(108,L) :- L=[[3, 2, 1], [2, 1, 3]].\n"}
#Accuracy 0.0
i,time,loss,ground_time,compile_time,eval_time
2,14.281485795974731,4.249205589294434,14.072888135910034,0.07800602912902832,0.06249499320983887
3,28.59555459022522,3.8853774070739746,14.09922480583191,0.08226299285888672,0.06427788734436035
4,42.844029903411865,2.560494899749756,14.032482147216797,0.08793520927429199,0.06531524658203125
5,57.17088055610657,0.22688886523246765,14.096657991409302,0.09348201751708984,0.06289815902709961
6,71.46175479888916,5.996406980557367e-05,14.103266716003418,0.08407092094421387,0.04988598823547363
7,85.62300276756287,0.0,14.008355140686035,0.08505702018737793,0.03649187088012695
8,99.81997895240784,0.0,14.04463505744934,0.08700084686279297,0.03764200210571289
9,114.04920291900635,0.0,14.129562139511108,0.024397850036621094,0.03896903991699219
10,127.78316593170166,0.0,13.641388893127441,0.021375179290771484,0.04094886779785156
11,142.00778675079346,0.0,14.122090816497803,0.02184605598449707,0.038033246994018555
12,156.00126385688782,0.0,13.907908916473389,0.018642187118530273,0.03979206085205078
13,169.9008069038391,0.0,13.81540298461914,0.018595218658447266,0.03879523277282715
14,183.74575781822205,0.0,13.752600193023682,0.01860499382019043,0.0383601188659668
15,197.77602672576904,0.0,13.93714165687561,0.019123077392578125,0.03932690620422363
16,211.37158679962158,0.0,13.508756160736084,0.018162012100219727,0.038414716720581055
17,225.25160384178162,0.0,13.797246932983398,0.01900506019592285,0.038474082946777344
18,239.20474481582642,0.0,13.864048957824707,0.019077777862548828,0.038620948791503906
19,252.97636079788208,0.0,13.692320823669434,0.01776409149169922,0.038256168365478516
20,266.1168546676636,0.0,13.061574220657349,0.017549991607666016,0.038938045501708984
21,279.1533455848694,0.0,12.956528902053833,0.017607927322387695,0.03896665573120117
22,292.37997579574585,0.0,13.148030996322632,0.017660140991210938,0.038671255111694336
23,305.5980055332184,0.0,13.137770175933838,0.01766514778137207,0.03862881660461426
24,318.89971256256104,0.0,13.222342729568481,0.017464160919189453,0.03922581672668457
25,331.98001074790955,0.0,12.998456001281738,0.01771688461303711,0.03817415237426758
26,345.2309498786926,0.0,13.167555093765259,0.018260955810546875,0.03883814811706543
27,345.2921607494354,0.0,14.072888135910034,0.07800602912902832,0.031861066818237305
28,345.35385274887085,0.0,14.09922480583191,0.08226299285888672,0.031684160232543945
29,345.41975569725037,0.0,14.032482147216797,0.08793520927429199,0.032102108001708984
30,345.4803955554962,0.0,14.096657991409302,0.09348201751708984,0.03199410438537598
31,345.5452468395233,0.0,14.103266716003418,0.08407092094421387,0.03181123733520508
32,345.61027097702026,0.0,14.008355140686035,0.08505702018737793,0.03156399726867676
33,345.66918087005615,0.0,14.04463505744934,0.08700084686279297,0.03189826011657715
34,345.73005270957947,0.0,14.129562139511108,0.024397850036621094,0.03200101852416992
35,345.79623675346375,0.0,13.641388893127441,0.021375179290771484,0.03183698654174805
36,345.85932064056396,0.0,14.122090816497803,0.02184605598449707,0.03197193145751953
37,345.918643951416,0.0,13.907908916473389,0.018642187118530273,0.03194689750671387
38,345.98159670829773,0.0,13.81540298461914,0.018595218658447266,0.03164505958557129
39,346.040789604187,0.0,13.752600193023682,0.01860499382019043,0.03170156478881836
40,346.10134983062744,0.0,13.93714165687561,0.019123077392578125,0.03172707557678223
41,346.166042804718,0.0,13.508756160736084,0.018162012100219727,0.03134894371032715
42,346.22607684135437,0.0,13.797246932983398,0.01900506019592285,0.03205418586730957
43,346.2898507118225,0.0,13.864048957824707,0.019077777862548828,0.03217506408691406
44,346.3510205745697,0.0,13.692320823669434,0.01776409149169922,0.031707048416137695
45,346.4118227958679,0.0,13.061574220657349,0.017549991607666016,0.032082319259643555
46,346.4739737510681,0.0,12.956528902053833,0.017607927322387695,0.03181600570678711
47,346.5326006412506,0.0,13.148030996322632,0.017660140991210938,0.031533002853393555
48,346.5936026573181,0.0,13.137770175933838,0.01766514778137207,0.03200221061706543
49,346.65517687797546,0.0,13.222342729568481,0.017464160919189453,0.03159785270690918
50,346.7156038284302,0.0,12.998456001281738,0.01771688461303711,0.03181195259094238
51,346.7737047672272,0.0,13.167555093765259,0.018260955810546875,0.03168892860412598
52,346.83459973335266,0.0,14.072888135910034,0.07800602912902832,0.03191232681274414
53,346.90412163734436,0.0,14.09922480583191,0.08226299285888672,0.032054901123046875
54,346.96619176864624,0.0,14.032482147216797,0.08793520927429199,0.03202986717224121
55,347.0252437591553,0.0,14.096657991409302,0.09348201751708984,0.031442880630493164
56,347.08548188209534,0.0,14.103266716003418,0.08407092094421387,0.0317540168762207
57,347.14769172668457,0.0,14.008355140686035,0.08505702018737793,0.03138089179992676
58,347.2042758464813,0.0,14.04463505744934,0.08700084686279297,0.03218698501586914
59,347.26442074775696,0.0,14.129562139511108,0.024397850036621094,0.032025814056396484
60,347.32318687438965,0.0,13.641388893127441,0.021375179290771484,0.03195500373840332
61,347.38643884658813,0.0,14.122090816497803,0.02184605598449707,0.031416893005371094
62,347.4466247558594,0.0,13.907908916473389,0.018642187118530273,0.03159189224243164
63,347.50655794143677,0.0,13.81540298461914,0.018595218658447266,0.0321500301361084
64,347.5788469314575,0.0,13.752600193023682,0.01860499382019043,0.031514883041381836
65,347.6376986503601,0.0,13.93714165687561,0.019123077392578125,0.031722068786621094
66,347.69883489608765,0.0,13.508756160736084,0.018162012100219727,0.03154921531677246
67,347.75501680374146,0.0,13.797246932983398,0.01900506019592285,0.03184390068054199
68,347.8143606185913,0.0,13.864048957824707,0.019077777862548828,0.03180408477783203
69,347.87608671188354,0.0,13.692320823669434,0.01776409149169922,0.03160214424133301
70,347.934428691864,0.0,13.061574220657349,0.017549991607666016,0.03184795379638672
71,347.99628472328186,0.0,12.956528902053833,0.017607927322387695,0.03139376640319824
72,348.0558006763458,0.0,13.148030996322632,0.017660140991210938,0.03202104568481445
73,348.1181366443634,0.0,13.137770175933838,0.01766514778137207,0.03204917907714844
74,348.1789026260376,0.0,13.222342729568481,0.017464160919189453,0.0321040153503418
75,348.2376518249512,0.0,12.998456001281738,0.01771688461303711,0.03212904930114746
76,348.2971956729889,0.0,13.167555093765259,0.018260955810546875,0.032187700271606445
77,348.3565607070923,0.0,14.072888135910034,0.07800602912902832,0.03156399726867676
78,348.415442943573,0.0,14.09922480583191,0.08226299285888672,0.03159284591674805
79,348.4770517349243,0.0,14.032482147216797,0.08793520927429199,0.03192615509033203
80,348.5418486595154,0.0,14.096657991409302,0.09348201751708984,0.03173089027404785
81,348.6033489704132,0.0,14.103266716003418,0.08407092094421387,0.03156304359436035
82,348.665531873703,0.0,14.008355140686035,0.08505702018737793,0.031581878662109375
83,348.72572779655457,0.0,14.04463505744934,0.08700084686279297,0.03195810317993164
84,348.7883629798889,0.0,14.129562139511108,0.024397850036621094,0.03168010711669922
85,348.8552827835083,0.0,13.641388893127441,0.021375179290771484,0.03172588348388672
86,348.9198167324066,0.0,14.122090816497803,0.02184605598449707,0.03153800964355469
87,348.98392486572266,0.0,13.907908916473389,0.018642187118530273,0.032048940658569336
88,349.04543375968933,0.0,13.81540298461914,0.018595218658447266,0.0319521427154541
89,349.10624170303345,0.0,13.752600193023682,0.01860499382019043,0.031726837158203125
90,349.1684899330139,0.0,13.93714165687561,0.019123077392578125,0.03151059150695801
91,349.2327787876129,0.0,13.508756160736084,0.018162012100219727,0.03185677528381348
92,349.29503774642944,0.0,13.797246932983398,0.01900506019592285,0.031546831130981445
93,349.35414576530457,0.0,13.864048957824707,0.019077777862548828,0.03135800361633301
94,349.418203830719,0.0,13.692320823669434,0.01776409149169922,0.03278470039367676
95,349.4803478717804,0.0,13.061574220657349,0.017549991607666016,0.031796932220458984
96,349.5412528514862,0.0,12.956528902053833,0.017607927322387695,0.03162384033203125
97,349.60880064964294,0.0,13.148030996322632,0.017660140991210938,0.0317530632019043
98,349.67889165878296,0.0,13.137770175933838,0.01766514778137207,0.03170514106750488
99,349.7377257347107,0.0,13.222342729568481,0.017464160919189453,0.03195786476135254
100,349.79773688316345,0.0,12.998456001281738,0.01771688461303711,0.03161907196044922
101,349.85695362091064,0.0,13.167555093765259,0.018260955810546875,0.03151893615722656
102,349.92207169532776,0.0,14.072888135910034,0.07800602912902832,0.03154492378234863
103,349.98508071899414,0.0,14.09922480583191,0.08226299285888672,0.031607866287231445
104,350.0476858615875,0.0,14.032482147216797,0.08793520927429199,0.03217196464538574
105,350.11211681365967,0.0,14.096657991409302,0.09348201751708984,0.03190875053405762
106,350.1750748157501,0.0,14.103266716003418,0.08407092094421387,0.03240203857421875
107,350.23545598983765,0.0,14.008355140686035,0.08505702018737793,0.031571149826049805
108,350.2993919849396,0.0,14.04463505744934,0.08700084686279297,0.03287816047668457
109,350.36402463912964,0.0,14.129562139511108,0.024397850036621094,0.03192281723022461
110,350.42898082733154,0.0,13.641388893127441,0.021375179290771484,0.03189396858215332
111,350.49181962013245,0.0,14.122090816497803,0.02184605598449707,0.03162717819213867
112,350.5562229156494,0.0,13.907908916473389,0.018642187118530273,0.03213381767272949
113,350.6221477985382,0.0,13.81540298461914,0.018595218658447266,0.03154301643371582
114,350.68295192718506,0.0,13.752600193023682,0.01860499382019043,0.031671762466430664
115,350.7427167892456,0.0,13.93714165687561,0.019123077392578125,0.032114267349243164
116,350.80101466178894,0.0,13.508756160736084,0.018162012100219727,0.03168320655822754
117,350.86302065849304,0.0,13.797246932983398,0.01900506019592285,0.031672000885009766
118,350.9212396144867,0.0,13.864048957824707,0.019077777862548828,0.031725168228149414
119,350.98241996765137,0.0,13.692320823669434,0.01776409149169922,0.03173494338989258
120,351.0472867488861,0.0,13.061574220657349,0.017549991607666016,0.03153514862060547
121,351.1052408218384,0.0,12.956528902053833,0.017607927322387695,0.031717777252197266
122,351.1687638759613,0.0,13.148030996322632,0.017660140991210938,0.03313875198364258
123,351.2361397743225,0.0,13.137770175933838,0.01766514778137207,0.03259706497192383
124,351.30093479156494,0.0,13.222342729568481,0.017464160919189453,0.03170895576477051
125,351.3667278289795,0.0,12.998456001281738,0.01771688461303711,0.03178715705871582
126,351.42587876319885,0.0,13.167555093765259,0.018260955810546875,0.03185296058654785